{"target": 7.403639793395996, "params": {"bins": 234.3459335190553, "fmin": 39.63537078803809}, "datetime": {"datetime": "2021-05-03 06:04:53", "elapsed": 8723.893103, "delta": 75.849479}}
{"target": 7.387984752655029, "params": {"bins": 240.3633023783607, "fmin": 40.22898303124177}, "datetime": {"datetime": "2021-05-03 06:06:10", "elapsed": 8800.2374, "delta": 76.344297}}
{"target": 7.3557047843933105, "params": {"bins": 236.095056627119, "fmin": 44.58638307411747}, "datetime": {"datetime": "2021-05-03 06:07:25", "elapsed": 8875.786316, "delta": 75.548916}}
{"target": 7.368365287780762, "params": {"bins": 241.3974678023898, "fmin": 45.80926812375791}, "datetime": {"datetime": "2021-05-03 06:08:42", "elapsed": 8952.130307, "delta": 76.343991}}
{"target": 7.414912223815918, "params": {"bins": 237.88952851699133, "fmin": 50.305087309364524}, "datetime": {"datetime": "2021-05-03 06:09:58", "elapsed": 9028.548419, "delta": 76.418112}}
{"target": 7.411067485809326, "params": {"bins": 245.57149495414433, "fmin": 39.1331483344981}, "datetime": {"datetime": "2021-05-03 06:11:15", "elapsed": 9105.016372, "delta": 76.467953}}
{"target": 7.320019721984863, "params": {"bins": 248.702668977749, "fmin": 33.462285456380016}, "datetime": {"datetime": "2021-05-03 06:12:31", "elapsed": 9181.784776, "delta": 76.768404}}
{"target": 7.3609299659729, "params": {"bins": 250.16082016521142, "fmin": 27.968442899535226}, "datetime": {"datetime": "2021-05-03 06:13:48", "elapsed": 9258.237827, "delta": 76.453051}}
{"target": 7.44258975982666, "params": {"bins": 252.53054498274864, "fmin": 23.059820945776288}, "datetime": {"datetime": "2021-05-03 06:15:04", "elapsed": 9334.623996, "delta": 76.386169}}
{"target": 7.267714977264404, "params": {"bins": 246.91753920292302, "fmin": 44.84709646452355}, "datetime": {"datetime": "2021-05-03 06:16:21", "elapsed": 9410.998736, "delta": 76.37474}}
{"target": 7.383774757385254, "params": {"bins": 230.71181183975088, "fmin": 43.63287180236214}, "datetime": {"datetime": "2021-05-03 06:17:36", "elapsed": 9486.40643, "delta": 75.407694}}
{"target": 7.363637447357178, "params": {"bins": 250.98842455184408, "fmin": 38.84940156947712}, "datetime": {"datetime": "2021-05-03 06:18:51", "elapsed": 9561.313112, "delta": 74.906682}}
{"target": 7.355672359466553, "params": {"bins": 254.08980528607896, "fmin": 32.2098680307342}, "datetime": {"datetime": "2021-05-03 06:20:07", "elapsed": 9637.014021, "delta": 75.700909}}
{"target": 7.408545017242432, "params": {"bins": 232.561822898293, "fmin": 48.801676441793106}, "datetime": {"datetime": "2021-05-03 06:21:23", "elapsed": 9713.034445, "delta": 76.020424}}
{"target": 7.365177154541016, "params": {"bins": 255.9516237476054, "fmin": 27.51467049770389}, "datetime": {"datetime": "2021-05-03 06:22:39", "elapsed": 9789.114886, "delta": 76.080441}}
{"target": 7.450752258300781, "params": {"bins": 247.44128842515778, "fmin": 50.11579560554111}, "datetime": {"datetime": "2021-05-03 06:23:55", "elapsed": 9865.245601, "delta": 76.130715}}
{"target": 7.353512287139893, "params": {"bins": 252.2921731858179, "fmin": 44.87405863667105}, "datetime": {"datetime": "2021-05-03 06:25:11", "elapsed": 9941.341784, "delta": 76.096183}}
{"target": 7.33644962310791, "params": {"bins": 256.33468733599136, "fmin": 37.58436665438514}, "datetime": {"datetime": "2021-05-03 06:26:27", "elapsed": 10017.652402, "delta": 76.310618}}
{"target": 7.375387191772461, "params": {"bins": 256.8534735580196, "fmin": 42.63035186139692}, "datetime": {"datetime": "2021-05-03 06:27:42", "elapsed": 10092.639358, "delta": 74.986956}}
{"target": 7.403247833251953, "params": {"bins": 259.745695270453, "fmin": 32.05160718462848}, "datetime": {"datetime": "2021-05-03 06:28:58", "elapsed": 10167.949125, "delta": 75.309767}}
{"target": 7.353607654571533, "params": {"bins": 261.7036244461531, "fmin": 37.519662667370326}, "datetime": {"datetime": "2021-05-03 06:30:14", "elapsed": 10244.698266, "delta": 76.749141}}
{"target": 7.306007385253906, "params": {"bins": 226.84857523035961, "fmin": 39.724451118855924}, "datetime": {"datetime": "2021-05-03 06:31:31", "elapsed": 10321.210144, "delta": 76.511878}}
{"target": 7.36718225479126, "params": {"bins": 224.60286215552844, "fmin": 34.93997514763299}, "datetime": {"datetime": "2021-05-03 06:32:47", "elapsed": 10397.871176, "delta": 76.661032}}
{"target": 7.3922200202941895, "params": {"bins": 223.76532779036563, "fmin": 28.696041710801484}, "datetime": {"datetime": "2021-05-03 06:34:04", "elapsed": 10474.253401, "delta": 76.382225}}
{"target": 7.373929977416992, "params": {"bins": 253.26272632345757, "fmin": 50.698071847971214}, "datetime": {"datetime": "2021-05-03 06:35:20", "elapsed": 10550.257023, "delta": 76.003622}}
{"target": 7.3113226890563965, "params": {"bins": 258.0531493500206, "fmin": 47.83776789803151}, "datetime": {"datetime": "2021-05-03 06:36:37", "elapsed": 10627.532375, "delta": 77.275352}}
{"target": 7.385524749755859, "params": {"bins": 262.160899412387, "fmin": 43.66091147435691}, "datetime": {"datetime": "2021-05-03 06:37:55", "elapsed": 10705.461071, "delta": 77.928696}}
{"target": 7.214444637298584, "params": {"bins": 248.55919704567637, "fmin": 55.430218480521226}, "datetime": {"datetime": "2021-05-03 06:39:12", "elapsed": 10782.398284, "delta": 76.937213}}
{"target": 7.36490535736084, "params": {"bins": 225.22422376526018, "fmin": 23.251557636022596}, "datetime": {"datetime": "2021-05-03 06:40:29", "elapsed": 10859.673673, "delta": 77.275389}}
{"target": 7.312999725341797, "params": {"bins": 228.26474567702243, "fmin": 17.806338058654337}, "datetime": {"datetime": "2021-05-03 06:41:46", "elapsed": 10936.574346, "delta": 76.900673}}
{"target": 7.285337448120117, "params": {"bins": 234.07953944215285, "fmin": 54.156209411585564}, "datetime": {"datetime": "2021-05-03 06:43:04", "elapsed": 11014.239078, "delta": 77.664732}}
{"target": 7.331162452697754, "params": {"bins": 239.26445280539252, "fmin": 57.29635063942133}, "datetime": {"datetime": "2021-05-03 06:44:22", "elapsed": 11092.070241, "delta": 77.831163}}
{"target": 7.282919883728027, "params": {"bins": 244.27934721154202, "fmin": 58.20136355038215}, "datetime": {"datetime": "2021-05-03 06:45:38", "elapsed": 11168.914296, "delta": 76.844055}}
{"target": 7.360579967498779, "params": {"bins": 225.57055473778857, "fmin": 45.454170667823504}, "datetime": {"datetime": "2021-05-03 06:46:55", "elapsed": 11245.854566, "delta": 76.94027}}
{"target": 7.275647163391113, "params": {"bins": 227.57287410628052, "fmin": 50.646761435424324}, "datetime": {"datetime": "2021-05-03 06:48:11", "elapsed": 11321.433765, "delta": 75.579199}}
{"target": 7.351869583129883, "params": {"bins": 221.49200113379266, "fmin": 41.01734560802126}, "datetime": {"datetime": "2021-05-03 06:49:27", "elapsed": 11397.913607, "delta": 76.479842}}
{"target": 7.4175124168396, "params": {"bins": 220.22609115534271, "fmin": 46.44601261881538}, "datetime": {"datetime": "2021-05-03 06:50:44", "elapsed": 11474.265108, "delta": 76.351501}}
{"target": 7.33351993560791, "params": {"bins": 216.24928935396898, "fmin": 42.48752815433933}, "datetime": {"datetime": "2021-05-03 06:51:59", "elapsed": 11549.415839, "delta": 75.150731}}
{"target": 7.4190874099731445, "params": {"bins": 218.4760355045266, "fmin": 37.252300115293664}, "datetime": {"datetime": "2021-05-03 06:53:16", "elapsed": 11625.935194, "delta": 76.519355}}
{"target": 7.346742630004883, "params": {"bins": 218.98042488348528, "fmin": 32.53794737601424}, "datetime": {"datetime": "2021-05-03 06:54:32", "elapsed": 11702.490651, "delta": 76.555457}}
{"target": 7.419352054595947, "params": {"bins": 219.82422084375176, "fmin": 25.51590130197374}, "datetime": {"datetime": "2021-05-03 06:55:49", "elapsed": 11779.363339, "delta": 76.872688}}
{"target": 7.340452671051025, "params": {"bins": 222.20763717216207, "fmin": 51.359971167018415}, "datetime": {"datetime": "2021-05-03 06:57:05", "elapsed": 11855.296052, "delta": 75.932713}}
{"target": 7.389667510986328, "params": {"bins": 220.59979744791275, "fmin": 20.222449375382432}, "datetime": {"datetime": "2021-05-03 06:58:22", "elapsed": 11932.128449, "delta": 76.832397}}
{"target": 7.425214767456055, "params": {"bins": 215.50062515513133, "fmin": 21.9200912202821}, "datetime": {"datetime": "2021-05-03 06:59:38", "elapsed": 12008.780325, "delta": 76.651876}}
{"target": 7.352967739105225, "params": {"bins": 215.0794073357279, "fmin": 27.931876565386055}, "datetime": {"datetime": "2021-05-03 07:00:54", "elapsed": 12084.821518, "delta": 76.041193}}
{"target": 7.4162750244140625, "params": {"bins": 213.10960084250553, "fmin": 33.68957839719937}, "datetime": {"datetime": "2021-05-03 07:02:11", "elapsed": 12161.481166, "delta": 76.659648}}
{"target": 7.35233736038208, "params": {"bins": 212.35144000796194, "fmin": 39.28896673427012}, "datetime": {"datetime": "2021-05-03 07:03:27", "elapsed": 12237.883342, "delta": 76.402176}}
{"target": 7.290450096130371, "params": {"bins": 216.52695600840838, "fmin": 49.974787297515384}, "datetime": {"datetime": "2021-05-03 07:04:44", "elapsed": 12314.582441, "delta": 76.699099}}
{"target": 7.419702529907227, "params": {"bins": 212.33468568309502, "fmin": 45.64526348538607}, "datetime": {"datetime": "2021-05-03 07:05:59", "elapsed": 12389.876118, "delta": 75.293677}}
{"target": 7.36274528503418, "params": {"bins": 207.8683841153118, "fmin": 42.533854702558045}, "datetime": {"datetime": "2021-05-03 07:07:16", "elapsed": 12466.700468, "delta": 76.82435}}
{"target": 7.307514667510986, "params": {"bins": 208.51626915091214, "fmin": 36.15911638044604}, "datetime": {"datetime": "2021-05-03 07:08:33", "elapsed": 12543.128112, "delta": 76.427644}}
{"target": 7.390507698059082, "params": {"bins": 209.1584553235682, "fmin": 29.86601749399765}, "datetime": {"datetime": "2021-05-03 07:09:48", "elapsed": 12618.86202, "delta": 75.733908}}
{"target": 7.280137062072754, "params": {"bins": 210.689293674839, "fmin": 24.58023380944634}, "datetime": {"datetime": "2021-05-03 07:11:05", "elapsed": 12695.169315, "delta": 76.307295}}
{"target": 7.336565017700195, "params": {"bins": 253.96870523264474, "fmin": 17.72570990145244}, "datetime": {"datetime": "2021-05-03 07:12:22", "elapsed": 12772.269515, "delta": 77.1002}}
{"target": 7.375422477722168, "params": {"bins": 258.2353514619854, "fmin": 22.686433179586633}, "datetime": {"datetime": "2021-05-03 07:13:38", "elapsed": 12848.169269, "delta": 75.899754}}
{"target": 7.358322620391846, "params": {"bins": 261.46099485357354, "fmin": 26.741989868789403}, "datetime": {"datetime": "2021-05-03 07:14:54", "elapsed": 12924.714864, "delta": 76.545595}}
{"target": 7.4038872718811035, "params": {"bins": 264.9776812033223, "fmin": 32.26173725770515}, "datetime": {"datetime": "2021-05-03 07:16:11", "elapsed": 13001.27921, "delta": 76.564346}}
{"target": 7.337627410888672, "params": {"bins": 267.1796670358466, "fmin": 37.43095191598921}, "datetime": {"datetime": "2021-05-03 07:17:26", "elapsed": 13076.812657, "delta": 75.533447}}
{"target": 7.334734916687012, "params": {"bins": 267.75582444849766, "fmin": 42.79677664209743}, "datetime": {"datetime": "2021-05-03 07:18:43", "elapsed": 13153.114238, "delta": 76.301581}}
{"target": 7.320517539978027, "params": {"bins": 263.7694040613254, "fmin": 48.40219532909945}, "datetime": {"datetime": "2021-05-03 07:19:58", "elapsed": 13228.641614, "delta": 75.527376}}
{"target": 7.348367691040039, "params": {"bins": 216.552034139645, "fmin": 16.777517138166925}, "datetime": {"datetime": "2021-05-03 07:21:14", "elapsed": 13304.862802, "delta": 76.221188}}
{"target": 7.394907474517822, "params": {"bins": 211.18744910385314, "fmin": 18.6817808716685}, "datetime": {"datetime": "2021-05-03 07:22:31", "elapsed": 13381.306927, "delta": 76.444125}}
{"target": 7.379917144775391, "params": {"bins": 223.3627354343817, "fmin": 15.905821352323594}, "datetime": {"datetime": "2021-05-03 07:23:48", "elapsed": 13458.348258, "delta": 77.041331}}
{"target": 7.402777194976807, "params": {"bins": 259.51835966942394, "fmin": 53.18833348650487}, "datetime": {"datetime": "2021-05-03 07:25:04", "elapsed": 13534.295312, "delta": 75.947054}}
{"target": 7.206939697265625, "params": {"bins": 254.56249980016253, "fmin": 56.39508795285093}, "datetime": {"datetime": "2021-05-03 07:26:20", "elapsed": 13610.524512, "delta": 76.2292}}
{"target": 7.3024797439575195, "params": {"bins": 207.4683329481194, "fmin": 48.09303529058539}, "datetime": {"datetime": "2021-05-03 07:27:36", "elapsed": 13686.906692, "delta": 76.38218}}
{"target": 7.248827934265137, "params": {"bins": 211.62776168505619, "fmin": 50.70153831212847}, "datetime": {"datetime": "2021-05-03 07:28:53", "elapsed": 13763.212048, "delta": 76.305356}}
{"target": 7.371870040893555, "params": {"bins": 265.1448486803956, "fmin": 53.58728240052322}, "datetime": {"datetime": "2021-05-03 07:30:09", "elapsed": 13838.938279, "delta": 75.726231}}
{"target": 7.321209907531738, "params": {"bins": 269.2794773364661, "fmin": 49.50085541417754}, "datetime": {"datetime": "2021-05-03 07:31:25", "elapsed": 13915.363834, "delta": 76.425555}}
{"target": 7.212620258331299, "params": {"bins": 261.21387899720906, "fmin": 58.03382939251806}, "datetime": {"datetime": "2021-05-03 07:32:41", "elapsed": 13991.862419, "delta": 76.498585}}
{"target": 7.368714809417725, "params": {"bins": 270.4388416646854, "fmin": 54.96670846211971}, "datetime": {"datetime": "2021-05-03 07:33:58", "elapsed": 14068.130826, "delta": 76.268407}}
{"target": 7.215767860412598, "params": {"bins": 267.3234633772849, "fmin": 58.98247261770566}, "datetime": {"datetime": "2021-05-03 07:35:14", "elapsed": 14144.191747, "delta": 76.060921}}
{"target": 7.23130464553833, "params": {"bins": 275.2484643784856, "fmin": 57.36068710055552}, "datetime": {"datetime": "2021-05-03 07:36:30", "elapsed": 14220.641109, "delta": 76.449362}}
{"target": 7.31134033203125, "params": {"bins": 275.39750374357135, "fmin": 51.77786569347772}, "datetime": {"datetime": "2021-05-03 07:37:47", "elapsed": 14297.073199, "delta": 76.43209}}
{"target": 7.382285118103027, "params": {"bins": 273.4670788911954, "fmin": 46.15152512958978}, "datetime": {"datetime": "2021-05-03 07:39:03", "elapsed": 14373.259508, "delta": 76.186309}}
{"target": 7.26713752746582, "params": {"bins": 272.5237919355223, "fmin": 38.929582510662684}, "datetime": {"datetime": "2021-05-03 07:40:19", "elapsed": 14449.848271, "delta": 76.588763}}
{"target": 7.389087677001953, "params": {"bins": 270.64580786305055, "fmin": 33.29314286964243}, "datetime": {"datetime": "2021-05-03 07:41:36", "elapsed": 14526.470201, "delta": 76.62193}}
{"target": 7.332002639770508, "params": {"bins": 267.3635994889929, "fmin": 27.5787617909442}, "datetime": {"datetime": "2021-05-03 07:42:52", "elapsed": 14602.662593, "delta": 76.192392}}
{"target": 7.372440338134766, "params": {"bins": 264.36368281859933, "fmin": 22.28283552715968}, "datetime": {"datetime": "2021-05-03 07:44:09", "elapsed": 14679.398432, "delta": 76.735839}}
{"target": 7.3293023109436035, "params": {"bins": 260.3887228082352, "fmin": 17.521678808443223}, "datetime": {"datetime": "2021-05-03 07:45:25", "elapsed": 14755.501927, "delta": 76.103495}}
{"target": 7.340475082397461, "params": {"bins": 277.1779664154731, "fmin": 42.16112062186994}, "datetime": {"datetime": "2021-05-03 07:46:42", "elapsed": 14832.063548, "delta": 76.561621}}
{"target": 7.322850227355957, "params": {"bins": 279.3396247463459, "fmin": 47.17015726493401}, "datetime": {"datetime": "2021-05-03 07:47:58", "elapsed": 14908.508174, "delta": 76.444626}}
{"target": 7.339757442474365, "params": {"bins": 280.7574461732651, "fmin": 52.65772904773067}, "datetime": {"datetime": "2021-05-03 07:49:14", "elapsed": 14984.185085, "delta": 75.676911}}
{"target": 7.427385330200195, "params": {"bins": 277.47934090263703, "fmin": 36.075750060700585}, "datetime": {"datetime": "2021-05-03 07:50:31", "elapsed": 15060.915881, "delta": 76.730796}}
{"target": 7.305597305297852, "params": {"bins": 275.305217926746, "fmin": 31.286134174713858}, "datetime": {"datetime": "2021-05-03 07:51:47", "elapsed": 15137.770525, "delta": 76.854644}}
