{"target": 7.282897472381592, "params": {"bins": 152.11939358006487, "fmin": 47.414602204897115}, "datetime": {"datetime": "2021-05-03 03:39:30", "elapsed": 0.0, "delta": 0.0}}
{"target": 5.332705020904541, "params": {"bins": 12.038429938627882, "fmin": 28.60496576843279}, "datetime": {"datetime": "2021-05-03 03:40:47", "elapsed": 77.707947, "delta": 77.707947}}
{"target": 6.3470025062561035, "params": {"bins": 61.309979314549985, "fmin": 19.1552367645959}, "datetime": {"datetime": "2021-05-03 03:42:05", "elapsed": 155.389462, "delta": 77.681515}}
{"target": 6.729409694671631, "params": {"bins": 74.58343102289743, "fmin": 30.55023271693715}, "datetime": {"datetime": "2021-05-03 03:43:21", "elapsed": 231.406879, "delta": 76.017417}}
{"target": 7.326499938964844, "params": {"bins": 145.3138713415051, "fmin": 39.24675303015106}, "datetime": {"datetime": "2021-05-03 03:44:37", "elapsed": 307.323013, "delta": 75.916134}}
{"target": 7.316570281982422, "params": {"bins": 152.84935683950707, "fmin": 45.83487751785418}, "datetime": {"datetime": "2021-05-03 03:45:52", "elapsed": 382.831085, "delta": 75.508072}}
{"target": 6.622817516326904, "params": {"bins": 80.69595590978986, "fmin": 54.51528463759254}, "datetime": {"datetime": "2021-05-03 03:47:08", "elapsed": 458.084661, "delta": 75.253576}}
{"target": 5.562089920043945, "params": {"bins": 21.20223131450319, "fmin": 45.1710379580281}, "datetime": {"datetime": "2021-05-03 03:48:25", "elapsed": 535.243011, "delta": 77.15835}}
{"target": -25.040735244750977, "params": {"bins": 152.21441359535467, "fmin": 40.14104228005883}, "datetime": {"datetime": "2021-05-03 03:49:39", "elapsed": 609.910508, "delta": 74.667497}}
{"target": 6.18426513671875, "params": {"bins": 59.17001136799855, "fmin": 23.914567008819546}, "datetime": {"datetime": "2021-05-03 03:50:57", "elapsed": 687.112141, "delta": 77.201633}}
{"target": 7.17122745513916, "params": {"bins": 281.0501750749803, "fmin": 58.57177090737289}, "datetime": {"datetime": "2021-05-03 03:52:13", "elapsed": 762.916211, "delta": 75.80407}}
{"target": 7.197555065155029, "params": {"bins": 117.3105238615056, "fmin": 46.15451770511913}, "datetime": {"datetime": "2021-05-03 03:53:28", "elapsed": 837.960595, "delta": 75.044384}}
{"target": 7.221489906311035, "params": {"bins": 306.4667551714689, "fmin": 55.25729985767313}, "datetime": {"datetime": "2021-05-03 03:54:43", "elapsed": 913.862869, "delta": 75.902274}}
{"target": 5.881295204162598, "params": {"bins": 40.57485502024538, "fmin": 16.757465245479708}, "datetime": {"datetime": "2021-05-03 03:56:01", "elapsed": 991.126946, "delta": 77.264077}}
{"target": 6.470034599304199, "params": {"bins": 69.06302097369516, "fmin": 54.51641265432359}, "datetime": {"datetime": "2021-05-03 03:57:17", "elapsed": 1067.279602, "delta": 76.152656}}
{"target": 5.970632553100586, "params": {"bins": 45.04453616790483, "fmin": 33.949843125227346}, "datetime": {"datetime": "2021-05-03 03:58:33", "elapsed": 1143.870744, "delta": 76.591142}}
{"target": -12.130630493164062, "params": {"bins": 333.85088213056866, "fmin": 38.992437823785764}, "datetime": {"datetime": "2021-05-03 03:59:49", "elapsed": 1219.813412, "delta": 75.942668}}
{"target": 7.402607440948486, "params": {"bins": 244.47071028735905, "fmin": 29.198203395272834}, "datetime": {"datetime": "2021-05-03 04:01:06", "elapsed": 1295.981003, "delta": 76.167591}}
{"target": 7.323082447052002, "params": {"bins": 242.6643117010121, "fmin": 52.55815523538178}, "datetime": {"datetime": "2021-05-03 04:02:21", "elapsed": 1371.757629, "delta": 75.776626}}
{"target": 5.389864921569824, "params": {"bins": 18.144861187648445, "fmin": 48.75649417252354}, "datetime": {"datetime": "2021-05-03 04:03:40", "elapsed": 1450.14641, "delta": 78.388781}}
{"target": -23.040647506713867, "params": {"bins": 156.1602066641839, "fmin": 48.220286229440816}, "datetime": {"datetime": "2021-05-03 04:04:56", "elapsed": 1526.396457, "delta": 76.250047}}
{"target": 7.306664943695068, "params": {"bins": 150.37448057936786, "fmin": 45.93347232644257}, "datetime": {"datetime": "2021-05-03 04:06:12", "elapsed": 1602.148085, "delta": 75.751628}}
{"target": 6.115969657897949, "params": {"bins": 57.791211880905806, "fmin": 20.736696022196487}, "datetime": {"datetime": "2021-05-03 04:07:30", "elapsed": 1679.996837, "delta": 77.848752}}
{"target": 7.221392631530762, "params": {"bins": 142.02890298517616, "fmin": 37.90722227633293}, "datetime": {"datetime": "2021-05-03 04:08:45", "elapsed": 1755.471994, "delta": 75.475157}}
{"target": 7.269042491912842, "params": {"bins": 142.0857412710387, "fmin": 41.22400104601984}, "datetime": {"datetime": "2021-05-03 04:10:01", "elapsed": 1831.222704, "delta": 75.75071}}
{"target": 7.319230079650879, "params": {"bins": 138.3489165184452, "fmin": 39.701027848435295}, "datetime": {"datetime": "2021-05-03 04:11:16", "elapsed": 1906.907963, "delta": 75.685259}}
{"target": 7.243520259857178, "params": {"bins": 138.24471883364578, "fmin": 35.6138080049772}, "datetime": {"datetime": "2021-05-03 04:12:32", "elapsed": 1982.755687, "delta": 75.847724}}
{"target": 7.291957378387451, "params": {"bins": 134.5373459201403, "fmin": 37.63991817008541}, "datetime": {"datetime": "2021-05-03 04:13:47", "elapsed": 2057.701865, "delta": 74.946178}}
{"target": 7.299422264099121, "params": {"bins": 134.41138855690178, "fmin": 33.294692898192515}, "datetime": {"datetime": "2021-05-03 04:15:03", "elapsed": 2132.936988, "delta": 75.235123}}
{"target": 7.2261576652526855, "params": {"bins": 130.63117728441637, "fmin": 35.45933908665684}, "datetime": {"datetime": "2021-05-03 04:16:18", "elapsed": 2208.55373, "delta": 75.616742}}
{"target": 7.214162826538086, "params": {"bins": 130.50568074872803, "fmin": 40.11868820866149}, "datetime": {"datetime": "2021-05-03 04:17:34", "elapsed": 2284.194709, "delta": 75.640979}}
{"target": 7.198225021362305, "params": {"bins": 134.3929076249586, "fmin": 42.67137028613986}, "datetime": {"datetime": "2021-05-03 04:18:49", "elapsed": 2359.727876, "delta": 75.533167}}
{"target": 7.171054840087891, "params": {"bins": 130.28107281714082, "fmin": 44.77783568218426}, "datetime": {"datetime": "2021-05-03 04:20:05", "elapsed": 2435.208324, "delta": 75.480448}}
{"target": 7.211224555969238, "params": {"bins": 138.6867725081525, "fmin": 45.021559437826916}, "datetime": {"datetime": "2021-05-03 04:21:20", "elapsed": 2510.895916, "delta": 75.687592}}
{"target": 7.175662517547607, "params": {"bins": 134.73297917364215, "fmin": 47.48166851690711}, "datetime": {"datetime": "2021-05-03 04:22:35", "elapsed": 2585.766357, "delta": 74.870441}}
{"target": 7.1667799949646, "params": {"bins": 130.25458503161067, "fmin": 49.823095988462796}, "datetime": {"datetime": "2021-05-03 04:23:51", "elapsed": 2660.955149, "delta": 75.188792}}
{"target": 7.11265754699707, "params": {"bins": 124.91729328328714, "fmin": 46.55274188997873}, "datetime": {"datetime": "2021-05-03 04:25:06", "elapsed": 2736.477138, "delta": 75.521989}}
{"target": 7.184340000152588, "params": {"bins": 125.6718086180167, "fmin": 41.65046276583324}, "datetime": {"datetime": "2021-05-03 04:26:22", "elapsed": 2812.002457, "delta": 75.525319}}
{"target": 6.912875175476074, "params": {"bins": 120.94076520593842, "fmin": 43.01681934900409}, "datetime": {"datetime": "2021-05-03 04:27:38", "elapsed": 2888.183851, "delta": 76.181394}}
{"target": 7.206917762756348, "params": {"bins": 121.16583540804493, "fmin": 49.48290034131742}, "datetime": {"datetime": "2021-05-03 04:28:54", "elapsed": 2964.022944, "delta": 75.839093}}
{"target": 7.1981096267700195, "params": {"bins": 125.60217613298187, "fmin": 52.103217291608786}, "datetime": {"datetime": "2021-05-03 04:30:09", "elapsed": 3038.92096, "delta": 74.898016}}
{"target": 7.181042671203613, "params": {"bins": 124.1425713163046, "fmin": 36.128597452439855}, "datetime": {"datetime": "2021-05-03 04:31:24", "elapsed": 3114.795441, "delta": 75.874481}}
{"target": 7.194219589233398, "params": {"bins": 127.20741604471854, "fmin": 31.992577676940794}, "datetime": {"datetime": "2021-05-03 04:32:40", "elapsed": 3190.369748, "delta": 75.574307}}
{"target": 7.1767449378967285, "params": {"bins": 132.07660142098544, "fmin": 29.101837385362565}, "datetime": {"datetime": "2021-05-03 04:33:55", "elapsed": 3265.85583, "delta": 75.486082}}
{"target": 7.234147548675537, "params": {"bins": 137.17145052824398, "fmin": 28.753796965327062}, "datetime": {"datetime": "2021-05-03 04:35:11", "elapsed": 3341.694167, "delta": 75.838337}}
{"target": 7.255384922027588, "params": {"bins": 142.10801409886517, "fmin": 31.828233436379463}, "datetime": {"datetime": "2021-05-03 04:36:26", "elapsed": 3416.731838, "delta": 75.037671}}
{"target": 7.218864917755127, "params": {"bins": 141.90865086334927, "fmin": 26.734797933302723}, "datetime": {"datetime": "2021-05-03 04:37:42", "elapsed": 3492.464013, "delta": 75.732175}}
{"target": 7.268117427825928, "params": {"bins": 137.3920732821362, "fmin": 23.49224513439753}, "datetime": {"datetime": "2021-05-03 04:38:58", "elapsed": 3568.51529, "delta": 76.051277}}
{"target": 7.304252624511719, "params": {"bins": 142.26175956434358, "fmin": 21.185458098257044}, "datetime": {"datetime": "2021-05-03 04:40:14", "elapsed": 3644.24188, "delta": 75.72659}}
{"target": 7.255787372589111, "params": {"bins": 137.8320143048129, "fmin": 17.821783307334016}, "datetime": {"datetime": "2021-05-03 04:41:30", "elapsed": 3720.199377, "delta": 75.957497}}
{"target": 7.168172359466553, "params": {"bins": 131.9574547703652, "fmin": 23.834402626611325}, "datetime": {"datetime": "2021-05-03 04:42:46", "elapsed": 3796.111045, "delta": 75.911668}}
{"target": 7.166604995727539, "params": {"bins": 126.89047301332224, "fmin": 26.77605023175071}, "datetime": {"datetime": "2021-05-03 04:44:01", "elapsed": 3871.860664, "delta": 75.749619}}
{"target": 7.197337627410889, "params": {"bins": 132.279628505124, "fmin": 18.501044065397064}, "datetime": {"datetime": "2021-05-03 04:45:17", "elapsed": 3947.859103, "delta": 75.998439}}
{"target": 7.186564922332764, "params": {"bins": 126.87836059650205, "fmin": 20.493562401039732}, "datetime": {"datetime": "2021-05-03 04:46:33", "elapsed": 4023.312542, "delta": 75.453439}}
{"target": 7.161145210266113, "params": {"bins": 122.19843002119916, "fmin": 30.54896628363666}, "datetime": {"datetime": "2021-05-03 04:47:49", "elapsed": 4099.675426, "delta": 76.362884}}
{"target": 7.098589897155762, "params": {"bins": 122.11023433076414, "fmin": 24.08943634847336}, "datetime": {"datetime": "2021-05-03 04:49:05", "elapsed": 4175.798471, "delta": 76.123045}}
{"target": 7.255727291107178, "params": {"bins": 143.22182128225936, "fmin": 16.24977102460618}, "datetime": {"datetime": "2021-05-03 04:50:20", "elapsed": 4250.720666, "delta": 74.922195}}
{"target": 7.272867679595947, "params": {"bins": 147.20422233902818, "fmin": 19.679246039555256}, "datetime": {"datetime": "2021-05-03 04:51:37", "elapsed": 4327.112366, "delta": 76.3917}}
{"target": -23.777297973632812, "params": {"bins": 146.94501490595545, "fmin": 25.602102283237762}, "datetime": {"datetime": "2021-05-03 04:52:52", "elapsed": 4402.359894, "delta": 75.247528}}
{"target": 7.239754676818848, "params": {"bins": 148.31650125786268, "fmin": 15.425365394476772}, "datetime": {"datetime": "2021-05-03 04:54:08", "elapsed": 4478.694268, "delta": 76.334374}}
{"target": 7.073007583618164, "params": {"bins": 119.03486015444427, "fmin": 37.42619667945987}, "datetime": {"datetime": "2021-05-03 04:55:24", "elapsed": 4553.936871, "delta": 75.242603}}
{"target": 6.977947235107422, "params": {"bins": 115.79851648373696, "fmin": 41.033303310669154}, "datetime": {"datetime": "2021-05-03 04:56:39", "elapsed": 4629.717, "delta": 75.780129}}
{"target": 7.0927276611328125, "params": {"bins": 116.77782808742235, "fmin": 32.384920341265655}, "datetime": {"datetime": "2021-05-03 04:57:55", "elapsed": 4705.437825, "delta": 75.720825}}
{"target": 7.160887718200684, "params": {"bins": 116.69863059293033, "fmin": 27.238897690919813}, "datetime": {"datetime": "2021-05-03 04:59:10", "elapsed": 4780.801783, "delta": 75.363958}}
{"target": 6.850319862365723, "params": {"bins": 113.05381736990623, "fmin": 36.55460828581436}, "datetime": {"datetime": "2021-05-03 05:00:26", "elapsed": 4856.515173, "delta": 75.71339}}
{"target": 7.186209678649902, "params": {"bins": 117.14889019954356, "fmin": 21.811593291064405}, "datetime": {"datetime": "2021-05-03 05:01:42", "elapsed": 4932.071092, "delta": 75.555919}}
{"target": 6.869874954223633, "params": {"bins": 120.7900849688645, "fmin": 18.677068353532068}, "datetime": {"datetime": "2021-05-03 05:02:58", "elapsed": 5008.333099, "delta": 76.262007}}
{"target": 7.255592346191406, "params": {"bins": 127.40115668219254, "fmin": 15.450551187893913}, "datetime": {"datetime": "2021-05-03 05:04:13", "elapsed": 5083.450289, "delta": 75.11719}}
{"target": 7.066135406494141, "params": {"bins": 111.79854819882421, "fmin": 28.987753529740516}, "datetime": {"datetime": "2021-05-03 05:05:29", "elapsed": 5159.40967, "delta": 75.959381}}
{"target": 7.196807384490967, "params": {"bins": 116.09978376871192, "fmin": 51.480146902792136}, "datetime": {"datetime": "2021-05-03 05:06:44", "elapsed": 5234.700668, "delta": 75.290998}}
{"target": 7.1439948081970215, "params": {"bins": 120.87109628811098, "fmin": 54.55184669342586}, "datetime": {"datetime": "2021-05-03 05:08:00", "elapsed": 5310.312213, "delta": 75.611545}}
{"target": 7.185824871063232, "params": {"bins": 111.47797442499812, "fmin": 23.411903117962012}, "datetime": {"datetime": "2021-05-03 05:09:16", "elapsed": 5386.371991, "delta": 76.059778}}
{"target": 7.129739761352539, "params": {"bins": 112.05920584882234, "fmin": 46.88978490474041}, "datetime": {"datetime": "2021-05-03 05:10:32", "elapsed": 5462.246759, "delta": 75.874768}}
{"target": 7.1610822677612305, "params": {"bins": 110.28455439433496, "fmin": 41.74500459092405}, "datetime": {"datetime": "2021-05-03 05:11:47", "elapsed": 5537.365574, "delta": 75.118815}}
{"target": 7.1463775634765625, "params": {"bins": 113.43282832157878, "fmin": 18.00475762981941}, "datetime": {"datetime": "2021-05-03 05:13:02", "elapsed": 5612.670143, "delta": 75.304569}}
{"target": 7.00820255279541, "params": {"bins": 110.72524237940206, "fmin": 52.19551668507718}, "datetime": {"datetime": "2021-05-03 05:14:18", "elapsed": 5688.375054, "delta": 75.704911}}
{"target": 6.982792377471924, "params": {"bins": 115.25817904866045, "fmin": 56.598594799125834}, "datetime": {"datetime": "2021-05-03 05:15:33", "elapsed": 5763.475322, "delta": 75.100268}}
{"target": 7.092877388000488, "params": {"bins": 106.79561122208293, "fmin": 47.39753183511097}, "datetime": {"datetime": "2021-05-03 05:16:47", "elapsed": 5837.872696, "delta": 74.397374}}
{"target": 7.047842502593994, "params": {"bins": 104.97027850863124, "fmin": 42.31953046412351}, "datetime": {"datetime": "2021-05-03 05:18:04", "elapsed": 5914.15167, "delta": 76.278974}}
{"target": 7.089795112609863, "params": {"bins": 107.51924615532606, "fmin": 37.03338145677695}, "datetime": {"datetime": "2021-05-03 05:19:19", "elapsed": 5989.291934, "delta": 75.140264}}
{"target": 7.097977638244629, "params": {"bins": 107.94154844818671, "fmin": 18.988882167224993}, "datetime": {"datetime": "2021-05-03 05:20:35", "elapsed": 6065.126476, "delta": 75.834542}}
{"target": 6.929105281829834, "params": {"bins": 105.91328678724405, "fmin": 25.454617126772533}, "datetime": {"datetime": "2021-05-03 05:21:51", "elapsed": 6141.214209, "delta": 76.087733}}
{"target": 6.838294982910156, "params": {"bins": 107.00906787000156, "fmin": 32.04406855029116}, "datetime": {"datetime": "2021-05-03 05:23:07", "elapsed": 6217.169242, "delta": 75.955033}}
{"target": 7.199999809265137, "params": {"bins": 129.9633324986073, "fmin": 55.20641294712333}, "datetime": {"datetime": "2021-05-03 05:24:21", "elapsed": 6291.710053, "delta": 74.540811}}
{"target": 7.10980224609375, "params": {"bins": 125.6017246791444, "fmin": 57.67150106906928}, "datetime": {"datetime": "2021-05-03 05:25:36", "elapsed": 6366.891526, "delta": 75.181473}}
{"target": 7.229780197143555, "params": {"bins": 135.48103605246126, "fmin": 53.12672771173937}, "datetime": {"datetime": "2021-05-03 05:26:52", "elapsed": 6442.46517, "delta": 75.573644}}
{"target": 7.243319988250732, "params": {"bins": 139.54090088521764, "fmin": 50.376389589487594}, "datetime": {"datetime": "2021-05-03 05:28:08", "elapsed": 6518.390662, "delta": 75.925492}}
{"target": 7.218694686889648, "params": {"bins": 143.30859700710715, "fmin": 46.43493247855295}, "datetime": {"datetime": "2021-05-03 05:29:24", "elapsed": 6594.343275, "delta": 75.952613}}
{"target": -23.736289978027344, "params": {"bins": 145.9331578193696, "fmin": 50.760961765732844}, "datetime": {"datetime": "2021-05-03 05:30:39", "elapsed": 6669.856028, "delta": 75.512753}}
{"target": 6.916857719421387, "params": {"bins": 119.85179241862622, "fmin": 59.57865132751753}, "datetime": {"datetime": "2021-05-03 05:31:55", "elapsed": 6745.569568, "delta": 75.71354}}
{"target": 7.037295341491699, "params": {"bins": 101.72430709340752, "fmin": 38.065784302746856}, "datetime": {"datetime": "2021-05-03 05:33:11", "elapsed": 6821.708559, "delta": 76.138991}}
{"target": -31.008831024169922, "params": {"bins": 101.60903354559709, "fmin": 32.677401530826025}, "datetime": {"datetime": "2021-05-03 05:34:27", "elapsed": 6897.501451, "delta": 75.792892}}
{"target": 7.081039905548096, "params": {"bins": 100.10751807738404, "fmin": 41.97313036868708}, "datetime": {"datetime": "2021-05-03 05:35:43", "elapsed": 6973.648078, "delta": 76.146627}}
{"target": 6.885902404785156, "params": {"bins": 111.15332616769395, "fmin": 33.108524262540286}, "datetime": {"datetime": "2021-05-03 05:36:59", "elapsed": 7049.773639, "delta": 76.125561}}
{"target": 7.12758731842041, "params": {"bins": 133.10789348783936, "fmin": 59.548797681161254}, "datetime": {"datetime": "2021-05-03 05:38:15", "elapsed": 7124.921174, "delta": 75.147535}}
{"target": 6.793584823608398, "params": {"bins": 105.12739501833589, "fmin": 52.70990744220141}, "datetime": {"datetime": "2021-05-03 05:39:31", "elapsed": 7201.089557, "delta": 76.168383}}
{"target": 6.727669715881348, "params": {"bins": 108.94858189877598, "fmin": 57.52089831097262}, "datetime": {"datetime": "2021-05-03 05:40:47", "elapsed": 7276.998155, "delta": 75.908598}}
{"target": 6.944632530212402, "params": {"bins": 101.66289142126791, "fmin": 47.13495475772195}, "datetime": {"datetime": "2021-05-03 05:42:03", "elapsed": 7353.108331, "delta": 76.110176}}
{"target": 7.377072334289551, "params": {"bins": 242.74779185386194, "fmin": 34.1246168309085}, "datetime": {"datetime": "2021-05-03 05:43:19", "elapsed": 7429.584837, "delta": 76.476506}}
{"target": 7.450932502746582, "params": {"bins": 239.34264863303687, "fmin": 30.14946352297691}, "datetime": {"datetime": "2021-05-03 05:44:36", "elapsed": 7506.332063, "delta": 76.747226}}
{"target": 7.3775224685668945, "params": {"bins": 237.95009923438548, "fmin": 34.9721438673681}, "datetime": {"datetime": "2021-05-03 05:45:51", "elapsed": 7581.888852, "delta": 75.556789}}
{"target": 7.3906402587890625, "params": {"bins": 241.14008565750743, "fmin": 25.019443251573392}, "datetime": {"datetime": "2021-05-03 05:47:08", "elapsed": 7658.132382, "delta": 76.24353}}
{"target": 7.326624870300293, "params": {"bins": 246.50911385350403, "fmin": 24.124166640155472}, "datetime": {"datetime": "2021-05-03 05:48:23", "elapsed": 7733.133962, "delta": 75.00158}}
{"target": 7.373032569885254, "params": {"bins": 243.56974921490902, "fmin": 20.006123725971694}, "datetime": {"datetime": "2021-05-03 05:49:39", "elapsed": 7809.259612, "delta": 76.12565}}
{"target": 7.413052558898926, "params": {"bins": 248.86238686052326, "fmin": 19.150164384832483}, "datetime": {"datetime": "2021-05-03 05:50:56", "elapsed": 7885.921202, "delta": 76.66159}}
{"target": 7.3612799644470215, "params": {"bins": 245.88865951321253, "fmin": 15.10860292206086}, "datetime": {"datetime": "2021-05-03 05:52:11", "elapsed": 7961.38099, "delta": 75.459788}}
{"target": 7.318497657775879, "params": {"bins": 233.97471648869686, "fmin": 31.40778650897176}, "datetime": {"datetime": "2021-05-03 05:53:27", "elapsed": 8037.61976, "delta": 76.23877}}
{"target": 7.395309925079346, "params": {"bins": 235.22995321299516, "fmin": 25.9534559635731}, "datetime": {"datetime": "2021-05-03 05:54:43", "elapsed": 8113.871042, "delta": 76.251282}}
{"target": 7.36468505859375, "params": {"bins": 237.68476005341944, "fmin": 21.023455136111217}, "datetime": {"datetime": "2021-05-03 05:56:00", "elapsed": 8190.312598, "delta": 76.441556}}
{"target": 7.361392021179199, "params": {"bins": 240.48379791599933, "fmin": 15.430299907582453}, "datetime": {"datetime": "2021-05-03 05:57:16", "elapsed": 8266.875121, "delta": 76.562523}}
{"target": 7.375074863433838, "params": {"bins": 234.86798303070577, "fmin": 15.944682693511917}, "datetime": {"datetime": "2021-05-03 05:58:32", "elapsed": 8342.892266, "delta": 76.017145}}
{"target": 7.3772077560424805, "params": {"bins": 232.4451783147666, "fmin": 20.691651936141156}, "datetime": {"datetime": "2021-05-03 05:59:49", "elapsed": 8419.590178, "delta": 76.697912}}
{"target": 7.374955177307129, "params": {"bins": 229.90935725845438, "fmin": 25.885249763016553}, "datetime": {"datetime": "2021-05-03 06:01:05", "elapsed": 8495.77088, "delta": 76.180702}}
{"target": 7.361257553100586, "params": {"bins": 228.52508111801149, "fmin": 31.251565875988955}, "datetime": {"datetime": "2021-05-03 06:02:22", "elapsed": 8572.447498, "delta": 76.676618}}
{"target": 7.366297721862793, "params": {"bins": 230.7484482169524, "fmin": 35.714527905088815}, "datetime": {"datetime": "2021-05-03 06:03:38", "elapsed": 8648.043624, "delta": 75.596126}}
