{"target": -31.537445068359375, "params": {"bins": 152.11939358006487, "fmin": 47.414602204897115}, "datetime": {"datetime": "2021-05-02 18:45:02", "elapsed": 0.0, "delta": 0.0}}
{"target": -95.7439193725586, "params": {"bins": 12.038429938627882, "fmin": 28.60496576843279}, "datetime": {"datetime": "2021-05-02 18:46:25", "elapsed": 83.368719, "delta": 83.368719}}
{"target": -49.60538864135742, "params": {"bins": 61.309979314549985, "fmin": 19.1552367645959}, "datetime": {"datetime": "2021-05-02 18:47:55", "elapsed": 172.919107, "delta": 89.550388}}
{"target": -52.414039611816406, "params": {"bins": 74.58343102289743, "fmin": 30.55023271693715}, "datetime": {"datetime": "2021-05-02 18:49:23", "elapsed": 261.033298, "delta": 88.114191}}
{"target": 7.121652603149414, "params": {"bins": 145.3138713415051, "fmin": 39.24675303015106}, "datetime": {"datetime": "2021-05-02 18:50:50", "elapsed": 347.599256, "delta": 86.565958}}
{"target": 7.196292400360107, "params": {"bins": 152.84935683950707, "fmin": 45.83487751785418}, "datetime": {"datetime": "2021-05-02 18:52:16", "elapsed": 434.052713, "delta": 86.453457}}
{"target": -48.16061019897461, "params": {"bins": 80.69595590978986, "fmin": 54.51528463759254}, "datetime": {"datetime": "2021-05-02 18:53:43", "elapsed": 520.796273, "delta": 86.74356}}
{"target": 6.353802680969238, "params": {"bins": 21.20223131450319, "fmin": 45.1710379580281}, "datetime": {"datetime": "2021-05-02 18:55:11", "elapsed": 608.793661, "delta": 87.997388}}
{"target": 7.165677547454834, "params": {"bins": 152.21441359535467, "fmin": 40.14104228005883}, "datetime": {"datetime": "2021-05-02 18:56:37", "elapsed": 694.692951, "delta": 85.89929}}
{"target": -53.32297134399414, "params": {"bins": 59.17001136799855, "fmin": 23.914567008819546}, "datetime": {"datetime": "2021-05-02 18:58:05", "elapsed": 783.108391, "delta": 88.41544}}
{"target": 6.7859601974487305, "params": {"bins": 281.0501750749803, "fmin": 58.57177090737289}, "datetime": {"datetime": "2021-05-02 18:59:31", "elapsed": 868.745692, "delta": 85.637301}}
{"target": 7.161147117614746, "params": {"bins": 117.3105238615056, "fmin": 46.15451770511913}, "datetime": {"datetime": "2021-05-02 19:00:56", "elapsed": 954.514873, "delta": 85.769181}}
{"target": -16.213651657104492, "params": {"bins": 306.4667551714689, "fmin": 55.25729985767313}, "datetime": {"datetime": "2021-05-02 19:02:22", "elapsed": 1039.632415, "delta": 85.117542}}
{"target": -58.117191314697266, "params": {"bins": 40.57485502024538, "fmin": 16.757465245479708}, "datetime": {"datetime": "2021-05-02 19:03:53", "elapsed": 1130.575873, "delta": 90.943458}}
{"target": -49.456912994384766, "params": {"bins": 69.06302097369516, "fmin": 54.51641265432359}, "datetime": {"datetime": "2021-05-02 19:05:17", "elapsed": 1215.125093, "delta": 84.54922}}
{"target": -63.633567810058594, "params": {"bins": 45.04453616790483, "fmin": 33.949843125227346}, "datetime": {"datetime": "2021-05-02 19:06:44", "elapsed": 1302.303667, "delta": 87.178574}}
{"target": -12.95317268371582, "params": {"bins": 333.85088213056866, "fmin": 38.992437823785764}, "datetime": {"datetime": "2021-05-02 19:08:11", "elapsed": 1388.726147, "delta": 86.42248}}
{"target": -22.67495346069336, "params": {"bins": 244.47071028735905, "fmin": 29.198203395272834}, "datetime": {"datetime": "2021-05-02 19:09:38", "elapsed": 1476.235142, "delta": 87.508995}}
{"target": -21.47185516357422, "params": {"bins": 242.6643117010121, "fmin": 52.55815523538178}, "datetime": {"datetime": "2021-05-02 19:11:05", "elapsed": 1562.889006, "delta": 86.653864}}
{"target": 6.3036699295043945, "params": {"bins": 18.144861187648445, "fmin": 48.75649417252354}, "datetime": {"datetime": "2021-05-02 19:12:32", "elapsed": 1650.213422, "delta": 87.324416}}
{"target": -58.581398010253906, "params": {"bins": 48.54884176028708, "fmin": 31.59956264880458}, "datetime": {"datetime": "2021-05-02 19:13:58", "elapsed": 1736.303204, "delta": 86.089782}}
{"target": -16.675382614135742, "params": {"bins": 306.56462619534864, "fmin": 55.14516288373875}, "datetime": {"datetime": "2021-05-02 19:15:24", "elapsed": 1821.910827, "delta": 85.607623}}
{"target": -37.7104377746582, "params": {"bins": 155.88808504495034, "fmin": 43.285160012716666}, "datetime": {"datetime": "2021-05-02 19:16:50", "elapsed": 1907.927039, "delta": 86.016212}}
{"target": -32.75837707519531, "params": {"bins": 150.9708619928408, "fmin": 43.19949358893313}, "datetime": {"datetime": "2021-05-02 19:18:16", "elapsed": 1993.970792, "delta": 86.043753}}
{"target": -76.20132446289062, "params": {"bins": 19.439508416089932, "fmin": 46.12830550918847}, "datetime": {"datetime": "2021-05-02 19:19:41", "elapsed": 2078.658186, "delta": 84.687394}}
{"target": -38.42474365234375, "params": {"bins": 116.22407878697844, "fmin": 46.18663092499083}, "datetime": {"datetime": "2021-05-02 19:21:07", "elapsed": 2164.813002, "delta": 86.154816}}
{"target": 6.353997230529785, "params": {"bins": 21.996622646915952, "fmin": 45.14606605070499}, "datetime": {"datetime": "2021-05-02 19:22:34", "elapsed": 2252.408791, "delta": 87.595789}}
{"target": 7.146234512329102, "params": {"bins": 117.63998063252603, "fmin": 47.18051389175892}, "datetime": {"datetime": "2021-05-02 19:24:01", "elapsed": 2339.356798, "delta": 86.948007}}
{"target": -82.47512817382812, "params": {"bins": 17.602479142348123, "fmin": 49.88648400289197}, "datetime": {"datetime": "2021-05-02 19:25:25", "elapsed": 2423.137506, "delta": 83.780708}}
{"target": 6.345842361450195, "params": {"bins": 21.846838362120696, "fmin": 44.13437479952775}, "datetime": {"datetime": "2021-05-02 19:26:53", "elapsed": 2511.342901, "delta": 88.205395}}
{"target": 7.167140007019043, "params": {"bins": 117.95898084155895, "fmin": 46.469959032887935}, "datetime": {"datetime": "2021-05-02 19:28:22", "elapsed": 2600.285057, "delta": 88.942156}}
{"target": -35.81659698486328, "params": {"bins": 152.42198103173635, "fmin": 39.051301878424695}, "datetime": {"datetime": "2021-05-02 19:29:49", "elapsed": 2687.06079, "delta": 86.775733}}
{"target": 6.830345153808594, "params": {"bins": 282.01106500849664, "fmin": 58.657917479535776}, "datetime": {"datetime": "2021-05-02 19:31:16", "elapsed": 2773.76711, "delta": 86.70632}}
{"target": -18.04714584350586, "params": {"bins": 281.68348610748797, "fmin": 57.68795615453825}, "datetime": {"datetime": "2021-05-02 19:32:43", "elapsed": 2860.893868, "delta": 87.126758}}
{"target": -18.195940017700195, "params": {"bins": 281.2558511020247, "fmin": 59.79827174083286}, "datetime": {"datetime": "2021-05-02 19:34:08", "elapsed": 2946.459235, "delta": 85.565367}}
{"target": -73.80514526367188, "params": {"bins": 17.654195754196508, "fmin": 47.93869979837194}, "datetime": {"datetime": "2021-05-02 19:35:32", "elapsed": 3030.277106, "delta": 83.817871}}
{"target": -74.55068969726562, "params": {"bins": 20.649714704024003, "fmin": 44.384805227632796}, "datetime": {"datetime": "2021-05-02 19:36:57", "elapsed": 3115.122792, "delta": 84.845686}}
{"target": 6.294175148010254, "params": {"bins": 22.376472127303096, "fmin": 44.20709828387271}, "datetime": {"datetime": "2021-05-02 19:38:25", "elapsed": 3202.943451, "delta": 87.820659}}
{"target": -31.013452529907227, "params": {"bins": 152.78087791969318, "fmin": 40.54690088804482}, "datetime": {"datetime": "2021-05-02 19:39:51", "elapsed": 3289.257491, "delta": 86.31404}}
{"target": 6.350237846374512, "params": {"bins": 21.559172012946313, "fmin": 45.99064462540014}, "datetime": {"datetime": "2021-05-02 19:41:19", "elapsed": 3376.910852, "delta": 87.653361}}
{"target": -74.0904541015625, "params": {"bins": 18.856250866469004, "fmin": 48.61466987171208}, "datetime": {"datetime": "2021-05-02 19:42:43", "elapsed": 3460.957637, "delta": 84.046785}}
{"target": 7.173882484436035, "params": {"bins": 117.01455498096182, "fmin": 46.78210725664255}, "datetime": {"datetime": "2021-05-02 19:44:09", "elapsed": 3547.513955, "delta": 86.556318}}
{"target": 7.073404788970947, "params": {"bins": 152.31154773621395, "fmin": 45.40401290158134}, "datetime": {"datetime": "2021-05-02 19:45:35", "elapsed": 3633.458577, "delta": 85.944622}}
{"target": 7.059362411499023, "params": {"bins": 167.04467941437468, "fmin": 36.95909527547889}, "datetime": {"datetime": "2021-05-02 19:47:02", "elapsed": 3720.412592, "delta": 86.954015}}
{"target": 6.29407262802124, "params": {"bins": 22.341663161953555, "fmin": 44.12350008093078}, "datetime": {"datetime": "2021-05-02 19:48:31", "elapsed": 3808.607335, "delta": 88.194743}}
{"target": -28.31777000427246, "params": {"bins": 167.300660930104, "fmin": 37.67227656271784}, "datetime": {"datetime": "2021-05-02 19:49:56", "elapsed": 3894.276662, "delta": 85.669327}}
{"target": 7.167977333068848, "params": {"bins": 117.34853142146137, "fmin": 46.23813452361229}, "datetime": {"datetime": "2021-05-02 19:51:23", "elapsed": 3981.075169, "delta": 86.798507}}
{"target": -28.09178924560547, "params": {"bins": 167.1501247179431, "fmin": 36.20633854768646}, "datetime": {"datetime": "2021-05-02 19:52:50", "elapsed": 4067.758037, "delta": 86.682868}}
{"target": -18.000030517578125, "params": {"bins": 282.3880695470325, "fmin": 59.34129919782751}, "datetime": {"datetime": "2021-05-02 19:54:14", "elapsed": 4152.449124, "delta": 84.691087}}
{"target": -32.533172607421875, "params": {"bins": 144.96679703931727, "fmin": 38.33397256752302}, "datetime": {"datetime": "2021-05-02 19:55:40", "elapsed": 4238.13212, "delta": 85.682996}}
{"target": -36.7628173828125, "params": {"bins": 144.74524116354831, "fmin": 39.838297172278494}, "datetime": {"datetime": "2021-05-02 19:57:06", "elapsed": 4324.446599, "delta": 86.314479}}
{"target": -31.118885040283203, "params": {"bins": 153.00310778664675, "fmin": 44.89650599403382}, "datetime": {"datetime": "2021-05-02 19:58:32", "elapsed": 4410.102937, "delta": 85.656338}}
{"target": 6.593857765197754, "params": {"bins": 40.544501729338634, "fmin": 44.14871845999302}, "datetime": {"datetime": "2021-05-02 20:00:00", "elapsed": 4498.421175, "delta": 88.318238}}
{"target": 6.859557151794434, "params": {"bins": 312.79626907576227, "fmin": 36.16746796869461}, "datetime": {"datetime": "2021-05-02 20:01:29", "elapsed": 4586.83562, "delta": 88.414445}}
{"target": -30.63434600830078, "params": {"bins": 151.84237416547268, "fmin": 45.94357476908963}, "datetime": {"datetime": "2021-05-02 20:02:54", "elapsed": 4672.17475, "delta": 85.33913}}
{"target": -81.04711151123047, "params": {"bins": 21.375082262930857, "fmin": 21.219228474044407}, "datetime": {"datetime": "2021-05-02 20:04:21", "elapsed": 4758.857043, "delta": 86.682293}}
{"target": -30.61186981201172, "params": {"bins": 146.05413484770517, "fmin": 39.33464280981259}, "datetime": {"datetime": "2021-05-02 20:05:47", "elapsed": 4845.000154, "delta": 86.143111}}
{"target": -20.47536849975586, "params": {"bins": 308.46215099161753, "fmin": 52.812160217964596}, "datetime": {"datetime": "2021-05-02 20:07:12", "elapsed": 4930.445013, "delta": 85.444859}}
{"target": -17.121532440185547, "params": {"bins": 313.09651741432333, "fmin": 36.77371846041182}, "datetime": {"datetime": "2021-05-02 20:08:40", "elapsed": 5018.023914, "delta": 87.578901}}
{"target": -61.014827728271484, "params": {"bins": 33.04460507387612, "fmin": 38.733288498140496}, "datetime": {"datetime": "2021-05-02 20:10:06", "elapsed": 5104.180132, "delta": 86.156218}}
{"target": -35.57551574707031, "params": {"bins": 116.77189599007542, "fmin": 47.515504759716755}, "datetime": {"datetime": "2021-05-02 20:11:32", "elapsed": 5190.105933, "delta": 85.925801}}
{"target": -22.706314086914062, "params": {"bins": 256.3451133913808, "fmin": 25.866079061397006}, "datetime": {"datetime": "2021-05-02 20:13:01", "elapsed": 5279.491742, "delta": 89.385809}}
{"target": -16.612018585205078, "params": {"bins": 264.5000296466067, "fmin": 53.6444203441415}, "datetime": {"datetime": "2021-05-02 20:14:28", "elapsed": 5365.618555, "delta": 86.126813}}
{"target": 7.085444927215576, "params": {"bins": 166.31466930358656, "fmin": 36.79405566636736}, "datetime": {"datetime": "2021-05-02 20:15:55", "elapsed": 5452.693834, "delta": 87.075279}}
{"target": -72.1632080078125, "params": {"bins": 21.576342605283436, "fmin": 45.59789794004133}, "datetime": {"datetime": "2021-05-02 20:17:19", "elapsed": 5537.466777, "delta": 84.772943}}
{"target": -31.87684440612793, "params": {"bins": 145.270491550008, "fmin": 39.101460001781334}, "datetime": {"datetime": "2021-05-02 20:18:46", "elapsed": 5624.133117, "delta": 86.66634}}
{"target": -19.267208099365234, "params": {"bins": 264.33313470702853, "fmin": 53.657227122235504}, "datetime": {"datetime": "2021-05-02 20:20:12", "elapsed": 5710.215961, "delta": 86.082844}}
{"target": -72.70548248291016, "params": {"bins": 22.060002395888702, "fmin": 45.17313636774156}, "datetime": {"datetime": "2021-05-02 20:21:37", "elapsed": 5795.051724, "delta": 84.835763}}
{"target": 7.003125190734863, "params": {"bins": 238.48529069140432, "fmin": 58.367798209109765}, "datetime": {"datetime": "2021-05-02 20:23:03", "elapsed": 5880.791005, "delta": 85.739281}}
{"target": -49.24816131591797, "params": {"bins": 77.17965770174185, "fmin": 23.383356808202066}, "datetime": {"datetime": "2021-05-02 20:24:31", "elapsed": 5968.698555, "delta": 87.90755}}
{"target": -23.028860092163086, "params": {"bins": 200.90904779792552, "fmin": 29.757351412832467}, "datetime": {"datetime": "2021-05-02 20:25:58", "elapsed": 6056.411862, "delta": 87.713307}}
{"target": 6.952627182006836, "params": {"bins": 272.91105755518635, "fmin": 23.83109429429323}, "datetime": {"datetime": "2021-05-02 20:27:29", "elapsed": 6146.886871, "delta": 90.475009}}
{"target": 6.87650728225708, "params": {"bins": 331.16711383301316, "fmin": 47.42235107767724}, "datetime": {"datetime": "2021-05-02 20:28:55", "elapsed": 6233.392533, "delta": 86.505662}}
{"target": 6.9941725730896, "params": {"bins": 108.90608351448493, "fmin": 42.50472648851692}, "datetime": {"datetime": "2021-05-02 20:30:22", "elapsed": 6319.899094, "delta": 86.506561}}
{"target": -21.776840209960938, "params": {"bins": 263.6561078070141, "fmin": 26.085838720870974}, "datetime": {"datetime": "2021-05-02 20:31:52", "elapsed": 6409.620833, "delta": 89.721739}}
{"target": -40.15629959106445, "params": {"bins": 109.04788556674534, "fmin": 57.75384100241737}, "datetime": {"datetime": "2021-05-02 20:33:17", "elapsed": 6494.88743, "delta": 85.266597}}
{"target": -48.55378341674805, "params": {"bins": 86.75199909501896, "fmin": 26.352671163021235}, "datetime": {"datetime": "2021-05-02 20:34:46", "elapsed": 6584.112458, "delta": 89.225028}}
{"target": -23.473257064819336, "params": {"bins": 269.7634484958883, "fmin": 45.29212568487758}, "datetime": {"datetime": "2021-05-02 20:36:14", "elapsed": 6671.615248, "delta": 87.50279}}
{"target": -41.679901123046875, "params": {"bins": 98.41329444179496, "fmin": 44.88639297957653}, "datetime": {"datetime": "2021-05-02 20:37:41", "elapsed": 6758.60799, "delta": 86.992742}}
{"target": 6.9858598709106445, "params": {"bins": 264.03017838331914, "fmin": 22.322027658135717}, "datetime": {"datetime": "2021-05-02 20:39:11", "elapsed": 6849.036575, "delta": 90.428585}}
{"target": -22.752410888671875, "params": {"bins": 233.26323902177077, "fmin": 37.061981097461356}, "datetime": {"datetime": "2021-05-02 20:40:38", "elapsed": 6936.179065, "delta": 87.14249}}
{"target": 6.969299793243408, "params": {"bins": 245.84215870317428, "fmin": 24.611663725575134}, "datetime": {"datetime": "2021-05-02 20:42:08", "elapsed": 7025.915374, "delta": 89.736309}}
{"target": 7.0868048667907715, "params": {"bins": 164.897693294807, "fmin": 22.179678011212687}, "datetime": {"datetime": "2021-05-02 20:43:38", "elapsed": 7115.805698, "delta": 89.890324}}
{"target": 7.009130001068115, "params": {"bins": 104.309470001874, "fmin": 21.570142205127425}, "datetime": {"datetime": "2021-05-02 20:45:09", "elapsed": 7207.330408, "delta": 91.52471}}
{"target": 6.502145290374756, "params": {"bins": 31.988450462718163, "fmin": 37.5041390382746}, "datetime": {"datetime": "2021-05-02 20:46:38", "elapsed": 7295.697705, "delta": 88.367297}}
{"target": 6.973942756652832, "params": {"bins": 83.65166225226135, "fmin": 36.642005113130224}, "datetime": {"datetime": "2021-05-02 20:48:07", "elapsed": 7384.982252, "delta": 89.284547}}
{"target": -16.12564468383789, "params": {"bins": 314.5972813796794, "fmin": 55.09743417289511}, "datetime": {"datetime": "2021-05-02 20:49:33", "elapsed": 7470.739977, "delta": 85.757725}}
{"target": -37.88224411010742, "params": {"bins": 141.37986956693476, "fmin": 15.629148767587377}, "datetime": {"datetime": "2021-05-02 20:51:04", "elapsed": 7562.075629, "delta": 91.335652}}
{"target": 7.003757476806641, "params": {"bins": 217.2492702105894, "fmin": 47.599330587261726}, "datetime": {"datetime": "2021-05-02 20:52:30", "elapsed": 7647.875422, "delta": 85.799793}}
{"target": -14.836420059204102, "params": {"bins": 298.0307508642255, "fmin": 39.0024762193007}, "datetime": {"datetime": "2021-05-02 20:53:56", "elapsed": 7733.885289, "delta": 86.009867}}
{"target": -38.87464141845703, "params": {"bins": 100.34154194977546, "fmin": 48.947578165126494}, "datetime": {"datetime": "2021-05-02 20:55:22", "elapsed": 7819.9987, "delta": 86.113411}}
{"target": -40.37016677856445, "params": {"bins": 103.76581806612616, "fmin": 31.032356234968812}, "datetime": {"datetime": "2021-05-02 20:56:50", "elapsed": 7907.916255, "delta": 87.917555}}
{"target": 7.053369998931885, "params": {"bins": 86.96693790645571, "fmin": 53.90493971229737}, "datetime": {"datetime": "2021-05-02 20:58:17", "elapsed": 7994.94186, "delta": 87.025605}}
{"target": -40.82756805419922, "params": {"bins": 130.60553463766811, "fmin": 39.42398980915485}, "datetime": {"datetime": "2021-05-02 20:59:43", "elapsed": 8081.569895, "delta": 86.628035}}
{"target": 6.686369895935059, "params": {"bins": 53.66281654012444, "fmin": 41.80960523014348}, "datetime": {"datetime": "2021-05-02 21:01:11", "elapsed": 8168.736087, "delta": 87.166192}}
{"target": -51.646644592285156, "params": {"bins": 62.00503319321298, "fmin": 46.92985429425014}, "datetime": {"datetime": "2021-05-02 21:02:36", "elapsed": 8254.21439, "delta": 85.478303}}
{"target": 6.966642379760742, "params": {"bins": 265.11076658346656, "fmin": 16.930133618999065}, "datetime": {"datetime": "2021-05-02 21:04:07", "elapsed": 8344.697193, "delta": 90.482803}}
{"target": 6.889945030212402, "params": {"bins": 281.62470514139915, "fmin": 49.85648988450989}, "datetime": {"datetime": "2021-05-02 21:05:32", "elapsed": 8430.542836, "delta": 85.845643}}
{"target": -24.292266845703125, "params": {"bins": 240.73610619924608, "fmin": 38.80426202439949}, "datetime": {"datetime": "2021-05-02 21:07:00", "elapsed": 8517.61658, "delta": 87.073744}}
{"target": 6.8680853843688965, "params": {"bins": 290.5226918998056, "fmin": 59.32599185025867}, "datetime": {"datetime": "2021-05-02 21:08:25", "elapsed": 8602.714564, "delta": 85.097984}}
{"target": 6.876977443695068, "params": {"bins": 274.7225775892394, "fmin": 56.029585213634014}, "datetime": {"datetime": "2021-05-02 21:09:51", "elapsed": 8688.809746, "delta": 86.095182}}
{"target": 6.957124710083008, "params": {"bins": 238.80676499425243, "fmin": 43.77964238461824}, "datetime": {"datetime": "2021-05-02 21:11:18", "elapsed": 8775.718686, "delta": 86.90894}}
{"target": 7.073675155639648, "params": {"bins": 150.98420997746527, "fmin": 26.6092341772801}, "datetime": {"datetime": "2021-05-02 21:12:47", "elapsed": 8864.910939, "delta": 89.192253}}
{"target": 6.993449687957764, "params": {"bins": 220.6413029485812, "fmin": 40.53156343858631}, "datetime": {"datetime": "2021-05-02 21:14:13", "elapsed": 8950.96968, "delta": 86.058741}}
{"target": 6.977649688720703, "params": {"bins": 248.19704873802127, "fmin": 35.82574832188205}, "datetime": {"datetime": "2021-05-02 21:15:41", "elapsed": 9039.040563, "delta": 88.070883}}
{"target": 6.912610054016113, "params": {"bins": 300.38792454806674, "fmin": 17.327817778071314}, "datetime": {"datetime": "2021-05-02 21:17:13", "elapsed": 9131.222008, "delta": 92.181445}}
{"target": -88.1714859008789, "params": {"bins": 17.23237300155778, "fmin": 17.317939419846898}, "datetime": {"datetime": "2021-05-02 21:18:40", "elapsed": 9217.844743, "delta": 86.622735}}
{"target": 7.062082290649414, "params": {"bins": 236.0716285662183, "fmin": 18.208859825913372}, "datetime": {"datetime": "2021-05-02 21:20:10", "elapsed": 9308.114659, "delta": 90.269916}}
{"target": -24.89548110961914, "params": {"bins": 245.36130106690652, "fmin": 42.56759425221246}, "datetime": {"datetime": "2021-05-02 21:21:37", "elapsed": 9394.889584, "delta": 86.774925}}
{"target": 6.814032554626465, "params": {"bins": 319.22788830513116, "fmin": 42.676142492736815}, "datetime": {"datetime": "2021-05-02 21:23:04", "elapsed": 9482.105267, "delta": 87.215683}}
{"target": -55.00706100463867, "params": {"bins": 40.79899864376242, "fmin": 31.063881232405713}, "datetime": {"datetime": "2021-05-02 21:24:31", "elapsed": 9569.363448, "delta": 87.258181}}
{"target": 6.633182525634766, "params": {"bins": 53.72524568383137, "fmin": 25.682358422171458}, "datetime": {"datetime": "2021-05-02 21:26:01", "elapsed": 9659.071508, "delta": 89.70806}}
{"target": 7.037095069885254, "params": {"bins": 217.42473388290207, "fmin": 25.71156136476882}, "datetime": {"datetime": "2021-05-02 21:27:30", "elapsed": 9747.95393, "delta": 88.882422}}
{"target": 7.160832405090332, "params": {"bins": 133.60599126250173, "fmin": 45.51027572388818}, "datetime": {"datetime": "2021-05-02 21:28:57", "elapsed": 9834.686573, "delta": 86.732643}}
{"target": -89.66755676269531, "params": {"bins": 14.497500667853979, "fmin": 43.62457199053381}, "datetime": {"datetime": "2021-05-02 21:30:20", "elapsed": 9917.746014, "delta": 83.059441}}
