{"target": 7.03518009185791, "params": {"bins": 89.72741935552486, "fmin": 37.135657039776476}, "datetime": {"datetime": "2021-05-02 21:31:48", "elapsed": 10006.226385, "delta": 88.480371}}
{"target": 6.823742866516113, "params": {"bins": 344.03756151766135, "fmin": 22.12665642605586}, "datetime": {"datetime": "2021-05-02 21:33:19", "elapsed": 10096.604272, "delta": 90.377887}}
{"target": 7.051047325134277, "params": {"bins": 240.49490176193063, "fmin": 18.61237700694126}, "datetime": {"datetime": "2021-05-02 21:34:48", "elapsed": 10186.430862, "delta": 89.82659}}
{"target": -38.598594665527344, "params": {"bins": 113.1441551131646, "fmin": 42.80831548620199}, "datetime": {"datetime": "2021-05-02 21:36:15", "elapsed": 10273.052207, "delta": 86.621345}}
{"target": 6.914159774780273, "params": {"bins": 78.564940490908, "fmin": 38.52458540583267}, "datetime": {"datetime": "2021-05-02 21:37:43", "elapsed": 10360.69209, "delta": 87.639883}}
{"target": -22.158132553100586, "params": {"bins": 309.7827052493163, "fmin": 36.15767616195187}, "datetime": {"datetime": "2021-05-02 21:39:11", "elapsed": 10449.369118, "delta": 88.677028}}
{"target": -45.886474609375, "params": {"bins": 78.85877204503106, "fmin": 19.268979443247922}, "datetime": {"datetime": "2021-05-02 21:40:41", "elapsed": 10538.975776, "delta": 89.606658}}
{"target": 7.074634552001953, "params": {"bins": 103.21431108989448, "fmin": 29.603152601157646}, "datetime": {"datetime": "2021-05-02 21:42:10", "elapsed": 10628.562488, "delta": 89.586712}}
{"target": 6.98075008392334, "params": {"bins": 257.41197262719163, "fmin": 40.04703122869223}, "datetime": {"datetime": "2021-05-02 21:43:39", "elapsed": 10716.580299, "delta": 88.017811}}
{"target": -20.282917022705078, "params": {"bins": 292.9788899633207, "fmin": 23.002084881012962}, "datetime": {"datetime": "2021-05-02 21:45:10", "elapsed": 10808.324888, "delta": 91.744589}}
{"target": 6.845309734344482, "params": {"bins": 277.0855296428169, "fmin": 38.00721785714286}, "datetime": {"datetime": "2021-05-02 21:46:38", "elapsed": 10896.042152, "delta": 87.717264}}
{"target": -61.05010986328125, "params": {"bins": 32.05807622633728, "fmin": 54.19390217356417}, "datetime": {"datetime": "2021-05-02 21:48:03", "elapsed": 10980.834136, "delta": 84.791984}}
{"target": -74.17542266845703, "params": {"bins": 27.855663486010496, "fmin": 17.567785326417766}, "datetime": {"datetime": "2021-05-02 21:49:31", "elapsed": 11069.325739, "delta": 88.491603}}
{"target": 6.878667831420898, "params": {"bins": 280.72119375729443, "fmin": 54.75406462424643}, "datetime": {"datetime": "2021-05-02 21:50:57", "elapsed": 11155.229321, "delta": 85.903582}}
{"target": 7.06682014465332, "params": {"bins": 134.0199518146128, "fmin": 15.579859823113859}, "datetime": {"datetime": "2021-05-02 21:52:30", "elapsed": 11247.617239, "delta": 92.387918}}
{"target": 7.055874824523926, "params": {"bins": 232.1520186476764, "fmin": 51.44259970116728}, "datetime": {"datetime": "2021-05-02 21:53:55", "elapsed": 11333.278355, "delta": 85.661116}}
{"target": 6.990610122680664, "params": {"bins": 245.44132446851097, "fmin": 42.664682252729875}, "datetime": {"datetime": "2021-05-02 21:55:23", "elapsed": 11420.604192, "delta": 87.325837}}
{"target": 6.910339832305908, "params": {"bins": 320.26732066866833, "fmin": 19.276896773832004}, "datetime": {"datetime": "2021-05-02 21:56:54", "elapsed": 11512.174881, "delta": 91.570689}}
{"target": -57.63557434082031, "params": {"bins": 53.55960480878136, "fmin": 20.91338393743514}, "datetime": {"datetime": "2021-05-02 21:58:23", "elapsed": 11600.956275, "delta": 88.781394}}
{"target": -44.65413284301758, "params": {"bins": 98.45962235978283, "fmin": 17.648943374343144}, "datetime": {"datetime": "2021-05-02 21:59:55", "elapsed": 11692.703168, "delta": 91.746893}}
{"target": 6.943634986877441, "params": {"bins": 99.40483142699567, "fmin": 32.45941233840014}, "datetime": {"datetime": "2021-05-02 22:01:22", "elapsed": 11780.174932, "delta": 87.471764}}
{"target": -60.057411193847656, "params": {"bins": 44.63479194772732, "fmin": 22.849277159645457}, "datetime": {"datetime": "2021-05-02 22:02:51", "elapsed": 11868.820204, "delta": 88.645272}}
{"target": 7.189125061035156, "params": {"bins": 132.54839524162907, "fmin": 58.76825782788748}, "datetime": {"datetime": "2021-05-02 22:04:15", "elapsed": 11952.914953, "delta": 84.094749}}
{"target": -17.217933654785156, "params": {"bins": 332.1843642745152, "fmin": 24.95146957472209}, "datetime": {"datetime": "2021-05-02 22:05:45", "elapsed": 12042.599699, "delta": 89.684746}}
{"target": 6.497654914855957, "params": {"bins": 35.68767394725951, "fmin": 37.91960526111588}, "datetime": {"datetime": "2021-05-02 22:07:13", "elapsed": 12130.926687, "delta": 88.326988}}
{"target": -21.073936462402344, "params": {"bins": 302.2928675504937, "fmin": 52.91845072067056}, "datetime": {"datetime": "2021-05-02 22:08:37", "elapsed": 12215.192695, "delta": 84.266008}}
{"target": -29.929824829101562, "params": {"bins": 158.63638333473617, "fmin": 30.67689367098025}, "datetime": {"datetime": "2021-05-02 22:10:05", "elapsed": 12302.646118, "delta": 87.453423}}
{"target": -28.18207359313965, "params": {"bins": 189.52424326361108, "fmin": 18.297473178765223}, "datetime": {"datetime": "2021-05-02 22:11:35", "elapsed": 12392.67646, "delta": 90.030342}}
{"target": 7.074944496154785, "params": {"bins": 229.08124385878398, "fmin": 22.19860654425842}, "datetime": {"datetime": "2021-05-02 22:13:04", "elapsed": 12482.168412, "delta": 89.491952}}
{"target": 6.875127792358398, "params": {"bins": 301.315975184472, "fmin": 48.10920351994988}, "datetime": {"datetime": "2021-05-02 22:14:30", "elapsed": 12567.88204, "delta": 85.713628}}
{"target": 7.0914306640625, "params": {"bins": 203.82446441049527, "fmin": 47.22475398075433}, "datetime": {"datetime": "2021-05-02 22:15:55", "elapsed": 12652.738162, "delta": 84.856122}}
{"target": 7.102972507476807, "params": {"bins": 132.33668566097063, "fmin": 43.86069622391037}, "datetime": {"datetime": "2021-05-02 22:17:21", "elapsed": 12738.646127, "delta": 85.907965}}
{"target": -54.42203140258789, "params": {"bins": 54.6007723817996, "fmin": 35.05616874936913}, "datetime": {"datetime": "2021-05-02 22:18:47", "elapsed": 12825.525166, "delta": 86.879039}}
{"target": -52.61687088012695, "params": {"bins": 69.73994071764034, "fmin": 26.576282516737564}, "datetime": {"datetime": "2021-05-02 22:20:15", "elapsed": 12912.822677, "delta": 87.297511}}
{"target": -23.532421112060547, "params": {"bins": 245.97154869453195, "fmin": 22.0293957644165}, "datetime": {"datetime": "2021-05-02 22:21:43", "elapsed": 13001.331478, "delta": 88.508801}}
{"target": -16.16521453857422, "params": {"bins": 327.84686752449056, "fmin": 35.34673421924478}, "datetime": {"datetime": "2021-05-02 22:23:11", "elapsed": 13089.349516, "delta": 88.018038}}
{"target": 7.038434982299805, "params": {"bins": 255.14219124101018, "fmin": 21.214556758934062}, "datetime": {"datetime": "2021-05-02 22:24:42", "elapsed": 13179.640905, "delta": 90.291389}}
{"target": 7.143495082855225, "params": {"bins": 177.308133398253, "fmin": 32.489424109069724}, "datetime": {"datetime": "2021-05-02 22:26:10", "elapsed": 13267.613318, "delta": 87.972413}}
{"target": -63.56156539916992, "params": {"bins": 28.793779422249, "fmin": 34.99850883146307}, "datetime": {"datetime": "2021-05-02 22:27:36", "elapsed": 13353.828183, "delta": 86.214865}}
{"target": -18.766279220581055, "params": {"bins": 296.21221806071105, "fmin": 39.564684916997294}, "datetime": {"datetime": "2021-05-02 22:29:03", "elapsed": 13441.314956, "delta": 87.486773}}
{"target": 6.8843674659729, "params": {"bins": 297.7098589298597, "fmin": 42.41590452848837}, "datetime": {"datetime": "2021-05-02 22:30:30", "elapsed": 13528.447932, "delta": 87.132976}}
{"target": 7.119434833526611, "params": {"bins": 153.5451444942283, "fmin": 27.323086123112212}, "datetime": {"datetime": "2021-05-02 22:32:00", "elapsed": 13617.882324, "delta": 89.434392}}
{"target": 6.912624835968018, "params": {"bins": 289.9299623655239, "fmin": 24.736462919073368}, "datetime": {"datetime": "2021-05-02 22:33:30", "elapsed": 13708.197728, "delta": 90.315404}}
{"target": 7.139100074768066, "params": {"bins": 141.68899384069925, "fmin": 53.917469463784435}, "datetime": {"datetime": "2021-05-02 22:34:55", "elapsed": 13793.369758, "delta": 85.17203}}
{"target": -49.966922760009766, "params": {"bins": 70.38645546534909, "fmin": 50.3380237425919}, "datetime": {"datetime": "2021-05-02 22:36:21", "elapsed": 13878.643263, "delta": 85.273505}}
{"target": 7.019037246704102, "params": {"bins": 111.20996793636061, "fmin": 18.04537616438676}, "datetime": {"datetime": "2021-05-02 22:37:53", "elapsed": 13971.106846, "delta": 92.463583}}
{"target": -34.36351776123047, "params": {"bins": 136.83921644942725, "fmin": 31.31168127123286}, "datetime": {"datetime": "2021-05-02 22:39:20", "elapsed": 14058.297166, "delta": 87.19032}}
{"target": -23.838003158569336, "params": {"bins": 229.57691794991547, "fmin": 15.789366397364907}, "datetime": {"datetime": "2021-05-02 22:40:51", "elapsed": 14149.253555, "delta": 90.956389}}
{"target": 7.019925117492676, "params": {"bins": 250.09509229418651, "fmin": 54.32163405260329}, "datetime": {"datetime": "2021-05-02 22:42:19", "elapsed": 14236.922988, "delta": 87.669433}}
{"target": 7.009182929992676, "params": {"bins": 249.26365804433118, "fmin": 54.75128139813}, "datetime": {"datetime": "2021-05-02 22:43:47", "elapsed": 14325.283985, "delta": 88.360997}}
{"target": -16.308448791503906, "params": {"bins": 340.8697064669459, "fmin": 44.39795403868351}, "datetime": {"datetime": "2021-05-02 22:45:19", "elapsed": 14417.187198, "delta": 91.903213}}
{"target": -18.25848388671875, "params": {"bins": 339.7290594032478, "fmin": 16.804285148647786}, "datetime": {"datetime": "2021-05-02 22:46:56", "elapsed": 14514.214202, "delta": 97.027004}}
{"target": -51.82062530517578, "params": {"bins": 60.18738118932718, "fmin": 34.34549044659286}, "datetime": {"datetime": "2021-05-02 22:48:24", "elapsed": 14601.599814, "delta": 87.385612}}
{"target": -23.154821395874023, "params": {"bins": 308.377486860151, "fmin": 15.795892316420415}, "datetime": {"datetime": "2021-05-02 22:49:55", "elapsed": 14693.434198, "delta": 91.834384}}
{"target": 7.025190353393555, "params": {"bins": 105.32352677640961, "fmin": 45.41455439216652}, "datetime": {"datetime": "2021-05-02 22:51:23", "elapsed": 14781.018536, "delta": 87.584338}}
{"target": -59.159236907958984, "params": {"bins": 44.21035557563539, "fmin": 55.685989915567546}, "datetime": {"datetime": "2021-05-02 22:52:49", "elapsed": 14866.667561, "delta": 85.649025}}
{"target": -64.03175354003906, "params": {"bins": 31.706147374623413, "fmin": 58.27718666099763}, "datetime": {"datetime": "2021-05-02 22:54:13", "elapsed": 14951.163493, "delta": 84.495932}}
{"target": 7.181650161743164, "params": {"bins": 127.1947761933409, "fmin": 47.42544920610858}, "datetime": {"datetime": "2021-05-02 22:55:40", "elapsed": 15038.002009, "delta": 86.838516}}
{"target": -12.94216251373291, "params": {"bins": 325.4193620049407, "fmin": 35.572323399576376}, "datetime": {"datetime": "2021-05-02 22:57:08", "elapsed": 15125.632442, "delta": 87.630433}}
{"target": 6.8091349601745605, "params": {"bins": 347.9883735536468, "fmin": 25.35845814973437}, "datetime": {"datetime": "2021-05-02 22:58:37", "elapsed": 15214.687483, "delta": 89.055041}}
{"target": -56.59751892089844, "params": {"bins": 64.46396458407185, "fmin": 19.303483578066203}, "datetime": {"datetime": "2021-05-02 23:00:06", "elapsed": 15304.373159, "delta": 89.685676}}
{"target": 7.117195129394531, "params": {"bins": 205.94427937487302, "fmin": 26.133133959034915}, "datetime": {"datetime": "2021-05-02 23:01:35", "elapsed": 15393.119188, "delta": 88.746029}}
{"target": -59.76734161376953, "params": {"bins": 46.191772487507734, "fmin": 23.64578529520034}, "datetime": {"datetime": "2021-05-02 23:03:05", "elapsed": 15482.605293, "delta": 89.486105}}
{"target": -17.181880950927734, "params": {"bins": 336.1053925729291, "fmin": 21.466352573160435}, "datetime": {"datetime": "2021-05-02 23:04:36", "elapsed": 15574.038415, "delta": 91.433122}}
{"target": -13.278285026550293, "params": {"bins": 343.59292309546237, "fmin": 53.9814816988034}, "datetime": {"datetime": "2021-05-02 23:06:03", "elapsed": 15661.298933, "delta": 87.260518}}
{"target": -21.037673950195312, "params": {"bins": 225.73787043719156, "fmin": 57.181309614076376}, "datetime": {"datetime": "2021-05-02 23:07:29", "elapsed": 15747.501949, "delta": 86.203016}}
{"target": -24.28818130493164, "params": {"bins": 266.52122284708435, "fmin": 38.64232769801007}, "datetime": {"datetime": "2021-05-02 23:08:59", "elapsed": 15837.061721, "delta": 89.559772}}
{"target": 6.914742469787598, "params": {"bins": 324.14597193144937, "fmin": 16.638336009733592}, "datetime": {"datetime": "2021-05-02 23:10:34", "elapsed": 15932.111929, "delta": 95.050208}}
{"target": -69.09615325927734, "params": {"bins": 26.74224521329419, "fmin": 34.057991084434576}, "datetime": {"datetime": "2021-05-02 23:12:01", "elapsed": 16018.742255, "delta": 86.630326}}
{"target": 6.740375518798828, "params": {"bins": 340.32497531673613, "fmin": 32.50370537067704}, "datetime": {"datetime": "2021-05-02 23:13:33", "elapsed": 16111.058389, "delta": 92.316134}}
{"target": -59.61444091796875, "params": {"bins": 36.40855765546565, "fmin": 42.946285657178024}, "datetime": {"datetime": "2021-05-02 23:15:01", "elapsed": 16198.914451, "delta": 87.856062}}
{"target": 6.920749664306641, "params": {"bins": 93.37959151464679, "fmin": 28.80954916779099}, "datetime": {"datetime": "2021-05-02 23:16:34", "elapsed": 16291.813023, "delta": 92.898572}}
{"target": 6.912045001983643, "params": {"bins": 293.785088889593, "fmin": 35.09095527018451}, "datetime": {"datetime": "2021-05-02 23:18:02", "elapsed": 16380.54938, "delta": 88.736357}}
{"target": -18.696529388427734, "params": {"bins": 235.34487048871432, "fmin": 54.19047802014856}, "datetime": {"datetime": "2021-05-02 23:19:27", "elapsed": 16465.514441, "delta": 84.965061}}
{"target": -49.06501770019531, "params": {"bins": 77.83226582080573, "fmin": 58.94164124560545}, "datetime": {"datetime": "2021-05-02 23:20:54", "elapsed": 16551.932743, "delta": 86.418302}}
{"target": -23.32468032836914, "params": {"bins": 209.98098328582154, "fmin": 33.74143414232611}, "datetime": {"datetime": "2021-05-02 23:22:21", "elapsed": 16638.777902, "delta": 86.845159}}
{"target": -19.669029235839844, "params": {"bins": 273.1560751754045, "fmin": 20.221175152763085}, "datetime": {"datetime": "2021-05-02 23:23:52", "elapsed": 16729.971488, "delta": 91.193586}}
{"target": -25.857555389404297, "params": {"bins": 253.30334415449667, "fmin": 15.792384903022752}, "datetime": {"datetime": "2021-05-02 23:25:23", "elapsed": 16820.985545, "delta": 91.014057}}
{"target": 6.996464729309082, "params": {"bins": 267.9921906845924, "fmin": 17.684736481441988}, "datetime": {"datetime": "2021-05-02 23:26:55", "elapsed": 16912.613954, "delta": 91.628409}}
{"target": -77.28950500488281, "params": {"bins": 17.48730990220411, "fmin": 27.310376309187518}, "datetime": {"datetime": "2021-05-02 23:28:20", "elapsed": 16997.706111, "delta": 85.092157}}
{"target": -35.45091247558594, "params": {"bins": 129.48109555550667, "fmin": 30.96412580745877}, "datetime": {"datetime": "2021-05-02 23:29:48", "elapsed": 17086.046199, "delta": 88.340088}}
{"target": 6.639579772949219, "params": {"bins": 43.236383015905886, "fmin": 45.7218584243481}, "datetime": {"datetime": "2021-05-02 23:31:15", "elapsed": 17173.476686, "delta": 87.430487}}
{"target": 7.19704008102417, "params": {"bins": 138.9760038574192, "fmin": 51.09174579354408}, "datetime": {"datetime": "2021-05-02 23:32:41", "elapsed": 17259.265431, "delta": 85.788745}}
{"target": -33.69745635986328, "params": {"bins": 153.91235966327113, "fmin": 43.999906085748975}, "datetime": {"datetime": "2021-05-02 23:34:07", "elapsed": 17344.593771, "delta": 85.32834}}
{"target": 6.916065216064453, "params": {"bins": 253.60563136475324, "fmin": 47.02198032800431}, "datetime": {"datetime": "2021-05-02 23:35:33", "elapsed": 17431.238068, "delta": 86.644297}}
