{"target": 7.209217548370361, "params": {"bins": 152.11939358006487, "fmin": 47.414602204897115}, "datetime": {"datetime": "2021-05-02 23:36:46", "elapsed": 0.0, "delta": 0.0}}
{"target": 5.34759521484375, "params": {"bins": 12.038429938627882, "fmin": 28.60496576843279}, "datetime": {"datetime": "2021-05-02 23:38:02", "elapsed": 76.164741, "delta": 76.164741}}
{"target": 6.13324499130249, "params": {"bins": 61.309979314549985, "fmin": 19.1552367645959}, "datetime": {"datetime": "2021-05-02 23:39:16", "elapsed": 150.001318, "delta": 73.836577}}
{"target": 6.563887596130371, "params": {"bins": 74.58343102289743, "fmin": 30.55023271693715}, "datetime": {"datetime": "2021-05-02 23:40:28", "elapsed": 222.158754, "delta": 72.157436}}
{"target": 7.208094596862793, "params": {"bins": 145.3138713415051, "fmin": 39.24675303015106}, "datetime": {"datetime": "2021-05-02 23:41:41", "elapsed": 294.819276, "delta": 72.660522}}
{"target": -19.616228103637695, "params": {"bins": 152.84935683950707, "fmin": 45.83487751785418}, "datetime": {"datetime": "2021-05-02 23:42:54", "elapsed": 367.630219, "delta": 72.810943}}
{"target": 6.410367488861084, "params": {"bins": 80.69595590978986, "fmin": 54.51528463759254}, "datetime": {"datetime": "2021-05-02 23:44:07", "elapsed": 440.547112, "delta": 72.916893}}
{"target": 5.432095050811768, "params": {"bins": 21.20223131450319, "fmin": 45.1710379580281}, "datetime": {"datetime": "2021-05-02 23:45:22", "elapsed": 515.349651, "delta": 74.802539}}
{"target": 7.253025054931641, "params": {"bins": 152.21441359535467, "fmin": 40.14104228005883}, "datetime": {"datetime": "2021-05-02 23:46:35", "elapsed": 588.406553, "delta": 73.056902}}
{"target": 6.12884521484375, "params": {"bins": 59.17001136799855, "fmin": 23.914567008819546}, "datetime": {"datetime": "2021-05-02 23:47:48", "elapsed": 662.199163, "delta": 73.79261}}
{"target": 7.192562103271484, "params": {"bins": 281.0501750749803, "fmin": 58.57177090737289}, "datetime": {"datetime": "2021-05-02 23:49:01", "elapsed": 734.906557, "delta": 72.707394}}
{"target": 7.033397674560547, "params": {"bins": 117.3105238615056, "fmin": 46.15451770511913}, "datetime": {"datetime": "2021-05-02 23:50:13", "elapsed": 807.282964, "delta": 72.376407}}
{"target": -8.654194831848145, "params": {"bins": 306.4667551714689, "fmin": 55.25729985767313}, "datetime": {"datetime": "2021-05-02 23:51:26", "elapsed": 880.292518, "delta": 73.009554}}
{"target": 5.719539642333984, "params": {"bins": 40.57485502024538, "fmin": 16.757465245479708}, "datetime": {"datetime": "2021-05-02 23:52:40", "elapsed": 953.849286, "delta": 73.556768}}
{"target": 6.384804725646973, "params": {"bins": 69.06302097369516, "fmin": 54.51641265432359}, "datetime": {"datetime": "2021-05-02 23:53:53", "elapsed": 1026.932101, "delta": 73.082815}}
{"target": 5.864229679107666, "params": {"bins": 45.04453616790483, "fmin": 33.949843125227346}, "datetime": {"datetime": "2021-05-02 23:55:07", "elapsed": 1101.015447, "delta": 74.083346}}
{"target": 7.411402702331543, "params": {"bins": 333.85088213056866, "fmin": 38.992437823785764}, "datetime": {"datetime": "2021-05-02 23:56:20", "elapsed": 1173.872046, "delta": 72.856599}}
{"target": 7.416774749755859, "params": {"bins": 244.47071028735905, "fmin": 29.198203395272834}, "datetime": {"datetime": "2021-05-02 23:57:33", "elapsed": 1246.747398, "delta": 72.875352}}
{"target": 7.356576919555664, "params": {"bins": 242.6643117010121, "fmin": 52.55815523538178}, "datetime": {"datetime": "2021-05-02 23:58:46", "elapsed": 1319.459831, "delta": 72.712433}}
{"target": 5.3282599449157715, "params": {"bins": 18.144861187648445, "fmin": 48.75649417252354}, "datetime": {"datetime": "2021-05-03 00:00:01", "elapsed": 1394.50832, "delta": 75.048489}}
{"target": 7.391882419586182, "params": {"bins": 334.00363439008373, "fmin": 39.14211275331128}, "datetime": {"datetime": "2021-05-03 00:01:13", "elapsed": 1467.088256, "delta": 72.579936}}
{"target": 7.1714372634887695, "params": {"bins": 152.89181994241696, "fmin": 48.847847562885846}, "datetime": {"datetime": "2021-05-03 00:02:26", "elapsed": 1540.03645, "delta": 72.948194}}
{"target": 7.390627861022949, "params": {"bins": 245.94446266040413, "fmin": 28.933097781058127}, "datetime": {"datetime": "2021-05-03 00:03:39", "elapsed": 1612.375166, "delta": 72.338716}}
{"target": 7.153092384338379, "params": {"bins": 150.69542611416918, "fmin": 48.160126519923054}, "datetime": {"datetime": "2021-05-03 00:04:51", "elapsed": 1684.672269, "delta": 72.297103}}
{"target": 7.159127235412598, "params": {"bins": 151.49591568232543, "fmin": 49.48335375825117}, "datetime": {"datetime": "2021-05-03 00:06:04", "elapsed": 1757.4586, "delta": 72.786331}}
{"target": 7.41216516494751, "params": {"bins": 245.5888440199766, "fmin": 30.468425711008898}, "datetime": {"datetime": "2021-05-03 00:07:15", "elapsed": 1829.209801, "delta": 71.751201}}
{"target": 7.372812271118164, "params": {"bins": 244.88096200178262, "fmin": 27.41639754810475}, "datetime": {"datetime": "2021-05-03 00:08:28", "elapsed": 1902.114157, "delta": 72.904356}}
{"target": 7.411657333374023, "params": {"bins": 243.44048247203764, "fmin": 30.816855059862007}, "datetime": {"datetime": "2021-05-03 00:09:41", "elapsed": 1974.852696, "delta": 72.738539}}
{"target": 7.420557498931885, "params": {"bins": 242.41592764459367, "fmin": 28.9792092970321}, "datetime": {"datetime": "2021-05-03 00:10:54", "elapsed": 2047.687465, "delta": 72.834769}}
{"target": 7.417294979095459, "params": {"bins": 242.83564531156907, "fmin": 26.892440465941945}, "datetime": {"datetime": "2021-05-03 00:12:07", "elapsed": 2120.497599, "delta": 72.810134}}
{"target": -14.592060089111328, "params": {"bins": 241.28703256347148, "fmin": 31.17301585061012}, "datetime": {"datetime": "2021-05-03 00:13:20", "elapsed": 2193.3593, "delta": 72.861701}}
{"target": 7.424485206604004, "params": {"bins": 241.11490689541472, "fmin": 27.182118585739232}, "datetime": {"datetime": "2021-05-03 00:14:32", "elapsed": 2265.973668, "delta": 72.614368}}
{"target": -14.23873233795166, "params": {"bins": 241.42868760421158, "fmin": 25.50089020998159}, "datetime": {"datetime": "2021-05-03 00:15:45", "elapsed": 2338.703648, "delta": 72.72998}}
{"target": 7.417479991912842, "params": {"bins": 243.4628924285261, "fmin": 28.359785492498478}, "datetime": {"datetime": "2021-05-03 00:16:58", "elapsed": 2411.457382, "delta": 72.753734}}
{"target": 7.37388277053833, "params": {"bins": 244.566052409773, "fmin": 32.542305901644184}, "datetime": {"datetime": "2021-05-03 00:18:10", "elapsed": 2484.286661, "delta": 72.829279}}
{"target": 7.354282379150391, "params": {"bins": 247.15721421985623, "fmin": 30.017356536452247}, "datetime": {"datetime": "2021-05-03 00:19:23", "elapsed": 2556.904528, "delta": 72.617867}}
{"target": 7.377804756164551, "params": {"bins": 247.54921202171036, "fmin": 28.177782681701046}, "datetime": {"datetime": "2021-05-03 00:20:35", "elapsed": 2629.280491, "delta": 72.375963}}
{"target": -10.734060287475586, "params": {"bins": 240.0983157369553, "fmin": 28.195198566723736}, "datetime": {"datetime": "2021-05-03 00:21:48", "elapsed": 2701.857361, "delta": 72.57687}}
{"target": 7.409980297088623, "params": {"bins": 244.42092092469576, "fmin": 31.41596113325307}, "datetime": {"datetime": "2021-05-03 00:23:00", "elapsed": 2773.724375, "delta": 71.867014}}
{"target": 7.367589950561523, "params": {"bins": 246.20233762142985, "fmin": 27.046286608246348}, "datetime": {"datetime": "2021-05-03 00:24:13", "elapsed": 2846.772791, "delta": 73.048416}}
{"target": 7.336574554443359, "params": {"bins": 244.71808596027594, "fmin": 25.958894072171784}, "datetime": {"datetime": "2021-05-03 00:25:26", "elapsed": 2919.658053, "delta": 72.885262}}
{"target": -14.368035316467285, "params": {"bins": 246.5776592589597, "fmin": 32.85611433839038}, "datetime": {"datetime": "2021-05-03 00:26:38", "elapsed": 2992.005205, "delta": 72.347152}}
{"target": 7.379509925842285, "params": {"bins": 248.69167262516194, "fmin": 29.63105314398521}, "datetime": {"datetime": "2021-05-03 00:27:51", "elapsed": 3064.718449, "delta": 72.713244}}
{"target": 7.406970024108887, "params": {"bins": 249.32511315352903, "fmin": 27.74886291761181}, "datetime": {"datetime": "2021-05-03 00:29:03", "elapsed": 3136.813548, "delta": 72.095099}}
{"target": 7.415807723999023, "params": {"bins": 248.46129274732667, "fmin": 25.98709257323143}, "datetime": {"datetime": "2021-05-03 00:30:16", "elapsed": 3209.522953, "delta": 72.709405}}
{"target": 7.3636322021484375, "params": {"bins": 246.463433635379, "fmin": 25.410136865596158}, "datetime": {"datetime": "2021-05-03 00:31:29", "elapsed": 3282.797402, "delta": 73.274449}}
{"target": 7.396635055541992, "params": {"bins": 250.28355523281016, "fmin": 29.369098687506657}, "datetime": {"datetime": "2021-05-03 00:32:41", "elapsed": 3355.33534, "delta": 72.537938}}
{"target": 7.423264503479004, "params": {"bins": 247.96461493964935, "fmin": 24.254643896251324}, "datetime": {"datetime": "2021-05-03 00:33:54", "elapsed": 3428.336015, "delta": 73.000675}}
{"target": 7.354357719421387, "params": {"bins": 250.0455779367316, "fmin": 25.576553014214003}, "datetime": {"datetime": "2021-05-03 00:35:07", "elapsed": 3500.990987, "delta": 72.654972}}
{"target": 7.369452476501465, "params": {"bins": 249.57838925395748, "fmin": 23.04698170943462}, "datetime": {"datetime": "2021-05-03 00:36:20", "elapsed": 3573.910515, "delta": 72.919528}}
{"target": 7.391822338104248, "params": {"bins": 250.8633102437714, "fmin": 27.038954275072406}, "datetime": {"datetime": "2021-05-03 00:37:33", "elapsed": 3646.563722, "delta": 72.653207}}
{"target": 7.3624372482299805, "params": {"bins": 248.10624110164022, "fmin": 22.086040321072772}, "datetime": {"datetime": "2021-05-03 00:38:46", "elapsed": 3719.351609, "delta": 72.787887}}
{"target": 7.381112575531006, "params": {"bins": 246.48753206884095, "fmin": 23.00423210513049}, "datetime": {"datetime": "2021-05-03 00:39:57", "elapsed": 3791.279626, "delta": 71.928017}}
{"target": 7.3547821044921875, "params": {"bins": 251.93587145435475, "fmin": 25.392197399961788}, "datetime": {"datetime": "2021-05-03 00:41:10", "elapsed": 3863.945008, "delta": 72.665382}}
{"target": 7.345479965209961, "params": {"bins": 252.6574277587363, "fmin": 27.258888674758445}, "datetime": {"datetime": "2021-05-03 00:42:22", "elapsed": 3936.073741, "delta": 72.128733}}
{"target": 7.38643741607666, "params": {"bins": 251.7989124072937, "fmin": 23.18890211309926}, "datetime": {"datetime": "2021-05-03 00:43:34", "elapsed": 4008.233185, "delta": 72.159444}}
{"target": 7.410200119018555, "params": {"bins": 252.29839210582045, "fmin": 28.945532508241747}, "datetime": {"datetime": "2021-05-03 00:44:47", "elapsed": 4080.748505, "delta": 72.51532}}
{"target": 7.389589786529541, "params": {"bins": 250.90881698355722, "fmin": 21.09564035894035}, "datetime": {"datetime": "2021-05-03 00:45:59", "elapsed": 4153.21106, "delta": 72.462555}}
{"target": 7.401427268981934, "params": {"bins": 251.3505612240399, "fmin": 31.183365969655654}, "datetime": {"datetime": "2021-05-03 00:47:12", "elapsed": 4225.610277, "delta": 72.399217}}
{"target": 7.429677486419678, "params": {"bins": 246.79746600115342, "fmin": 20.67946683710136}, "datetime": {"datetime": "2021-05-03 00:48:24", "elapsed": 4298.114292, "delta": 72.504015}}
{"target": 7.356847286224365, "params": {"bins": 248.51323146125742, "fmin": 20.117072216568236}, "datetime": {"datetime": "2021-05-03 00:49:36", "elapsed": 4370.306927, "delta": 72.192635}}
{"target": 7.398497581481934, "params": {"bins": 253.0992428362783, "fmin": 21.191021786196103}, "datetime": {"datetime": "2021-05-03 00:50:49", "elapsed": 4442.84361, "delta": 72.536683}}
{"target": 7.3942999839782715, "params": {"bins": 252.04020166944076, "fmin": 19.450680769619762}, "datetime": {"datetime": "2021-05-03 00:52:01", "elapsed": 4515.029278, "delta": 72.185668}}
{"target": 7.376800060272217, "params": {"bins": 249.96420045567257, "fmin": 19.2531250810434}, "datetime": {"datetime": "2021-05-03 00:53:14", "elapsed": 4587.848887, "delta": 72.819609}}
{"target": 7.3851823806762695, "params": {"bins": 253.22421677025847, "fmin": 30.846783621200746}, "datetime": {"datetime": "2021-05-03 00:54:27", "elapsed": 4660.451969, "delta": 72.603082}}
{"target": 7.391750335693359, "params": {"bins": 254.0676504556311, "fmin": 28.570746750438524}, "datetime": {"datetime": "2021-05-03 00:55:39", "elapsed": 4732.541539, "delta": 72.08957}}
{"target": 7.355259895324707, "params": {"bins": 253.9780225454992, "fmin": 23.155352094226757}, "datetime": {"datetime": "2021-05-03 00:56:51", "elapsed": 4805.082211, "delta": 72.540672}}
{"target": 7.397155284881592, "params": {"bins": 254.0639452326325, "fmin": 25.426722266849076}, "datetime": {"datetime": "2021-05-03 00:58:04", "elapsed": 4877.600021, "delta": 72.51781}}
{"target": 7.353792667388916, "params": {"bins": 252.4779513868328, "fmin": 32.95541450123225}, "datetime": {"datetime": "2021-05-03 00:59:16", "elapsed": 4950.164369, "delta": 72.564348}}
{"target": 7.400332450866699, "params": {"bins": 255.47000012172836, "fmin": 26.96512397090365}, "datetime": {"datetime": "2021-05-03 01:00:29", "elapsed": 5022.902175, "delta": 72.737806}}
{"target": 7.372284889221191, "params": {"bins": 247.14988400892068, "fmin": 18.36152730227148}, "datetime": {"datetime": "2021-05-03 01:01:42", "elapsed": 5095.767255, "delta": 72.86508}}
{"target": 7.342907905578613, "params": {"bins": 256.01252973936914, "fmin": 24.95840663729524}, "datetime": {"datetime": "2021-05-03 01:02:54", "elapsed": 5168.289885, "delta": 72.52263}}
{"target": 7.422377586364746, "params": {"bins": 255.13245257798673, "fmin": 30.263979960275655}, "datetime": {"datetime": "2021-05-03 01:04:07", "elapsed": 5240.919724, "delta": 72.629839}}
{"target": 7.370929718017578, "params": {"bins": 249.1359187620713, "fmin": 17.410878860293252}, "datetime": {"datetime": "2021-05-03 01:05:20", "elapsed": 5313.813548, "delta": 72.893824}}
{"target": 7.381232261657715, "params": {"bins": 254.31897814486575, "fmin": 32.69965837446203}, "datetime": {"datetime": "2021-05-03 01:06:32", "elapsed": 5386.183194, "delta": 72.369646}}
{"target": 7.423347473144531, "params": {"bins": 255.13689212672506, "fmin": 21.63262602181992}, "datetime": {"datetime": "2021-05-03 01:07:45", "elapsed": 5458.509968, "delta": 72.326774}}
{"target": 7.408572673797607, "params": {"bins": 254.40239939566283, "fmin": 19.404752378129203}, "datetime": {"datetime": "2021-05-03 01:08:57", "elapsed": 5531.082439, "delta": 72.572471}}
{"target": 7.408854961395264, "params": {"bins": 251.5431953030209, "fmin": 17.620262329531542}, "datetime": {"datetime": "2021-05-03 01:10:09", "elapsed": 5603.249021, "delta": 72.166582}}
{"target": 7.38134241104126, "params": {"bins": 256.8028016806754, "fmin": 23.176669863120832}, "datetime": {"datetime": "2021-05-03 01:11:22", "elapsed": 5675.807058, "delta": 72.558037}}
{"target": 7.332087516784668, "params": {"bins": 258.1374997183972, "fmin": 24.87713965862157}, "datetime": {"datetime": "2021-05-03 01:12:35", "elapsed": 5748.930539, "delta": 73.123481}}
{"target": 7.418122291564941, "params": {"bins": 256.6969733019662, "fmin": 20.555785212447788}, "datetime": {"datetime": "2021-05-03 01:13:48", "elapsed": 5821.496865, "delta": 72.566326}}
{"target": 7.360105037689209, "params": {"bins": 253.5316466714544, "fmin": 17.842939891939103}, "datetime": {"datetime": "2021-05-03 01:15:01", "elapsed": 5894.434074, "delta": 72.937209}}
{"target": 7.412115097045898, "params": {"bins": 258.4156794459923, "fmin": 22.017065906982854}, "datetime": {"datetime": "2021-05-03 01:16:13", "elapsed": 5967.147476, "delta": 72.713402}}
{"target": 7.410067558288574, "params": {"bins": 256.4217992602693, "fmin": 28.891541792142974}, "datetime": {"datetime": "2021-05-03 01:17:26", "elapsed": 6039.777662, "delta": 72.630186}}
{"target": 7.403224945068359, "params": {"bins": 256.4449892457207, "fmin": 18.529626847797047}, "datetime": {"datetime": "2021-05-03 01:18:39", "elapsed": 6112.422649, "delta": 72.644987}}
{"target": 7.399417877197266, "params": {"bins": 257.6647993168318, "fmin": 27.31671716305857}, "datetime": {"datetime": "2021-05-03 01:19:52", "elapsed": 6185.49508, "delta": 73.072431}}
{"target": 7.401510238647461, "params": {"bins": 258.78607446917584, "fmin": 19.24147207211727}, "datetime": {"datetime": "2021-05-03 01:21:05", "elapsed": 6258.478139, "delta": 72.983059}}
{"target": 7.404029846191406, "params": {"bins": 259.68950043124596, "fmin": 23.51195285400117}, "datetime": {"datetime": "2021-05-03 01:22:17", "elapsed": 6330.559174, "delta": 72.081035}}
{"target": 7.400097846984863, "params": {"bins": 258.1593150233464, "fmin": 17.227687299820282}, "datetime": {"datetime": "2021-05-03 01:23:29", "elapsed": 6402.447304, "delta": 71.88813}}
{"target": 7.344392776489258, "params": {"bins": 259.7970865290368, "fmin": 26.481053083886238}, "datetime": {"datetime": "2021-05-03 01:24:42", "elapsed": 6475.39094, "delta": 72.943636}}
{"target": 7.406092643737793, "params": {"bins": 256.4554933258659, "fmin": 31.85126548293264}, "datetime": {"datetime": "2021-05-03 01:25:54", "elapsed": 6548.200392, "delta": 72.809452}}
{"target": 7.403857231140137, "params": {"bins": 260.2701465220366, "fmin": 21.032595986670668}, "datetime": {"datetime": "2021-05-03 01:27:07", "elapsed": 6621.144467, "delta": 72.944075}}
{"target": 7.385207176208496, "params": {"bins": 259.0370921759089, "fmin": 29.33258341872971}, "datetime": {"datetime": "2021-05-03 01:28:20", "elapsed": 6694.055247, "delta": 72.91078}}
{"target": 7.359057426452637, "params": {"bins": 261.30607185995734, "fmin": 19.37086314599096}, "datetime": {"datetime": "2021-05-03 01:29:33", "elapsed": 6766.686167, "delta": 72.63092}}
{"target": 7.389057159423828, "params": {"bins": 255.72490959095228, "fmin": 16.417724061881927}, "datetime": {"datetime": "2021-05-03 01:30:46", "elapsed": 6839.504826, "delta": 72.818659}}
{"target": 7.441704750061035, "params": {"bins": 257.5800028145041, "fmin": 30.438421566036485}, "datetime": {"datetime": "2021-05-03 01:31:58", "elapsed": 6911.802564, "delta": 72.297738}}
{"target": 7.356144905090332, "params": {"bins": 253.57812750239884, "fmin": 15.739153578149292}, "datetime": {"datetime": "2021-05-03 01:33:11", "elapsed": 6984.642873, "delta": 72.840309}}
{"target": 7.403717041015625, "params": {"bins": 258.81475468836817, "fmin": 32.185852801569176}, "datetime": {"datetime": "2021-05-03 01:34:24", "elapsed": 7057.573102, "delta": 72.930229}}
{"target": 7.3528151512146, "params": {"bins": 260.2976477890468, "fmin": 17.138405639517632}, "datetime": {"datetime": "2021-05-03 01:35:37", "elapsed": 7130.439483, "delta": 72.866381}}
{"target": 7.399549961090088, "params": {"bins": 260.2260038653539, "fmin": 30.989306069971065}, "datetime": {"datetime": "2021-05-03 01:36:49", "elapsed": 7203.299546, "delta": 72.860063}}
{"target": 7.3766374588012695, "params": {"bins": 261.2757104791928, "fmin": 25.01266206244209}, "datetime": {"datetime": "2021-05-03 01:38:02", "elapsed": 7275.667804, "delta": 72.368258}}
{"target": 7.354612350463867, "params": {"bins": 261.2656897562541, "fmin": 29.29882240147279}, "datetime": {"datetime": "2021-05-03 01:39:15", "elapsed": 7348.979197, "delta": 73.311393}}
{"target": 7.4076995849609375, "params": {"bins": 262.03943420953556, "fmin": 22.866774966001618}, "datetime": {"datetime": "2021-05-03 01:40:27", "elapsed": 7420.830469, "delta": 71.851272}}
{"target": 7.360544681549072, "params": {"bins": 261.61753452377195, "fmin": 27.364339642625144}, "datetime": {"datetime": "2021-05-03 01:41:40", "elapsed": 7493.903706, "delta": 73.073237}}
{"target": 7.391504764556885, "params": {"bins": 257.29001557494075, "fmin": 33.75408030319101}, "datetime": {"datetime": "2021-05-03 01:42:53", "elapsed": 7566.57832, "delta": 72.674614}}
{"target": 7.3964948654174805, "params": {"bins": 262.8705735033379, "fmin": 20.66419147914704}, "datetime": {"datetime": "2021-05-03 01:44:05", "elapsed": 7638.922393, "delta": 72.344073}}
{"target": 7.43547248840332, "params": {"bins": 250.6962993605008, "fmin": 15.822565008853383}, "datetime": {"datetime": "2021-05-03 01:45:17", "elapsed": 7711.075973, "delta": 72.15358}}
{"target": 7.347020149230957, "params": {"bins": 255.42817391535175, "fmin": 34.88898945482624}, "datetime": {"datetime": "2021-05-03 01:46:30", "elapsed": 7783.823716, "delta": 72.747743}}
{"target": 7.392902374267578, "params": {"bins": 253.62120764769637, "fmin": 34.798407125257526}, "datetime": {"datetime": "2021-05-03 01:47:42", "elapsed": 7856.319615, "delta": 72.495899}}
{"target": 7.442620277404785, "params": {"bins": 263.33304444966507, "fmin": 24.940133138470706}, "datetime": {"datetime": "2021-05-03 01:48:55", "elapsed": 7928.67489, "delta": 72.355275}}
{"target": 7.408209800720215, "params": {"bins": 264.17483070009206, "fmin": 22.626091703502237}, "datetime": {"datetime": "2021-05-03 01:50:08", "elapsed": 8001.608863, "delta": 72.933973}}
{"target": 7.346924781799316, "params": {"bins": 263.72611448901796, "fmin": 27.386018171170484}, "datetime": {"datetime": "2021-05-03 01:51:20", "elapsed": 8074.218421, "delta": 72.609558}}
{"target": 7.3588175773620605, "params": {"bins": 263.2714612021296, "fmin": 29.330737891642517}, "datetime": {"datetime": "2021-05-03 01:52:33", "elapsed": 8146.77877, "delta": 72.560349}}
{"target": 7.346177101135254, "params": {"bins": 248.56578415605577, "fmin": 15.376804894605845}, "datetime": {"datetime": "2021-05-03 01:53:46", "elapsed": 8220.210246, "delta": 73.431476}}
{"target": 7.4111552238464355, "params": {"bins": 262.2837609988382, "fmin": 31.14048259383653}, "datetime": {"datetime": "2021-05-03 01:54:59", "elapsed": 8293.164643, "delta": 72.954397}}
