{"target": 7.348505020141602, "params": {"bins": 257.37781428160076, "fmin": 15.30773696249089}, "datetime": {"datetime": "2021-05-03 01:56:12", "elapsed": 8366.052554, "delta": 72.887911}}
{"target": 7.333270072937012, "params": {"bins": 259.29615070667563, "fmin": 15.241946044775249}, "datetime": {"datetime": "2021-05-03 01:57:25", "elapsed": 8439.281984, "delta": 73.22943}}
{"target": 7.344612121582031, "params": {"bins": 257.3232101467447, "fmin": 35.91647852416057}, "datetime": {"datetime": "2021-05-03 01:58:38", "elapsed": 8511.400434, "delta": 72.11845}}
{"target": 7.430655002593994, "params": {"bins": 261.1235714540452, "fmin": 32.806675708640284}, "datetime": {"datetime": "2021-05-03 01:59:51", "elapsed": 8584.344016, "delta": 72.943582}}
{"target": 7.383957862854004, "params": {"bins": 259.44934749291656, "fmin": 34.08569083934859}, "datetime": {"datetime": "2021-05-03 02:01:03", "elapsed": 8657.211808, "delta": 72.867792}}
{"target": 7.358964920043945, "params": {"bins": 263.4377936401523, "fmin": 18.706552534356103}, "datetime": {"datetime": "2021-05-03 02:02:16", "elapsed": 8730.179538, "delta": 72.96773}}
{"target": 7.325382709503174, "params": {"bins": 262.2322524705963, "fmin": 17.127625908842827}, "datetime": {"datetime": "2021-05-03 02:03:29", "elapsed": 8802.753442, "delta": 72.573904}}
{"target": 7.378415107727051, "params": {"bins": 264.7688346070038, "fmin": 20.503500248467674}, "datetime": {"datetime": "2021-05-03 02:04:42", "elapsed": 8875.698515, "delta": 72.945073}}
{"target": 7.386887550354004, "params": {"bins": 255.35769267279883, "fmin": 36.89122406510338}, "datetime": {"datetime": "2021-05-03 02:05:55", "elapsed": 8948.534312, "delta": 72.835797}}
{"target": 7.345614910125732, "params": {"bins": 246.91069717738353, "fmin": 16.555580922974006}, "datetime": {"datetime": "2021-05-03 02:07:08", "elapsed": 9021.483147, "delta": 72.948835}}
{"target": 7.401667594909668, "params": {"bins": 245.1827231981142, "fmin": 18.023752338710466}, "datetime": {"datetime": "2021-05-03 02:08:21", "elapsed": 9094.888889, "delta": 73.405742}}
{"target": 7.367609977722168, "params": {"bins": 244.6982690040423, "fmin": 16.01797771538498}, "datetime": {"datetime": "2021-05-03 02:09:34", "elapsed": 9168.230396, "delta": 73.341507}}
{"target": 7.356595039367676, "params": {"bins": 261.3657770318483, "fmin": 15.592595966367487}, "datetime": {"datetime": "2021-05-03 02:10:47", "elapsed": 9241.097038, "delta": 72.866642}}
{"target": 7.437517166137695, "params": {"bins": 244.53810500575247, "fmin": 19.86899250284737}, "datetime": {"datetime": "2021-05-03 02:12:01", "elapsed": 9314.570526, "delta": 73.473488}}
{"target": 7.393479824066162, "params": {"bins": 263.5693960786013, "fmin": 15.537498492973695}, "datetime": {"datetime": "2021-05-03 02:13:14", "elapsed": 9388.26594, "delta": 73.695414}}
{"target": -19.286497116088867, "params": {"bins": 244.79876292169294, "fmin": 21.699649697414536}, "datetime": {"datetime": "2021-05-03 02:14:28", "elapsed": 9461.400449, "delta": 73.134509}}
{"target": 7.420177459716797, "params": {"bins": 243.67813891938025, "fmin": 18.750888180757403}, "datetime": {"datetime": "2021-05-03 02:15:41", "elapsed": 9534.716899, "delta": 73.31645}}
{"target": 7.389863014221191, "params": {"bins": 253.67904467466957, "fmin": 36.48278580575083}, "datetime": {"datetime": "2021-05-03 02:16:53", "elapsed": 9607.097957, "delta": 72.381058}}
{"target": 7.350157737731934, "params": {"bins": 264.75707443561316, "fmin": 16.779774577759465}, "datetime": {"datetime": "2021-05-03 02:18:06", "elapsed": 9679.648624, "delta": 72.550667}}
{"target": 7.385540008544922, "params": {"bins": 251.8363154674118, "fmin": 35.023662308358375}, "datetime": {"datetime": "2021-05-03 02:19:18", "elapsed": 9752.323859, "delta": 72.675235}}
{"target": 7.398982524871826, "params": {"bins": 264.9296973902698, "fmin": 25.956088843791466}, "datetime": {"datetime": "2021-05-03 02:20:31", "elapsed": 9824.960916, "delta": 72.637057}}
{"target": 7.362034797668457, "params": {"bins": 265.3516056454816, "fmin": 18.562341864201223}, "datetime": {"datetime": "2021-05-03 02:21:44", "elapsed": 9897.751783, "delta": 72.790867}}
{"target": 7.373780250549316, "params": {"bins": 259.9727727061048, "fmin": 28.13398525989089}, "datetime": {"datetime": "2021-05-03 02:22:57", "elapsed": 9970.886077, "delta": 73.134294}}
{"target": 7.381227016448975, "params": {"bins": 266.7387552149629, "fmin": 17.112986356618055}, "datetime": {"datetime": "2021-05-03 02:24:10", "elapsed": 10044.129826, "delta": 73.243749}}
{"target": 7.406325340270996, "params": {"bins": 265.77396582117285, "fmin": 24.234544609020567}, "datetime": {"datetime": "2021-05-03 02:25:23", "elapsed": 10117.172226, "delta": 73.0424}}
{"target": 7.373042583465576, "params": {"bins": 266.3604813677978, "fmin": 21.651123435365193}, "datetime": {"datetime": "2021-05-03 02:26:37", "elapsed": 10190.349459, "delta": 73.177233}}
{"target": 7.398587226867676, "params": {"bins": 267.550663717362, "fmin": 23.16022549053759}, "datetime": {"datetime": "2021-05-03 02:27:49", "elapsed": 10262.860744, "delta": 72.511285}}
{"target": 7.436387062072754, "params": {"bins": 267.36112260572935, "fmin": 25.291165455473532}, "datetime": {"datetime": "2021-05-03 02:29:02", "elapsed": 10335.699896, "delta": 72.839152}}
{"target": 7.368314743041992, "params": {"bins": 266.4626704983743, "fmin": 27.49880938426743}, "datetime": {"datetime": "2021-05-03 02:30:14", "elapsed": 10407.84263, "delta": 72.142734}}
{"target": 7.372974395751953, "params": {"bins": 265.07887206399255, "fmin": 28.765721406232576}, "datetime": {"datetime": "2021-05-03 02:31:27", "elapsed": 10480.487036, "delta": 72.644406}}
{"target": 7.3977274894714355, "params": {"bins": 267.19627903471553, "fmin": 19.959466786050815}, "datetime": {"datetime": "2021-05-03 02:32:39", "elapsed": 10553.188348, "delta": 72.701312}}
{"target": 7.41453742980957, "params": {"bins": 268.32151624211184, "fmin": 21.566086128141535}, "datetime": {"datetime": "2021-05-03 02:33:52", "elapsed": 10625.997004, "delta": 72.808656}}
{"target": 7.380772113800049, "params": {"bins": 268.31875938260856, "fmin": 18.267389230236176}, "datetime": {"datetime": "2021-05-03 02:35:05", "elapsed": 10698.753369, "delta": 72.756365}}
{"target": 7.400400161743164, "params": {"bins": 269.4390798694152, "fmin": 20.25569564422211}, "datetime": {"datetime": "2021-05-03 02:36:18", "elapsed": 10771.67491, "delta": 72.921541}}
{"target": 7.3354902267456055, "params": {"bins": 259.30910427242253, "fmin": 36.06171135637305}, "datetime": {"datetime": "2021-05-03 02:37:31", "elapsed": 10844.474788, "delta": 72.799878}}
{"target": 7.414185047149658, "params": {"bins": 265.5687542580248, "fmin": 15.126365709309862}, "datetime": {"datetime": "2021-05-03 02:38:44", "elapsed": 10917.447283, "delta": 72.972495}}
{"target": 7.3877973556518555, "params": {"bins": 250.6625194744122, "fmin": 33.204023167905845}, "datetime": {"datetime": "2021-05-03 02:39:56", "elapsed": 10989.864558, "delta": 72.417275}}
{"target": 7.384544849395752, "params": {"bins": 261.18679994743655, "fmin": 34.93482033809664}, "datetime": {"datetime": "2021-05-03 02:41:09", "elapsed": 11063.143392, "delta": 73.278834}}
{"target": 7.390052795410156, "params": {"bins": 263.1398716131529, "fmin": 33.39505982685521}, "datetime": {"datetime": "2021-05-03 02:42:22", "elapsed": 11136.15852, "delta": 73.015128}}
{"target": 7.39031982421875, "params": {"bins": 264.1755324909137, "fmin": 31.355007847677374}, "datetime": {"datetime": "2021-05-03 02:43:35", "elapsed": 11209.126165, "delta": 72.967645}}
{"target": 7.398984909057617, "params": {"bins": 265.08220732132963, "fmin": 33.29689691525448}, "datetime": {"datetime": "2021-05-03 02:44:48", "elapsed": 11281.987753, "delta": 72.861588}}
{"target": 7.41466760635376, "params": {"bins": 263.2571633602298, "fmin": 35.32528554274056}, "datetime": {"datetime": "2021-05-03 02:46:01", "elapsed": 11355.046587, "delta": 73.058834}}
{"target": 7.378342628479004, "params": {"bins": 265.9157395872139, "fmin": 30.88177266148663}, "datetime": {"datetime": "2021-05-03 02:47:14", "elapsed": 11427.833626, "delta": 72.787039}}
{"target": 7.405065059661865, "params": {"bins": 267.2955139347452, "fmin": 29.485068634510725}, "datetime": {"datetime": "2021-05-03 02:48:27", "elapsed": 11500.572183, "delta": 72.738557}}
{"target": 7.367565155029297, "params": {"bins": 268.5502043879113, "fmin": 27.644732385200296}, "datetime": {"datetime": "2021-05-03 02:49:39", "elapsed": 11573.065388, "delta": 72.493205}}
{"target": 7.3928375244140625, "params": {"bins": 257.30576107860253, "fmin": 38.08014091492624}, "datetime": {"datetime": "2021-05-03 02:50:52", "elapsed": 11645.950163, "delta": 72.884775}}
{"target": 7.402322769165039, "params": {"bins": 267.9820139012079, "fmin": 31.28798568494938}, "datetime": {"datetime": "2021-05-03 02:52:05", "elapsed": 11718.387217, "delta": 72.437054}}
{"target": 7.414005279541016, "params": {"bins": 255.54387145815048, "fmin": 38.91260962364298}, "datetime": {"datetime": "2021-05-03 02:53:18", "elapsed": 11791.358495, "delta": 72.971278}}
{"target": -12.965991973876953, "params": {"bins": 261.7241381647907, "fmin": 36.66142633632603}, "datetime": {"datetime": "2021-05-03 02:54:30", "elapsed": 11864.043839, "delta": 72.685344}}
{"target": 7.420174598693848, "params": {"bins": 264.7091711200009, "fmin": 34.87185088796408}, "datetime": {"datetime": "2021-05-03 02:55:43", "elapsed": 11936.824417, "delta": 72.780578}}
{"target": 7.398815155029297, "params": {"bins": 266.50643776753225, "fmin": 32.4643341752099}, "datetime": {"datetime": "2021-05-03 02:56:56", "elapsed": 12009.490691, "delta": 72.666274}}
{"target": 7.409862518310547, "params": {"bins": 267.5934039960361, "fmin": 15.307046877154391}, "datetime": {"datetime": "2021-05-03 02:58:08", "elapsed": 12082.280316, "delta": 72.789625}}
{"target": 7.4124226570129395, "params": {"bins": 268.91922736920367, "fmin": 29.78446019951535}, "datetime": {"datetime": "2021-05-03 02:59:22", "elapsed": 12155.514738, "delta": 73.234422}}
{"target": 7.431647300720215, "params": {"bins": 269.13635883852464, "fmin": 23.97193771744744}, "datetime": {"datetime": "2021-05-03 03:00:34", "elapsed": 12228.067365, "delta": 72.552627}}
{"target": 7.389965057373047, "params": {"bins": 253.83504115343308, "fmin": 38.47470606527588}, "datetime": {"datetime": "2021-05-03 03:01:47", "elapsed": 12301.138979, "delta": 73.071614}}
{"target": 7.4090070724487305, "params": {"bins": 269.3120375352992, "fmin": 25.79156190946027}, "datetime": {"datetime": "2021-05-03 03:03:00", "elapsed": 12374.298831, "delta": 73.159852}}
{"target": 7.357025146484375, "params": {"bins": 251.99999920012067, "fmin": 37.70658665981499}, "datetime": {"datetime": "2021-05-03 03:04:13", "elapsed": 12446.881377, "delta": 72.582546}}
{"target": 7.4233622550964355, "params": {"bins": 270.37407057434035, "fmin": 21.902287722879244}, "datetime": {"datetime": "2021-05-03 03:05:26", "elapsed": 12519.76603, "delta": 72.884653}}
{"target": 7.375757694244385, "params": {"bins": 269.45485729317187, "fmin": 16.791999479778863}, "datetime": {"datetime": "2021-05-03 03:06:39", "elapsed": 12592.383017, "delta": 72.616987}}
{"target": 7.431362628936768, "params": {"bins": 271.1731740713746, "fmin": 23.893996864873145}, "datetime": {"datetime": "2021-05-03 03:07:52", "elapsed": 12665.512701, "delta": 73.129684}}
{"target": 7.380322456359863, "params": {"bins": 270.4302773340075, "fmin": 18.870819424136876}, "datetime": {"datetime": "2021-05-03 03:09:05", "elapsed": 12738.482786, "delta": 72.970085}}
{"target": 7.379042625427246, "params": {"bins": 271.5586773336416, "fmin": 20.420241711800394}, "datetime": {"datetime": "2021-05-03 03:10:18", "elapsed": 12811.577249, "delta": 73.094463}}
{"target": 7.435572624206543, "params": {"bins": 266.85218796025583, "fmin": 34.67401974990563}, "datetime": {"datetime": "2021-05-03 03:11:31", "elapsed": 12884.77106, "delta": 73.193811}}
{"target": 7.3740997314453125, "params": {"bins": 272.2869434505215, "fmin": 22.269740376915085}, "datetime": {"datetime": "2021-05-03 03:12:44", "elapsed": 12957.947034, "delta": 73.175974}}
{"target": 7.341159820556641, "params": {"bins": 273.28304845004874, "fmin": 24.041719111994496}, "datetime": {"datetime": "2021-05-03 03:13:57", "elapsed": 13030.738199, "delta": 72.791165}}
{"target": 7.4261474609375, "params": {"bins": 272.1205667680673, "fmin": 25.8520827997201}, "datetime": {"datetime": "2021-05-03 03:15:10", "elapsed": 13103.730885, "delta": 72.992686}}
{"target": 7.434055328369141, "params": {"bins": 268.26560138260385, "fmin": 33.32092778230586}, "datetime": {"datetime": "2021-05-03 03:16:22", "elapsed": 13176.069556, "delta": 72.338671}}
{"target": 7.388794898986816, "params": {"bins": 257.14476928103556, "fmin": 40.24049017847727}, "datetime": {"datetime": "2021-05-03 03:17:34", "elapsed": 13248.302156, "delta": 72.2326}}
{"target": 7.377659797668457, "params": {"bins": 270.44141697607853, "fmin": 27.80664739479947}, "datetime": {"datetime": "2021-05-03 03:18:47", "elapsed": 13321.007139, "delta": 72.704983}}
{"target": 7.381862640380859, "params": {"bins": 272.4058176253081, "fmin": 18.65005055866361}, "datetime": {"datetime": "2021-05-03 03:20:00", "elapsed": 13393.915269, "delta": 72.90813}}
{"target": 7.425222396850586, "params": {"bins": 271.46764590810363, "fmin": 17.00753326356369}, "datetime": {"datetime": "2021-05-03 03:21:13", "elapsed": 13467.001521, "delta": 73.086252}}
{"target": 7.416567802429199, "params": {"bins": 254.379793531011, "fmin": 40.38595555158666}, "datetime": {"datetime": "2021-05-03 03:22:26", "elapsed": 13539.93107, "delta": 72.929549}}
{"target": 7.4276652336120605, "params": {"bins": 252.45599282752877, "fmin": 39.945548198075464}, "datetime": {"datetime": "2021-05-03 03:23:39", "elapsed": 13612.775753, "delta": 72.844683}}
{"target": 7.424099922180176, "params": {"bins": 269.9546813790284, "fmin": 31.349771649345573}, "datetime": {"datetime": "2021-05-03 03:24:52", "elapsed": 13685.361062, "delta": 72.585309}}
{"target": 7.377425193786621, "params": {"bins": 270.70116800057565, "fmin": 29.593667001475616}, "datetime": {"datetime": "2021-05-03 03:26:04", "elapsed": 13758.192302, "delta": 72.83124}}
{"target": 7.407790184020996, "params": {"bins": 255.64916530231702, "fmin": 41.72399294835171}, "datetime": {"datetime": "2021-05-03 03:27:17", "elapsed": 13831.149906, "delta": 72.957604}}
{"target": 7.392950057983398, "params": {"bins": 272.37558345814585, "fmin": 27.90588551911169}, "datetime": {"datetime": "2021-05-03 03:28:30", "elapsed": 13904.173539, "delta": 73.023633}}
{"target": 7.405702590942383, "params": {"bins": 253.17276667099026, "fmin": 41.91935719239985}, "datetime": {"datetime": "2021-05-03 03:29:43", "elapsed": 13976.943832, "delta": 72.770293}}
{"target": 7.407469749450684, "params": {"bins": 273.9193880478955, "fmin": 26.37990869482704}, "datetime": {"datetime": "2021-05-03 03:30:56", "elapsed": 14050.011741, "delta": 73.067909}}
{"target": 7.368030071258545, "params": {"bins": 273.393283108907, "fmin": 20.409104059163063}, "datetime": {"datetime": "2021-05-03 03:32:09", "elapsed": 14122.986862, "delta": 72.975121}}
{"target": 7.3782148361206055, "params": {"bins": 254.49097909625337, "fmin": 43.12581446246722}, "datetime": {"datetime": "2021-05-03 03:33:22", "elapsed": 14195.890743, "delta": 72.903881}}
{"target": 7.360172271728516, "params": {"bins": 274.48665169592033, "fmin": 22.26031500847462}, "datetime": {"datetime": "2021-05-03 03:34:35", "elapsed": 14268.847129, "delta": 72.956386}}
{"target": 7.437695503234863, "params": {"bins": 270.5561326730112, "fmin": 15.17467094828551}, "datetime": {"datetime": "2021-05-03 03:35:48", "elapsed": 14342.09583, "delta": 73.248701}}
{"target": 7.407562255859375, "params": {"bins": 257.44706725814405, "fmin": 42.3174569669781}, "datetime": {"datetime": "2021-05-03 03:37:01", "elapsed": 14414.996854, "delta": 72.901024}}
{"target": 7.429607391357422, "params": {"bins": 272.61851266417705, "fmin": 15.086237430322447}, "datetime": {"datetime": "2021-05-03 03:38:14", "elapsed": 14488.085837, "delta": 73.088983}}
