{"target": 7.033777713775635, "params": {"bins": 152.11939358006487, "fmin": 47.414602204897115, "gamma": 0.011437481734488664}, "datetime": {"datetime": "2021-05-02 13:48:12", "elapsed": 0.0, "delta": 0.0}}
{"target": 7.058355331420898, "params": {"bins": 113.58374440429816, "fmin": 21.604015086770087, "gamma": 9.233859476879779}, "datetime": {"datetime": "2021-05-02 13:49:43", "elapsed": 90.378986, "delta": 90.378986}}
{"target": 6.956182479858398, "params": {"bins": 74.58343102289743, "fmin": 30.55023271693715, "gamma": 39.67674742306699}, "datetime": {"datetime": "2021-05-02 13:51:12", "elapsed": 179.372431, "delta": 88.993445}}
{"target": 6.5284929275512695, "params": {"bins": 193.04242262512793, "fmin": 33.86375314814826, "gamma": 68.52195003967594}, "datetime": {"datetime": "2021-05-02 13:52:37", "elapsed": 264.277729, "delta": 84.905298}}
{"target": 6.991462230682373, "params": {"bins": 80.69595590978986, "fmin": 54.51528463759254, "gamma": 2.7387593197926163}, "datetime": {"datetime": "2021-05-02 13:54:02", "elapsed": 349.668863, "delta": 85.391134}}
{"target": 6.619415283203125, "params": {"bins": 237.27708341994315, "fmin": 33.77871610652072, "gamma": 55.868982844575164}, "datetime": {"datetime": "2021-05-02 13:55:29", "elapsed": 436.493371, "delta": 86.824508}}
{"target": 6.696780204772949, "params": {"bins": 59.17001136799855, "fmin": 23.914567008819546, "gamma": 80.07445686755366}, "datetime": {"datetime": "2021-05-02 13:56:56", "elapsed": 524.101736, "delta": 87.608365}}
{"target": 6.304497718811035, "params": {"bins": 337.33588944171754, "fmin": 29.104088017165928, "gamma": 69.23226156693141}, "datetime": {"datetime": "2021-05-02 13:58:26", "elapsed": 613.1928, "delta": 89.091064}}
{"target": 6.756717681884766, "params": {"bins": 306.4667551714689, "fmin": 55.25729985767313, "gamma": 8.504421136977792}, "datetime": {"datetime": "2021-05-02 13:59:54", "elapsed": 701.39739, "delta": 88.20459}}
{"target": 6.441052436828613, "params": {"bins": 25.122407166248472, "fmin": 22.6423688804056, "gamma": 87.8142503429413}, "datetime": {"datetime": "2021-05-02 14:01:27", "elapsed": 794.60701, "delta": 93.20962}}
{"target": 6.638844966888428, "params": {"bins": 45.04453616790483, "fmin": 33.949843125227346, "gamma": 95.7889530150502}, "datetime": {"datetime": "2021-05-02 14:02:57", "elapsed": 884.44438, "delta": 89.83737}}
{"target": 6.813135147094727, "params": {"bins": 191.14353575093372, "fmin": 46.1344701277713, "gamma": 31.551563100606295}, "datetime": {"datetime": "2021-05-02 14:04:23", "elapsed": 970.658447, "delta": 86.214067}}
{"target": 6.953459739685059, "params": {"bins": 242.6643117010121, "fmin": 52.55815523538178, "gamma": 1.8288277344191806}, "datetime": {"datetime": "2021-05-02 14:05:55", "elapsed": 1062.359094, "delta": 91.700647}}
{"target": 6.392792701721191, "params": {"bins": 264.04848982150907, "fmin": 59.49874900079226, "gamma": 74.81656543798394}, "datetime": {"datetime": "2021-05-02 14:07:24", "elapsed": 1151.395407, "delta": 89.036313}}
{"target": 7.073329925537109, "params": {"bins": 106.22918133364014, "fmin": 50.51756978031698, "gamma": 10.322600657764202}, "datetime": {"datetime": "2021-05-02 14:08:54", "elapsed": 1242.129552, "delta": 90.734145}}
{"target": 6.802929878234863, "params": {"bins": 162.49222479510414, "fmin": 55.8867976391893, "gamma": 29.36141483736795}, "datetime": {"datetime": "2021-05-02 14:10:20", "elapsed": 1328.016179, "delta": 85.886627}}
{"target": 7.00894021987915, "params": {"bins": 108.69251376501317, "fmin": 20.851285745322496, "gamma": 1.9366957870297075}, "datetime": {"datetime": "2021-05-02 14:11:55", "elapsed": 1422.732268, "delta": 94.716089}}
{"target": 7.008152484893799, "params": {"bins": 240.08873906780337, "fmin": 24.523265220002656, "gamma": 26.554665937222623}, "datetime": {"datetime": "2021-05-02 14:13:27", "elapsed": 1514.963638, "delta": 92.23137}}
{"target": 6.818517684936523, "params": {"bins": 177.16858151819366, "fmin": 17.401314530268618, "gamma": 57.411760549201304}, "datetime": {"datetime": "2021-05-02 14:14:59", "elapsed": 1606.26705, "delta": 91.303412}}
{"target": 6.632092475891113, "params": {"bins": 61.30080116835221, "fmin": 41.518749160647786, "gamma": 69.97583600209312}, "datetime": {"datetime": "2021-05-02 14:16:26", "elapsed": 1693.181622, "delta": 86.914572}}
{"target": 6.969997406005859, "params": {"bins": 112.47297549916478, "fmin": 21.94179447250094, "gamma": 7.784594824817647}, "datetime": {"datetime": "2021-05-02 14:17:57", "elapsed": 1784.944387, "delta": 91.762765}}
{"target": 6.934139728546143, "params": {"bins": 113.74570077519543, "fmin": 16.04403386643125, "gamma": 13.27923836617233}, "datetime": {"datetime": "2021-05-02 14:19:35", "elapsed": 1882.259125, "delta": 97.314738}}
{"target": 7.062305450439453, "params": {"bins": 121.05634885487163, "fmin": 22.403642780056217, "gamma": 10.111735431975855}, "datetime": {"datetime": "2021-05-02 14:21:09", "elapsed": 1976.978048, "delta": 94.718923}}
{"target": 7.075894832611084, "params": {"bins": 118.6264851659773, "fmin": 31.162297043118482, "gamma": 16.229882281713593}, "datetime": {"datetime": "2021-05-02 14:22:43", "elapsed": 2070.930451, "delta": 93.952403}}
{"target": 7.118007659912109, "params": {"bins": 111.48523941024959, "fmin": 40.94873846111961, "gamma": 12.534928144184688}, "datetime": {"datetime": "2021-05-02 14:24:16", "elapsed": 2163.289108, "delta": 92.358657}}
{"target": 7.097847938537598, "params": {"bins": 115.7755076160813, "fmin": 48.700871230221246, "gamma": 16.434527300232567}, "datetime": {"datetime": "2021-05-02 14:25:45", "elapsed": 2252.445098, "delta": 89.15599}}
{"target": 7.083395004272461, "params": {"bins": 106.75699324586257, "fmin": 44.487416397650044, "gamma": 21.05706715159677}, "datetime": {"datetime": "2021-05-02 14:27:13", "elapsed": 2340.946796, "delta": 88.501698}}
{"target": 7.122657299041748, "params": {"bins": 118.238218698137, "fmin": 46.444713743736365, "gamma": 4.741201771890052}, "datetime": {"datetime": "2021-05-02 14:28:42", "elapsed": 2429.318885, "delta": 88.372089}}
{"target": 7.140729904174805, "params": {"bins": 127.18212134104016, "fmin": 40.2695530791315, "gamma": 7.420785247332873}, "datetime": {"datetime": "2021-05-02 14:30:12", "elapsed": 2519.7518, "delta": 90.432915}}
{"target": 7.178562164306641, "params": {"bins": 129.87827037073285, "fmin": 51.57646856362768, "gamma": 8.822628190581357}, "datetime": {"datetime": "2021-05-02 14:31:44", "elapsed": 2611.786769, "delta": 92.034969}}
{"target": 7.206020355224609, "params": {"bins": 134.42706239242483, "fmin": 47.33929477225868, "gamma": 1.7032139386445544}, "datetime": {"datetime": "2021-05-02 14:33:13", "elapsed": 2700.47237, "delta": 88.685601}}
{"target": 7.070802688598633, "params": {"bins": 140.06264784513698, "fmin": 44.603150226515396, "gamma": 11.442930641210845}, "datetime": {"datetime": "2021-05-02 14:34:43", "elapsed": 2791.073751, "delta": 90.601381}}
{"target": 7.058722496032715, "params": {"bins": 143.21880538418003, "fmin": 59.37116267913697, "gamma": 7.074092107612984}, "datetime": {"datetime": "2021-05-02 14:36:10", "elapsed": 2877.671718, "delta": 86.597967}}
{"target": -34.062538146972656, "params": {"bins": 127.90575330312106, "fmin": 59.18900328400265, "gamma": 0.0}, "datetime": {"datetime": "2021-05-02 14:37:37", "elapsed": 2964.343628, "delta": 86.67191}}
{"target": 7.117682456970215, "params": {"bins": 129.5717005127884, "fmin": 47.70649059929388, "gamma": 17.834742539927635}, "datetime": {"datetime": "2021-05-02 14:39:06", "elapsed": 3053.230589, "delta": 88.886961}}
{"target": 7.135360240936279, "params": {"bins": 140.0781040721068, "fmin": 37.78028361318941, "gamma": 2.080260624171759}, "datetime": {"datetime": "2021-05-02 14:40:36", "elapsed": 3144.051153, "delta": 90.820564}}
{"target": 7.039179801940918, "params": {"bins": 152.02322469767455, "fmin": 54.08097985483979, "gamma": 14.305882372571233}, "datetime": {"datetime": "2021-05-02 14:42:06", "elapsed": 3233.663756, "delta": 89.612603}}
{"target": 7.044539928436279, "params": {"bins": 156.78416215305734, "fmin": 60.0, "gamma": 2.748493786831631}, "datetime": {"datetime": "2021-05-02 14:43:33", "elapsed": 3320.87718, "delta": 87.213424}}
{"target": 6.895474910736084, "params": {"bins": 139.84270366381978, "fmin": 57.03414715107845, "gamma": 20.15583133178281}, "datetime": {"datetime": "2021-05-02 14:45:04", "elapsed": 3411.490655, "delta": 90.613475}}
{"target": 7.089865207672119, "params": {"bins": 114.65641500560425, "fmin": 34.50800692423054, "gamma": 0.0}, "datetime": {"datetime": "2021-05-02 14:46:40", "elapsed": 3507.918151, "delta": 96.427496}}
{"target": 7.073479652404785, "params": {"bins": 100.11799201031863, "fmin": 38.416651142974395, "gamma": 2.1916860627446084}, "datetime": {"datetime": "2021-05-02 14:48:13", "elapsed": 3601.110189, "delta": 93.192038}}
{"target": 6.999777793884277, "params": {"bins": 100.95164221815115, "fmin": 29.146854348435852, "gamma": 14.659623926429877}, "datetime": {"datetime": "2021-05-02 14:49:49", "elapsed": 3696.178607, "delta": 95.068418}}
{"target": 7.0437750816345215, "params": {"bins": 89.80093525610408, "fmin": 42.3157323947521, "gamma": 13.247114545871053}, "datetime": {"datetime": "2021-05-02 14:51:20", "elapsed": 3787.412431, "delta": 91.233824}}
{"target": 6.919674873352051, "params": {"bins": 84.41769328443196, "fmin": 39.537105235227315, "gamma": 0.0}, "datetime": {"datetime": "2021-05-02 14:52:54", "elapsed": 3881.274517, "delta": 93.862086}}
{"target": 6.9949798583984375, "params": {"bins": 92.39821970179293, "fmin": 25.650519547920382, "gamma": 2.6967280316982785}, "datetime": {"datetime": "2021-05-02 14:54:26", "elapsed": 3973.312709, "delta": 92.038192}}
{"target": 7.055424690246582, "params": {"bins": 93.72409545381609, "fmin": 52.20532478863375, "gamma": 3.933518950022774}, "datetime": {"datetime": "2021-05-02 14:55:55", "elapsed": 4062.170953, "delta": 88.858244}}
{"target": 7.0331549644470215, "params": {"bins": 97.01649405446565, "fmin": 54.83803652205297, "gamma": 19.644800593094914}, "datetime": {"datetime": "2021-05-02 14:57:22", "elapsed": 4149.263737, "delta": 87.092784}}
{"target": 7.070694923400879, "params": {"bins": 94.39009281568407, "fmin": 40.35531470260615, "gamma": 30.0320667642586}, "datetime": {"datetime": "2021-05-02 14:58:50", "elapsed": 4237.35073, "delta": 88.086993}}
{"target": 6.990149974822998, "params": {"bins": 86.90152136946301, "fmin": 29.74626894483255, "gamma": 21.548137427074103}, "datetime": {"datetime": "2021-05-02 15:00:21", "elapsed": 4328.255383, "delta": 90.904653}}
{"target": 6.978710174560547, "params": {"bins": 80.10274314934948, "fmin": 41.724982236308314, "gamma": 30.299010585069773}, "datetime": {"datetime": "2021-05-02 15:01:56", "elapsed": 4423.743391, "delta": 95.488008}}
{"target": 7.056634902954102, "params": {"bins": 109.45023602016482, "fmin": 29.75918622182558, "gamma": 27.652674300964897}, "datetime": {"datetime": "2021-05-02 15:03:31", "elapsed": 4519.025185, "delta": 95.281794}}
{"target": 6.966340065002441, "params": {"bins": 89.23741753369183, "fmin": 28.323577133075748, "gamma": 36.4353134233991}, "datetime": {"datetime": "2021-05-02 15:05:03", "elapsed": 4610.542327, "delta": 91.517142}}
{"target": 7.02866268157959, "params": {"bins": 98.32282771789181, "fmin": 20.465147956642394, "gamma": 26.364362900302417}, "datetime": {"datetime": "2021-05-02 15:06:35", "elapsed": 4703.128134, "delta": 92.585807}}
{"target": 6.951274871826172, "params": {"bins": 80.54766811892755, "fmin": 50.36031778859328, "gamma": 18.65498648330084}, "datetime": {"datetime": "2021-05-02 15:08:09", "elapsed": 4796.291227, "delta": 93.163093}}
{"target": 6.891477584838867, "params": {"bins": 92.37058463903027, "fmin": 16.153257842261542, "gamma": 14.242943058435975}, "datetime": {"datetime": "2021-05-02 15:09:50", "elapsed": 4897.405852, "delta": 101.114625}}
{"target": 7.033829689025879, "params": {"bins": 108.09308646328314, "fmin": 42.15400692084365, "gamma": 36.1803522015116}, "datetime": {"datetime": "2021-05-02 15:11:20", "elapsed": 4987.211125, "delta": 89.805273}}
{"target": 7.09056282043457, "params": {"bins": 119.8974447223474, "fmin": 39.87186964275114, "gamma": 28.28634867020245}, "datetime": {"datetime": "2021-05-02 15:12:47", "elapsed": 5074.50819, "delta": 87.297065}}
{"target": 7.04095983505249, "params": {"bins": 103.22639744284464, "fmin": 28.773897319679143, "gamma": 40.69255742893676}, "datetime": {"datetime": "2021-05-02 15:14:17", "elapsed": 5164.323914, "delta": 89.815724}}
{"target": 6.911710262298584, "params": {"bins": 75.89633120279056, "fmin": 36.905674329916, "gamma": 13.512693476731728}, "datetime": {"datetime": "2021-05-02 15:15:44", "elapsed": 5251.397908, "delta": 87.073994}}
{"target": 7.079150199890137, "params": {"bins": 122.29328763059405, "fmin": 21.996145465866952, "gamma": 26.62780067944842}, "datetime": {"datetime": "2021-05-02 15:17:14", "elapsed": 5341.60229, "delta": 90.204382}}
{"target": 7.113534927368164, "params": {"bins": 120.73266603051965, "fmin": 29.187752972197927, "gamma": 40.81717575887407}, "datetime": {"datetime": "2021-05-02 15:18:45", "elapsed": 5432.669807, "delta": 91.067517}}
{"target": 7.059314727783203, "params": {"bins": 113.19105742679457, "fmin": 15.025521182859348, "gamma": 34.34862809426525}, "datetime": {"datetime": "2021-05-02 15:20:18", "elapsed": 5525.9465, "delta": 93.276693}}
{"target": 6.946342468261719, "params": {"bins": 109.71187886754142, "fmin": 55.63577356556701, "gamma": 29.389854421232073}, "datetime": {"datetime": "2021-05-02 15:21:44", "elapsed": 5611.612943, "delta": 85.666443}}
{"target": 7.058084964752197, "params": {"bins": 131.66627928462125, "fmin": 31.972569077508687, "gamma": 31.21814512523114}, "datetime": {"datetime": "2021-05-02 15:23:13", "elapsed": 5700.884825, "delta": 89.271882}}
{"target": 6.953507423400879, "params": {"bins": 94.43577833395156, "fmin": 40.358594046944766, "gamma": 44.3528647569047}, "datetime": {"datetime": "2021-05-02 15:24:42", "elapsed": 5790.128337, "delta": 89.243512}}
{"target": 6.899432182312012, "params": {"bins": 122.83526708133087, "fmin": 43.28885137185066, "gamma": 41.71852980439178}, "datetime": {"datetime": "2021-05-02 15:26:09", "elapsed": 5876.420113, "delta": 86.291776}}
{"target": 6.943655014038086, "params": {"bins": 90.67070719045769, "fmin": 52.09837013760053, "gamma": 33.86736188130324}, "datetime": {"datetime": "2021-05-02 15:27:35", "elapsed": 5962.945138, "delta": 86.525025}}
{"target": 7.084717273712158, "params": {"bins": 133.1030224411026, "fmin": 28.683718230523873, "gamma": 16.410565197423022}, "datetime": {"datetime": "2021-05-02 15:29:01", "elapsed": 6049.137889, "delta": 86.192751}}
{"target": 6.91863489151001, "params": {"bins": 110.99756984670005, "fmin": 37.134673494902714, "gamma": 50.85843781136747}, "datetime": {"datetime": "2021-05-02 15:30:28", "elapsed": 6135.876914, "delta": 86.739025}}
{"target": 7.076245307922363, "params": {"bins": 113.534351292533, "fmin": 19.582776418706693, "gamma": 48.83308204020116}, "datetime": {"datetime": "2021-05-02 15:31:59", "elapsed": 6226.222573, "delta": 90.345659}}
{"target": 6.774029731750488, "params": {"bins": 102.64937077163182, "fmin": 53.28278659169621, "gamma": 43.28914840646633}, "datetime": {"datetime": "2021-05-02 15:33:24", "elapsed": 6311.428824, "delta": 85.206251}}
{"target": 7.061087131500244, "params": {"bins": 127.07401365846988, "fmin": 16.19416300428415, "gamma": 45.81170440672179}, "datetime": {"datetime": "2021-05-02 15:34:54", "elapsed": 6402.166899, "delta": 90.738075}}
{"target": 6.894502639770508, "params": {"bins": 122.91537168528997, "fmin": 28.41744380756132, "gamma": 53.44079613580487}, "datetime": {"datetime": "2021-05-02 15:36:21", "elapsed": 6489.056558, "delta": 86.889659}}
{"target": 7.027282238006592, "params": {"bins": 100.78475260762936, "fmin": 15.274994919575857, "gamma": 42.85057834324184}, "datetime": {"datetime": "2021-05-02 15:37:54", "elapsed": 6581.767396, "delta": 92.710838}}
{"target": 7.092615127563477, "params": {"bins": 132.37411998729436, "fmin": 26.599474396894934, "gamma": 0.9861060097724139}, "datetime": {"datetime": "2021-05-02 15:39:23", "elapsed": 6671.099324, "delta": 89.331928}}
{"target": 7.099685192108154, "params": {"bins": 136.07937644131692, "fmin": 18.858802805438675, "gamma": 27.47780384613984}, "datetime": {"datetime": "2021-05-02 15:40:53", "elapsed": 6761.122093, "delta": 90.022769}}
{"target": 7.06581974029541, "params": {"bins": 134.93338667894764, "fmin": 17.0087780074127, "gamma": 9.726085435387988}, "datetime": {"datetime": "2021-05-02 15:42:25", "elapsed": 6852.687568, "delta": 91.565475}}
{"target": 7.126472473144531, "params": {"bins": 137.26599887152443, "fmin": 25.24720716236388, "gamma": 41.78167857749463}, "datetime": {"datetime": "2021-05-02 15:43:54", "elapsed": 6942.083506, "delta": 89.395938}}
{"target": 7.104452610015869, "params": {"bins": 146.60964688985408, "fmin": 26.901751110121793, "gamma": 29.013827497664067}, "datetime": {"datetime": "2021-05-02 15:45:23", "elapsed": 7031.005839, "delta": 88.922333}}
{"target": 7.057905197143555, "params": {"bins": 145.52658655104142, "fmin": 22.526766094288597, "gamma": 15.939215803388528}, "datetime": {"datetime": "2021-05-02 15:46:52", "elapsed": 7120.167194, "delta": 89.161355}}
{"target": 7.1734724044799805, "params": {"bins": 148.96816962114087, "fmin": 37.17897123722179, "gamma": 20.28474036096154}, "datetime": {"datetime": "2021-05-02 15:48:18", "elapsed": 7205.664235, "delta": 85.497041}}
{"target": 7.067919731140137, "params": {"bins": 141.46300980090874, "fmin": 41.96937677744709, "gamma": 29.674420383970467}, "datetime": {"datetime": "2021-05-02 15:49:44", "elapsed": 7291.422349, "delta": 85.758114}}
{"target": 6.831899642944336, "params": {"bins": 136.89650877327892, "fmin": 38.79338884022652, "gamma": 43.06910191982086}, "datetime": {"datetime": "2021-05-02 15:51:10", "elapsed": 7377.624031, "delta": 86.201682}}
{"target": 7.020877361297607, "params": {"bins": 150.77880154620317, "fmin": 33.31195634220737, "gamma": 7.771125975975091}, "datetime": {"datetime": "2021-05-02 15:52:39", "elapsed": 7466.337558, "delta": 88.713527}}
{"target": 7.15724515914917, "params": {"bins": 159.96663736718364, "fmin": 42.11828631806422, "gamma": 12.941866391561252}, "datetime": {"datetime": "2021-05-02 15:54:07", "elapsed": 7554.269578, "delta": 87.93202}}
{"target": 7.169322490692139, "params": {"bins": 159.70766307279513, "fmin": 26.76778451671759, "gamma": 17.78765864211984}, "datetime": {"datetime": "2021-05-02 15:55:36", "elapsed": 7643.283141, "delta": 89.013563}}
{"target": 7.0791449546813965, "params": {"bins": 160.7071651693115, "fmin": 38.41655575661482, "gamma": 26.968575293045703}, "datetime": {"datetime": "2021-05-02 15:57:02", "elapsed": 7729.976965, "delta": 86.693824}}
{"target": 7.00068473815918, "params": {"bins": 151.53100675594146, "fmin": 36.29848279891804, "gamma": 37.7747079037726}, "datetime": {"datetime": "2021-05-02 15:58:28", "elapsed": 7815.591071, "delta": 85.614106}}
{"target": 7.150440216064453, "params": {"bins": 170.90721483960448, "fmin": 34.83989451852828, "gamma": 17.494626635225643}, "datetime": {"datetime": "2021-05-02 15:59:55", "elapsed": 7902.948603, "delta": 87.357532}}
{"target": 7.123052597045898, "params": {"bins": 160.09295597664772, "fmin": 25.470511753996632, "gamma": 30.750036269444625}, "datetime": {"datetime": "2021-05-02 16:01:23", "elapsed": 7991.148903, "delta": 88.2003}}
{"target": 7.103280067443848, "params": {"bins": 150.9832934910329, "fmin": 21.550731754441006, "gamma": 41.273502246759385}, "datetime": {"datetime": "2021-05-02 16:02:52", "elapsed": 8079.508813, "delta": 88.35991}}
{"target": 7.060970306396484, "params": {"bins": 172.81647262893915, "fmin": 31.17790004657061, "gamma": 30.55554274745308}, "datetime": {"datetime": "2021-05-02 16:04:20", "elapsed": 8167.28691, "delta": 87.778097}}
{"target": 7.139137268066406, "params": {"bins": 171.6589592046731, "fmin": 19.770151364968754, "gamma": 22.137471117833364}, "datetime": {"datetime": "2021-05-02 16:05:49", "elapsed": 8256.258031, "delta": 88.971121}}
{"target": 7.088955402374268, "params": {"bins": 164.44254752355033, "fmin": 31.116545736808906, "gamma": 3.7750233693025104}, "datetime": {"datetime": "2021-05-02 16:07:17", "elapsed": 8344.173964, "delta": 87.915933}}
{"target": 7.038217544555664, "params": {"bins": 170.1029217994208, "fmin": 21.581057862219716, "gamma": 10.163449147197456}, "datetime": {"datetime": "2021-05-02 16:08:46", "elapsed": 8433.263731, "delta": 89.089767}}
{"target": 7.085165023803711, "params": {"bins": 147.5562755336162, "fmin": 21.39799614046521, "gamma": 2.364460530156176}, "datetime": {"datetime": "2021-05-02 16:10:17", "elapsed": 8524.742519, "delta": 91.478788}}
{"target": 6.914725303649902, "params": {"bins": 163.81150878538878, "fmin": 31.668913416064846, "gamma": 43.38472911489751}, "datetime": {"datetime": "2021-05-02 16:11:44", "elapsed": 8611.478373, "delta": 86.735854}}
{"target": 7.11046028137207, "params": {"bins": 156.55908567372035, "fmin": 16.298188011857373, "gamma": 10.134425353989595}, "datetime": {"datetime": "2021-05-02 16:13:16", "elapsed": 8703.190301, "delta": 91.711928}}
{"target": 7.071290016174316, "params": {"bins": 170.38470624942192, "fmin": 18.257281385513295, "gamma": 36.71619045683607}, "datetime": {"datetime": "2021-05-02 16:14:45", "elapsed": 8792.612062, "delta": 89.421761}}
{"target": 7.086087226867676, "params": {"bins": 182.47668610924146, "fmin": 27.60487935409661, "gamma": 19.28273021053792}, "datetime": {"datetime": "2021-05-02 16:16:13", "elapsed": 8880.597298, "delta": 87.985236}}
{"target": 7.125744819641113, "params": {"bins": 149.95273387246988, "fmin": 15.677809653349218, "gamma": 27.074272217687202}, "datetime": {"datetime": "2021-05-02 16:17:45", "elapsed": 8972.496042, "delta": 91.898744}}
