{"target": 7.0605926513671875, "params": {"bins": 183.0880313937274, "fmin": 22.03113901062494, "gamma": 32.1290806162898}, "datetime": {"datetime": "2021-05-02 16:19:13", "elapsed": 9060.809191, "delta": 88.313149}}
{"target": 7.1302900314331055, "params": {"bins": 167.35029340936677, "fmin": 47.779505823222834, "gamma": 1.1412861523885098}, "datetime": {"datetime": "2021-05-02 16:20:40", "elapsed": 9147.517644, "delta": 86.708453}}
{"target": 7.073124885559082, "params": {"bins": 166.83361220744106, "fmin": 55.234762632953675, "gamma": 13.422876781255644}, "datetime": {"datetime": "2021-05-02 16:22:05", "elapsed": 9232.183794, "delta": 84.66615}}
{"target": 7.027259826660156, "params": {"bins": 176.14247795127903, "fmin": 39.692506666154415, "gamma": 6.3341068223814245}, "datetime": {"datetime": "2021-05-02 16:23:32", "elapsed": 9319.456267, "delta": 87.272473}}
{"target": 6.9871649742126465, "params": {"bins": 175.34346004628273, "fmin": 46.15601955950571, "gamma": 24.69345325226596}, "datetime": {"datetime": "2021-05-02 16:24:57", "elapsed": 9404.690727, "delta": 85.23446}}
{"target": 7.085405349731445, "params": {"bins": 141.28218507538296, "fmin": 15.068172268654557, "gamma": 49.07323953005476}, "datetime": {"datetime": "2021-05-02 16:26:29", "elapsed": 9496.660257, "delta": 91.96953}}
{"target": 6.861882209777832, "params": {"bins": 148.05651110789805, "fmin": 29.371854932121455, "gamma": 52.48070594258194}, "datetime": {"datetime": "2021-05-02 16:27:56", "elapsed": 9583.886593, "delta": 87.226336}}
{"target": 6.968642234802246, "params": {"bins": 178.38615239721355, "fmin": 27.797659714541926, "gamma": 44.03974124037651}, "datetime": {"datetime": "2021-05-02 16:29:24", "elapsed": 9671.290298, "delta": 87.403705}}
{"target": 7.052820205688477, "params": {"bins": 162.33217661011486, "fmin": 17.57477060789886, "gamma": 48.59383877188293}, "datetime": {"datetime": "2021-05-02 16:30:54", "elapsed": 9761.379095, "delta": 90.088797}}
{"target": 7.088027477264404, "params": {"bins": 180.1833166656417, "fmin": 51.29603495872197, "gamma": 9.917997549914803}, "datetime": {"datetime": "2021-05-02 16:32:20", "elapsed": 9847.547088, "delta": 86.167993}}
{"target": 6.89308500289917, "params": {"bins": 101.23050715155655, "fmin": 25.02465494444106, "gamma": 54.09910212093174}, "datetime": {"datetime": "2021-05-02 16:33:50", "elapsed": 9937.613788, "delta": 90.0667}}
{"target": 7.0527825355529785, "params": {"bins": 187.1711741998819, "fmin": 43.24954833442435, "gamma": 18.43042687658263}, "datetime": {"datetime": "2021-05-02 16:35:16", "elapsed": 10023.689588, "delta": 86.0758}}
{"target": 6.889427185058594, "params": {"bins": 169.556399991392, "fmin": 43.6143873969392, "gamma": 37.59728357760019}, "datetime": {"datetime": "2021-05-02 16:36:40", "elapsed": 10107.680313, "delta": 83.990725}}
{"target": 7.064219951629639, "params": {"bins": 192.73304954503138, "fmin": 31.74484153647539, "gamma": 27.42217809932601}, "datetime": {"datetime": "2021-05-02 16:38:07", "elapsed": 10194.89583, "delta": 87.215517}}
{"target": 6.967065334320068, "params": {"bins": 151.73605280625134, "fmin": 48.38812530890719, "gamma": 26.375932478711903}, "datetime": {"datetime": "2021-05-02 16:39:33", "elapsed": 10280.363164, "delta": 85.467334}}
{"target": 7.045849800109863, "params": {"bins": 174.15192346419352, "fmin": 59.597206867717865, "gamma": 0.13475639243355486}, "datetime": {"datetime": "2021-05-02 16:40:57", "elapsed": 10364.888548, "delta": 84.525384}}
{"target": 7.112344741821289, "params": {"bins": 196.35876898257365, "fmin": 33.700778933745696, "gamma": 14.25755321262887}, "datetime": {"datetime": "2021-05-02 16:42:24", "elapsed": 10452.144946, "delta": 87.256398}}
{"target": 7.094572067260742, "params": {"bins": 185.6621538152458, "fmin": 29.16403975737342, "gamma": 6.083006205845903}, "datetime": {"datetime": "2021-05-02 16:43:53", "elapsed": 10540.699947, "delta": 88.555001}}
{"target": 7.046464920043945, "params": {"bins": 190.04912705552866, "fmin": 44.86770224258255, "gamma": 3.785120978749845}, "datetime": {"datetime": "2021-05-02 16:45:19", "elapsed": 10626.704332, "delta": 86.004385}}
{"target": 7.028689861297607, "params": {"bins": 160.90988321989255, "fmin": 15.0, "gamma": 22.2588938767654}, "datetime": {"datetime": "2021-05-02 16:46:50", "elapsed": 10717.261063, "delta": 90.556731}}
{"target": 7.0803399085998535, "params": {"bins": 190.84031932774658, "fmin": 17.905744941904217, "gamma": 15.433082304891755}, "datetime": {"datetime": "2021-05-02 16:48:20", "elapsed": 10807.308552, "delta": 90.047489}}
{"target": 7.01390266418457, "params": {"bins": 198.14143158590667, "fmin": 32.28297046622763, "gamma": 0.19102492269189586}, "datetime": {"datetime": "2021-05-02 16:49:47", "elapsed": 10895.017055, "delta": 87.708503}}
{"target": 7.147212028503418, "params": {"bins": 194.27768410033408, "fmin": 18.634309396870925, "gamma": 2.0224184660277293}, "datetime": {"datetime": "2021-05-02 16:51:19", "elapsed": 10986.188076, "delta": 91.171021}}
{"target": 7.115039825439453, "params": {"bins": 181.7264049019295, "fmin": 15.31391727323963, "gamma": 5.5198616051828955}, "datetime": {"datetime": "2021-05-02 16:52:51", "elapsed": 11078.432599, "delta": 92.244523}}
{"target": 7.024655342102051, "params": {"bins": 203.5936061719106, "fmin": 22.65383742951523, "gamma": 10.85283798758955}, "datetime": {"datetime": "2021-05-02 16:54:19", "elapsed": 11166.509445, "delta": 88.076846}}
{"target": 7.010290145874023, "params": {"bins": 203.1160645426719, "fmin": 45.789034909414156, "gamma": 14.418173564678938}, "datetime": {"datetime": "2021-05-02 16:55:44", "elapsed": 11251.472827, "delta": 84.963382}}
{"target": 7.006400108337402, "params": {"bins": 206.86145918885913, "fmin": 32.116402289707075, "gamma": 23.87511860347683}, "datetime": {"datetime": "2021-05-02 16:57:12", "elapsed": 11339.852287, "delta": 88.37946}}
{"target": 7.067269802093506, "params": {"bins": 213.19609895459877, "fmin": 34.43961821081263, "gamma": 9.456516885984634}, "datetime": {"datetime": "2021-05-02 16:58:39", "elapsed": 11427.116111, "delta": 87.263824}}
{"target": 7.0030622482299805, "params": {"bins": 193.82093295951097, "fmin": 56.37572537573016, "gamma": 14.199445611202854}, "datetime": {"datetime": "2021-05-02 17:00:03", "elapsed": 11510.835702, "delta": 83.719591}}
{"target": 7.094362735748291, "params": {"bins": 199.57689340578517, "fmin": 19.99840008497608, "gamma": 25.525734787643895}, "datetime": {"datetime": "2021-05-02 17:01:33", "elapsed": 11600.377768, "delta": 89.542066}}
{"target": 6.807889938354492, "params": {"bins": 182.03175742664143, "fmin": 59.07385291691069, "gamma": 23.043860787260684}, "datetime": {"datetime": "2021-05-02 17:02:57", "elapsed": 11684.661686, "delta": 84.283918}}
{"target": 6.984642505645752, "params": {"bins": 196.38784471047856, "fmin": 25.89575853629359, "gamma": 39.043264390009234}, "datetime": {"datetime": "2021-05-02 17:04:24", "elapsed": 11771.857721, "delta": 87.196035}}
{"target": 7.036279678344727, "params": {"bins": 189.12489518256197, "fmin": 56.984708211732276, "gamma": 0.019225650373966285}, "datetime": {"datetime": "2021-05-02 17:05:49", "elapsed": 11856.647492, "delta": 84.789771}}
{"target": 7.121347427368164, "params": {"bins": 201.70441346464278, "fmin": 53.634260392718524, "gamma": 2.115126926251021}, "datetime": {"datetime": "2021-05-02 17:07:14", "elapsed": 11942.057997, "delta": 85.410505}}
{"target": 7.03370475769043, "params": {"bins": 213.4158295300639, "fmin": 20.09022528398918, "gamma": 20.373515799875364}, "datetime": {"datetime": "2021-05-02 17:08:42", "elapsed": 12029.838961, "delta": 87.780964}}
{"target": 7.007160186767578, "params": {"bins": 140.78444041033916, "fmin": 15.197069815768094, "gamma": 36.966230899808615}, "datetime": {"datetime": "2021-05-02 17:10:13", "elapsed": 12120.857313, "delta": 91.018352}}
{"target": 7.087027549743652, "params": {"bins": 210.18290988336636, "fmin": 43.90707483896344, "gamma": 1.7386153344939537}, "datetime": {"datetime": "2021-05-02 17:11:40", "elapsed": 12207.544386, "delta": 86.687073}}
{"target": 6.98049259185791, "params": {"bins": 212.11558028345087, "fmin": 56.51636179650027, "gamma": 10.369655256548393}, "datetime": {"datetime": "2021-05-02 17:13:04", "elapsed": 12291.759153, "delta": 84.214767}}
{"target": 7.009775161743164, "params": {"bins": 210.14398178506354, "fmin": 22.385310874047153, "gamma": 34.344951317794106}, "datetime": {"datetime": "2021-05-02 17:14:32", "elapsed": 12379.765796, "delta": 88.006643}}
{"target": 6.92900276184082, "params": {"bins": 217.62443932538935, "fmin": 46.406010990725186, "gamma": 18.673027615908524}, "datetime": {"datetime": "2021-05-02 17:15:57", "elapsed": 12464.436997, "delta": 84.671201}}
{"target": 6.994620323181152, "params": {"bins": 221.18151942869792, "fmin": 30.636675759426446, "gamma": 21.197856499361688}, "datetime": {"datetime": "2021-05-02 17:17:24", "elapsed": 12551.925664, "delta": 87.488667}}
{"target": 7.001255035400391, "params": {"bins": 223.14643624162773, "fmin": 47.7351555671405, "gamma": 5.41929552075665}, "datetime": {"datetime": "2021-05-02 17:18:50", "elapsed": 12637.259415, "delta": 85.333751}}
{"target": 7.024585247039795, "params": {"bins": 227.2423100846269, "fmin": 34.29269209117951, "gamma": 8.478890222673591}, "datetime": {"datetime": "2021-05-02 17:20:17", "elapsed": 12724.659053, "delta": 87.399638}}
{"target": -28.701560974121094, "params": {"bins": 175.62475402484662, "fmin": 26.04965139269336, "gamma": 0.0}, "datetime": {"datetime": "2021-05-02 17:21:45", "elapsed": 12813.075334, "delta": 88.416281}}
{"target": 7.013635158538818, "params": {"bins": 192.82053127220095, "fmin": 25.95623389336808, "gamma": 11.453336301751305}, "datetime": {"datetime": "2021-05-02 17:23:14", "elapsed": 12901.689538, "delta": 88.614204}}
{"target": 7.072957515716553, "params": {"bins": 186.62689462136882, "fmin": 35.02144090938387, "gamma": 12.201129851213533}, "datetime": {"datetime": "2021-05-02 17:24:40", "elapsed": 12987.463546, "delta": 85.774008}}
{"target": 7.082930088043213, "params": {"bins": 157.8880759547461, "fmin": 39.20406934927938, "gamma": 2.934520201474944}, "datetime": {"datetime": "2021-05-02 17:26:07", "elapsed": 13074.278405, "delta": 86.814859}}
{"target": 7.138324737548828, "params": {"bins": 128.75146107842482, "fmin": 37.43695026008655, "gamma": 21.88233305196645}, "datetime": {"datetime": "2021-05-02 17:27:33", "elapsed": 13161.161958, "delta": 86.883553}}
{"target": 7.0439348220825195, "params": {"bins": 157.80465196304945, "fmin": 26.129724804191348, "gamma": 7.6698628289611355}, "datetime": {"datetime": "2021-05-02 17:29:02", "elapsed": 13249.948105, "delta": 88.786147}}
{"target": 7.1233625411987305, "params": {"bins": 171.18512313295943, "fmin": 43.477012712523134, "gamma": 13.10503166535878}, "datetime": {"datetime": "2021-05-02 17:30:31", "elapsed": 13338.361468, "delta": 88.413363}}
{"target": 6.890592575073242, "params": {"bins": 185.19715768535727, "fmin": 32.911300257547865, "gamma": 36.21654843788157}, "datetime": {"datetime": "2021-05-02 17:31:58", "elapsed": 13426.157718, "delta": 87.79625}}
{"target": 7.0669145584106445, "params": {"bins": 139.6150381861767, "fmin": 33.092765081017916, "gamma": 23.227225718519648}, "datetime": {"datetime": "2021-05-02 17:33:30", "elapsed": 13517.969989, "delta": 91.812271}}
{"target": 7.147389888763428, "params": {"bins": 166.1759893965916, "fmin": 15.04184172227974, "gamma": 14.133852466625928}, "datetime": {"datetime": "2021-05-02 17:35:06", "elapsed": 13613.629776, "delta": 95.659787}}
{"target": 7.063620090484619, "params": {"bins": 218.95460397352883, "fmin": 24.25927906976323, "gamma": 7.53020837959949}, "datetime": {"datetime": "2021-05-02 17:36:38", "elapsed": 13705.850776, "delta": 92.221}}
{"target": 7.037407398223877, "params": {"bins": 128.5692961007619, "fmin": 22.457832992381555, "gamma": 36.138847215219464}, "datetime": {"datetime": "2021-05-02 17:38:13", "elapsed": 13800.48706, "delta": 94.636284}}
{"target": 6.9899001121521, "params": {"bins": 129.8398197168338, "fmin": 45.555310057694626, "gamma": 30.519306309307513}, "datetime": {"datetime": "2021-05-02 17:39:44", "elapsed": 13891.19493, "delta": 90.70787}}
{"target": 7.041679859161377, "params": {"bins": 127.33862813279228, "fmin": 15.1574725097082, "gamma": 19.31909954355646}, "datetime": {"datetime": "2021-05-02 17:41:19", "elapsed": 13986.841008, "delta": 95.646078}}
{"target": 7.091837406158447, "params": {"bins": 158.88475757096126, "fmin": 15.0, "gamma": 35.8297952576286}, "datetime": {"datetime": "2021-05-02 17:42:51", "elapsed": 14078.852604, "delta": 92.011596}}
{"target": 7.046679973602295, "params": {"bins": 208.05413975572716, "fmin": 23.875510638825936, "gamma": 0.3165515556006748}, "datetime": {"datetime": "2021-05-02 17:44:21", "elapsed": 14168.981676, "delta": 90.129072}}
{"target": 7.095224857330322, "params": {"bins": 182.82138834599633, "fmin": 15.421589954329374, "gamma": 21.942012412908685}, "datetime": {"datetime": "2021-05-02 17:45:54", "elapsed": 14261.674827, "delta": 92.693151}}
{"target": 6.8988776206970215, "params": {"bins": 136.8634254234898, "fmin": 26.024586623005735, "gamma": 54.553833629205585}, "datetime": {"datetime": "2021-05-02 17:47:24", "elapsed": 14351.516713, "delta": 89.841886}}
{"target": 6.906160354614258, "params": {"bins": 202.49331265682005, "fmin": 36.702447860830056, "gamma": 35.22433032723001}, "datetime": {"datetime": "2021-05-02 17:48:51", "elapsed": 14438.723877, "delta": 87.207164}}
{"target": 6.842104911804199, "params": {"bins": 74.63912693865838, "fmin": 28.79271384356087, "gamma": 26.650093237207727}, "datetime": {"datetime": "2021-05-02 17:50:22", "elapsed": 14529.915319, "delta": 91.191442}}
{"target": 7.012472629547119, "params": {"bins": 229.18144787168598, "fmin": 23.782921595067858, "gamma": 15.34653276795681}, "datetime": {"datetime": "2021-05-02 17:51:51", "elapsed": 14618.995282, "delta": 89.079963}}
{"target": 7.017244815826416, "params": {"bins": 151.85033479334624, "fmin": 16.521336131204084, "gamma": 55.64179914647868}, "datetime": {"datetime": "2021-05-02 17:53:22", "elapsed": 14709.191598, "delta": 90.196316}}
{"target": 6.925002574920654, "params": {"bins": 82.28050412071184, "fmin": 24.80295548791547, "gamma": 10.321304583601309}, "datetime": {"datetime": "2021-05-02 17:54:53", "elapsed": 14800.657731, "delta": 91.466133}}
{"target": 6.997062683105469, "params": {"bins": 219.30760973124404, "fmin": 35.301234294536215, "gamma": 0.0}, "datetime": {"datetime": "2021-05-02 17:56:20", "elapsed": 14887.871807, "delta": 87.214076}}
{"target": 6.902734756469727, "params": {"bins": 216.31700038675575, "fmin": 34.3535732721495, "gamma": 33.19140572362812}, "datetime": {"datetime": "2021-05-02 17:57:47", "elapsed": 14974.701457, "delta": 86.82965}}
{"target": 6.916530132293701, "params": {"bins": 233.71394645521724, "fmin": 37.336596181135334, "gamma": 21.56720992990506}, "datetime": {"datetime": "2021-05-02 17:59:15", "elapsed": 15062.238667, "delta": 87.53721}}
{"target": 6.963510036468506, "params": {"bins": 227.09965446023162, "fmin": 21.263372697940532, "gamma": 27.639963743516184}, "datetime": {"datetime": "2021-05-02 18:00:44", "elapsed": 15151.868475, "delta": 89.629808}}
{"target": 6.922749996185303, "params": {"bins": 122.13395766910236, "fmin": 54.816487455225435, "gamma": 26.293066663407902}, "datetime": {"datetime": "2021-05-02 18:02:10", "elapsed": 15237.282821, "delta": 85.414346}}
{"target": 7.030839920043945, "params": {"bins": 192.7294702120469, "fmin": 15.0, "gamma": 34.210703536011195}, "datetime": {"datetime": "2021-05-02 18:03:39", "elapsed": 15326.972034, "delta": 89.689213}}
{"target": 7.030012130737305, "params": {"bins": 86.42808426409509, "fmin": 59.8659484496031, "gamma": 13.635277007098745}, "datetime": {"datetime": "2021-05-02 18:05:06", "elapsed": 15413.379933, "delta": 86.407899}}
{"target": 6.951464653015137, "params": {"bins": 183.19245340052422, "fmin": 16.724337399626545, "gamma": 43.516455690629165}, "datetime": {"datetime": "2021-05-02 18:06:36", "elapsed": 15503.284878, "delta": 89.904945}}
{"target": 6.987550258636475, "params": {"bins": 86.86475049057573, "fmin": 16.391566545709985, "gamma": 27.50737423819084}, "datetime": {"datetime": "2021-05-02 18:08:09", "elapsed": 15596.468967, "delta": 93.184089}}
{"target": 6.787969589233398, "params": {"bins": 159.99994904985965, "fmin": 26.69005759613146, "gamma": 57.55615921495677}, "datetime": {"datetime": "2021-05-02 18:09:37", "elapsed": 15684.315216, "delta": 87.846249}}
{"target": 6.861579895019531, "params": {"bins": 140.65680193195237, "fmin": 54.02463694637138, "gamma": 34.34859649884402}, "datetime": {"datetime": "2021-05-02 18:11:01", "elapsed": 15768.738154, "delta": 84.422938}}
{"target": 6.8200225830078125, "params": {"bins": 205.24502658721084, "fmin": 46.50091783975061, "gamma": 27.376622240473726}, "datetime": {"datetime": "2021-05-02 18:12:27", "elapsed": 15854.426993, "delta": 85.688839}}
{"target": 7.055807113647461, "params": {"bins": 179.0825412440762, "fmin": 48.62876460477495, "gamma": 0.0}, "datetime": {"datetime": "2021-05-02 18:13:53", "elapsed": 15940.786214, "delta": 86.359221}}
{"target": 6.803862571716309, "params": {"bins": 152.732396945973, "fmin": 49.026470791523884, "gamma": 39.621605641297734}, "datetime": {"datetime": "2021-05-02 18:15:17", "elapsed": 16024.970285, "delta": 84.184071}}
{"target": 6.978525161743164, "params": {"bins": 235.94524743628446, "fmin": 44.728462253893554, "gamma": 10.889070192181748}, "datetime": {"datetime": "2021-05-02 18:16:44", "elapsed": 16112.069678, "delta": 87.099393}}
{"target": 6.967659950256348, "params": {"bins": 242.3823814638875, "fmin": 29.433423068214566, "gamma": 13.071627474234704}, "datetime": {"datetime": "2021-05-02 18:18:13", "elapsed": 16200.68479, "delta": 88.615112}}
{"target": 6.885707855224609, "params": {"bins": 231.56385798102139, "fmin": 32.47512011651925, "gamma": 33.382428294988976}, "datetime": {"datetime": "2021-05-02 18:19:41", "elapsed": 16288.64195, "delta": 87.95716}}
{"target": 6.956154823303223, "params": {"bins": 127.73273994927622, "fmin": 15.634729811040303, "gamma": 59.0287348763568}, "datetime": {"datetime": "2021-05-02 18:21:12", "elapsed": 16380.14349, "delta": 91.50154}}
{"target": 7.058434963226318, "params": {"bins": 124.00772953083862, "fmin": 16.226959195490597, "gamma": 0.42522506195961096}, "datetime": {"datetime": "2021-05-02 18:22:45", "elapsed": 16472.60478, "delta": 92.46129}}
{"target": 6.884015083312988, "params": {"bins": 140.77076676712795, "fmin": 15.0, "gamma": 62.47218685148576}, "datetime": {"datetime": "2021-05-02 18:24:16", "elapsed": 16564.131759, "delta": 91.526979}}
{"target": 7.043820381164551, "params": {"bins": 232.2477426025882, "fmin": 24.543029265920286, "gamma": 0.7869552466336582}, "datetime": {"datetime": "2021-05-02 18:25:47", "elapsed": 16654.529646, "delta": 90.397887}}
{"target": 6.895794868469238, "params": {"bins": 226.46905646421467, "fmin": 57.21540790688228, "gamma": 13.044053505022891}, "datetime": {"datetime": "2021-05-02 18:27:11", "elapsed": 16738.645739, "delta": 84.116093}}
{"target": 6.955962657928467, "params": {"bins": 241.72830899869825, "fmin": 36.33234743054529, "gamma": 2.1427629665062398}, "datetime": {"datetime": "2021-05-02 18:28:40", "elapsed": 16827.255412, "delta": 88.609673}}
{"target": 6.9753923416137695, "params": {"bins": 238.9274974764759, "fmin": 16.901485211582163, "gamma": 9.394396850528748}, "datetime": {"datetime": "2021-05-02 18:30:10", "elapsed": 16917.983247, "delta": 90.727835}}
{"target": 6.956632614135742, "params": {"bins": 114.24061806672358, "fmin": 20.722311788965698, "gamma": 61.57015994623865}, "datetime": {"datetime": "2021-05-02 18:31:40", "elapsed": 17007.691204, "delta": 89.707957}}
{"target": 7.0052947998046875, "params": {"bins": 244.93609176848807, "fmin": 23.97381978407873, "gamma": 0.42263314674914065}, "datetime": {"datetime": "2021-05-02 18:33:11", "elapsed": 17098.564791, "delta": 90.873587}}
{"target": 7.095670223236084, "params": {"bins": 212.1279092007115, "fmin": 15.0, "gamma": 8.130087743406325}, "datetime": {"datetime": "2021-05-02 18:34:43", "elapsed": 17190.700823, "delta": 92.136032}}
{"target": 7.140425205230713, "params": {"bins": 108.26558069915927, "fmin": 45.51070863203454, "gamma": 0.6282691610186575}, "datetime": {"datetime": "2021-05-02 18:36:11", "elapsed": 17278.414697, "delta": 87.713874}}
{"target": 6.989725112915039, "params": {"bins": 81.33506996072389, "fmin": 42.123277597477774, "gamma": 43.3584417584937}, "datetime": {"datetime": "2021-05-02 18:37:39", "elapsed": 17366.587557, "delta": 88.17286}}
{"target": 7.020237445831299, "params": {"bins": 83.09579345163124, "fmin": 30.553762001850515, "gamma": 50.81839534064423}, "datetime": {"datetime": "2021-05-02 18:39:08", "elapsed": 17456.046506, "delta": 89.458949}}
{"target": 6.947757244110107, "params": {"bins": 83.16885840233931, "fmin": 19.123937641542906, "gamma": 45.823306488022}, "datetime": {"datetime": "2021-05-02 18:40:40", "elapsed": 17547.761263, "delta": 91.714757}}
{"target": 7.053249835968018, "params": {"bins": 202.9753585482524, "fmin": 15.0, "gamma": 42.82009600009218}, "datetime": {"datetime": "2021-05-02 18:42:09", "elapsed": 17636.290428, "delta": 88.529165}}
{"target": 6.883105278015137, "params": {"bins": 207.80979681586098, "fmin": 28.014774856851943, "gamma": 45.8002230350491}, "datetime": {"datetime": "2021-05-02 18:43:36", "elapsed": 17723.898024, "delta": 87.607596}}
