{"target": 7.0388875007629395, "params": {"bins": 151.78092524738398, "fmin": 23.648936626523287, "gamma": 0.0}, "datetime": {"datetime": "2021-05-07 15:55:21", "elapsed": 0.0, "delta": 0.0}}
{"target": 7.0388875007629395, "params": {"bins": 151.78092524738398, "fmin": 23.648936626523287, "gamma": 0.0}, "datetime": {"datetime": "2021-05-07 15:55:21", "elapsed": 0.000186, "delta": 0.000186}}
{"target": 7.0388875007629395, "params": {"bins": 151.78092524738398, "fmin": 23.648936626523287, "gamma": 0.0}, "datetime": {"datetime": "2021-05-07 15:55:21", "elapsed": 0.00026, "delta": 7.4e-05}}
{"target": 7.0388875007629395, "params": {"bins": 151.78092524738398, "fmin": 23.648936626523287, "gamma": 0.0}, "datetime": {"datetime": "2021-05-07 15:55:21", "elapsed": 0.000336, "delta": 7.6e-05}}
{"target": 7.0388875007629395, "params": {"bins": 151.78092524738398, "fmin": 23.648936626523287, "gamma": 0.0}, "datetime": {"datetime": "2021-05-07 15:55:21", "elapsed": 0.000418, "delta": 8.2e-05}}
{"target": 7.0388875007629395, "params": {"bins": 151.78092524738398, "fmin": 23.648936626523287, "gamma": 0.0}, "datetime": {"datetime": "2021-05-07 15:55:21", "elapsed": 0.000483, "delta": 6.5e-05}}
{"target": 7.0388875007629395, "params": {"bins": 151.78092524738398, "fmin": 23.648936626523287, "gamma": 0.0}, "datetime": {"datetime": "2021-05-07 15:55:21", "elapsed": 0.000548, "delta": 6.5e-05}}
{"target": 7.0388875007629395, "params": {"bins": 151.78092524738398, "fmin": 23.648936626523287, "gamma": 0.0}, "datetime": {"datetime": "2021-05-07 15:55:21", "elapsed": 0.000613, "delta": 6.5e-05}}
{"target": 7.0388875007629395, "params": {"bins": 151.78092524738398, "fmin": 23.648936626523287, "gamma": 0.0}, "datetime": {"datetime": "2021-05-07 15:55:21", "elapsed": 0.000677, "delta": 6.4e-05}}
{"target": 7.0388875007629395, "params": {"bins": 151.78092524738398, "fmin": 23.648936626523287, "gamma": 0.0}, "datetime": {"datetime": "2021-05-07 15:55:21", "elapsed": 0.000741, "delta": 6.4e-05}}
{"target": 7.0388875007629395, "params": {"bins": 151.78092524738398, "fmin": 23.648936626523287, "gamma": 0.0}, "datetime": {"datetime": "2021-05-07 15:55:21", "elapsed": 0.000805, "delta": 6.4e-05}}
{"target": 7.0388875007629395, "params": {"bins": 151.78092524738398, "fmin": 23.648936626523287, "gamma": 0.0}, "datetime": {"datetime": "2021-05-07 15:55:21", "elapsed": 0.000868, "delta": 6.3e-05}}
{"target": 7.0388875007629395, "params": {"bins": 151.78092524738398, "fmin": 23.648936626523287, "gamma": 0.0}, "datetime": {"datetime": "2021-05-07 15:55:21", "elapsed": 0.000933, "delta": 6.5e-05}}
{"target": 7.0388875007629395, "params": {"bins": 151.78092524738398, "fmin": 23.648936626523287, "gamma": 0.0}, "datetime": {"datetime": "2021-05-07 15:55:21", "elapsed": 0.000996, "delta": 6.3e-05}}
{"target": 7.0388875007629395, "params": {"bins": 151.78092524738398, "fmin": 23.648936626523287, "gamma": 0.0}, "datetime": {"datetime": "2021-05-07 15:55:21", "elapsed": 0.00106, "delta": 6.4e-05}}
{"target": 7.0388875007629395, "params": {"bins": 151.78092524738398, "fmin": 23.648936626523287, "gamma": 0.0}, "datetime": {"datetime": "2021-05-07 15:55:21", "elapsed": 0.001123, "delta": 6.3e-05}}
{"target": 7.0388875007629395, "params": {"bins": 151.78092524738398, "fmin": 23.648936626523287, "gamma": 0.0}, "datetime": {"datetime": "2021-05-07 15:55:21", "elapsed": 0.001187, "delta": 6.4e-05}}
{"target": 7.0388875007629395, "params": {"bins": 151.78092524738398, "fmin": 23.648936626523287, "gamma": 0.0}, "datetime": {"datetime": "2021-05-07 15:55:21", "elapsed": 0.001251, "delta": 6.4e-05}}
{"target": 7.0388875007629395, "params": {"bins": 151.78092524738398, "fmin": 23.648936626523287, "gamma": 0.0}, "datetime": {"datetime": "2021-05-07 15:55:21", "elapsed": 0.001319, "delta": 6.8e-05}}
{"target": 7.0388875007629395, "params": {"bins": 151.78092524738398, "fmin": 23.648936626523287, "gamma": 0.0}, "datetime": {"datetime": "2021-05-07 15:55:21", "elapsed": 0.001385, "delta": 6.6e-05}}
{"target": 7.187787055969238, "params": {"bins": 203.90698218667544, "fmin": 60.0, "gamma": 0.0}, "datetime": {"datetime": "2021-05-07 15:57:13", "elapsed": 112.202719, "delta": 112.201334}}
{"target": 7.059082508087158, "params": {"bins": 268.72680666735823, "fmin": 15.0, "gamma": 8.38984508641423}, "datetime": {"datetime": "2021-05-07 15:59:18", "elapsed": 237.714628, "delta": 125.511909}}
{"target": -32.62271499633789, "params": {"bins": 174.25948323535496, "fmin": 60.0, "gamma": 0.0}, "datetime": {"datetime": "2021-05-07 16:01:09", "elapsed": 348.665571, "delta": 110.950943}}
{"target": 7.084295272827148, "params": {"bins": 180.08925860133687, "fmin": 17.829010043585868, "gamma": 5.119027605378581}, "datetime": {"datetime": "2021-05-07 16:03:08", "elapsed": 467.157307, "delta": 118.491736}}
{"target": 7.111405372619629, "params": {"bins": 197.91585587078796, "fmin": 29.739684824497786, "gamma": 4.526224576543592}, "datetime": {"datetime": "2021-05-07 16:05:02", "elapsed": 581.396191, "delta": 114.238884}}
{"target": 7.104957580566406, "params": {"bins": 174.06765857787727, "fmin": 27.90641103463829, "gamma": 26.968606235541042}, "datetime": {"datetime": "2021-05-07 16:06:57", "elapsed": 695.95989, "delta": 114.563699}}
{"target": 7.102499961853027, "params": {"bins": 146.92529899794877, "fmin": 36.361802096002606, "gamma": 15.891234165808676}, "datetime": {"datetime": "2021-05-07 16:08:50", "elapsed": 808.97497, "delta": 113.01508}}
{"target": 6.724760055541992, "params": {"bins": 171.20529630539056, "fmin": 42.86966616940585, "gamma": 48.526114540564905}, "datetime": {"datetime": "2021-05-07 16:10:40", "elapsed": 918.809844, "delta": 109.834874}}
{"target": 7.162654876708984, "params": {"bins": 214.50743555718986, "fmin": 25.021746740298298, "gamma": 38.640184851929426}, "datetime": {"datetime": "2021-05-07 16:12:33", "elapsed": 1032.627059, "delta": 113.817215}}
{"target": 6.891209602355957, "params": {"bins": 232.29168781175713, "fmin": 48.71461552190725, "gamma": 32.05400173470408}, "datetime": {"datetime": "2021-05-07 16:14:24", "elapsed": 1142.922374, "delta": 110.295315}}
{"target": 6.556659698486328, "params": {"bins": 211.84707964463345, "fmin": 50.661971060498104, "gamma": 47.61881209571908}, "datetime": {"datetime": "2021-05-07 16:16:13", "elapsed": 1252.251582, "delta": 109.329208}}
{"target": 6.902307510375977, "params": {"bins": 85.59791042153745, "fmin": 29.549209372484704, "gamma": 16.226915252235607}, "datetime": {"datetime": "2021-05-07 16:18:09", "elapsed": 1367.839058, "delta": 115.587476}}
{"target": 6.930099964141846, "params": {"bins": 142.43742332354532, "fmin": 48.29318693548248, "gamma": 40.78251615129508}, "datetime": {"datetime": "2021-05-07 16:19:58", "elapsed": 1477.624326, "delta": 109.785268}}
{"target": 7.100650310516357, "params": {"bins": 222.97069373155122, "fmin": 59.41008917001496, "gamma": 11.711380677909201}, "datetime": {"datetime": "2021-05-07 16:21:48", "elapsed": 1586.886477, "delta": 109.262151}}
{"target": 7.087644577026367, "params": {"bins": 87.0795106078099, "fmin": 53.89459960297556, "gamma": 29.582856869923557}, "datetime": {"datetime": "2021-05-07 16:23:38", "elapsed": 1697.737613, "delta": 110.851136}}
{"target": 7.184147834777832, "params": {"bins": 107.15586412220765, "fmin": 36.53546821983666, "gamma": 33.88877689297548}, "datetime": {"datetime": "2021-05-07 16:25:32", "elapsed": 1811.276794, "delta": 113.539181}}
{"target": 6.811860084533691, "params": {"bins": 117.56259419596041, "fmin": 57.83682468126869, "gamma": 33.43067123743306}, "datetime": {"datetime": "2021-05-07 16:27:22", "elapsed": 1920.982849, "delta": 109.706055}}
{"target": 7.133337497711182, "params": {"bins": 262.1481907349665, "fmin": 38.5036897543789, "gamma": 22.20546290715098}, "datetime": {"datetime": "2021-05-07 16:29:15", "elapsed": 2033.868127, "delta": 112.885278}}
{"target": 7.227234840393066, "params": {"bins": 283.53511334211856, "fmin": 39.17627405000667, "gamma": 5.321214895162268}, "datetime": {"datetime": "2021-05-07 16:31:08", "elapsed": 2147.137433, "delta": 113.269306}}
{"target": 6.80088996887207, "params": {"bins": 281.48381415867595, "fmin": 59.37189598391165, "gamma": 21.39599613974798}, "datetime": {"datetime": "2021-05-07 16:32:57", "elapsed": 2256.226778, "delta": 109.089345}}
{"target": 7.191564559936523, "params": {"bins": 286.1951942027126, "fmin": 27.65099839749323, "gamma": 28.104705339197196}, "datetime": {"datetime": "2021-05-07 16:34:51", "elapsed": 2370.74101, "delta": 114.514232}}
{"target": 6.98825740814209, "params": {"bins": 263.99889568721585, "fmin": 28.369889900524846, "gamma": 45.60599229408241}, "datetime": {"datetime": "2021-05-07 16:36:47", "elapsed": 2486.133055, "delta": 115.392045}}
{"target": 6.592750072479248, "params": {"bins": 258.70849898317255, "fmin": 55.152729061226516, "gamma": 45.10437255865072}, "datetime": {"datetime": "2021-05-07 16:38:36", "elapsed": 2595.589125, "delta": 109.45607}}
{"target": 7.004034996032715, "params": {"bins": 306.52762821628846, "fmin": 27.897542686163803, "gamma": 10.745375291023565}, "datetime": {"datetime": "2021-05-07 16:40:33", "elapsed": 2711.977204, "delta": 116.388079}}
{"target": 6.869849681854248, "params": {"bins": 304.77062600571816, "fmin": 45.36798740103963, "gamma": 33.00079445374067}, "datetime": {"datetime": "2021-05-07 16:42:24", "elapsed": 2823.649679, "delta": 111.672475}}
{"target": 6.633012294769287, "params": {"bins": 93.19914498303835, "fmin": 45.57935787206947, "gamma": 55.031549850698354}, "datetime": {"datetime": "2021-05-07 16:44:15", "elapsed": 2934.64063, "delta": 110.990951}}
{"target": 7.143734931945801, "params": {"bins": 150.46011418449262, "fmin": 19.691419437087305, "gamma": 41.35690380562932}, "datetime": {"datetime": "2021-05-07 16:46:13", "elapsed": 3051.852352, "delta": 117.211722}}
{"target": 6.7803802490234375, "params": {"bins": 61.81047621466938, "fmin": 46.721434290353805, "gamma": 20.945834942360808}, "datetime": {"datetime": "2021-05-07 16:48:04", "elapsed": 3162.805362, "delta": 110.95301}}
{"target": 7.105794906616211, "params": {"bins": 252.70543144130764, "fmin": 32.28832062611308, "gamma": 0.5646159724394972}, "datetime": {"datetime": "2021-05-07 16:50:00", "elapsed": 3278.782189, "delta": 115.976827}}
{"target": 7.0933051109313965, "params": {"bins": 126.2900566931745, "fmin": 19.37952341139936, "gamma": 34.67612089858038}, "datetime": {"datetime": "2021-05-07 16:51:58", "elapsed": 3396.926145, "delta": 118.143956}}
{"target": 6.965102672576904, "params": {"bins": 97.62245830767654, "fmin": 15.0, "gamma": 41.95282766043925}, "datetime": {"datetime": "2021-05-07 16:53:59", "elapsed": 3518.321792, "delta": 121.395647}}
{"target": 6.945234775543213, "params": {"bins": 122.89801499522481, "fmin": 32.97901727222616, "gamma": 56.90736971469287}, "datetime": {"datetime": "2021-05-07 16:55:51", "elapsed": 3630.448525, "delta": 112.126733}}
{"target": 6.611087799072266, "params": {"bins": 152.2417304193999, "fmin": 29.349638839434036, "gamma": 67.11308785026672}, "datetime": {"datetime": "2021-05-07 16:57:44", "elapsed": 3742.994533, "delta": 112.546008}}
{"target": 6.614035129547119, "params": {"bins": 285.83970178976597, "fmin": 45.630494233323915, "gamma": 51.702766754241715}, "datetime": {"datetime": "2021-05-07 16:59:35", "elapsed": 3854.120892, "delta": 111.126359}}
{"target": 7.111474990844727, "params": {"bins": 308.9841100554015, "fmin": 16.269511657472798, "gamma": 36.89627233221587}, "datetime": {"datetime": "2021-05-07 17:01:35", "elapsed": 3974.008809, "delta": 119.887917}}
{"target": 6.993197441101074, "params": {"bins": 289.2988385247085, "fmin": 17.19025952564968, "gamma": 56.42532434724307}, "datetime": {"datetime": "2021-05-07 17:03:34", "elapsed": 4093.508209, "delta": 119.4994}}
{"target": 6.6235198974609375, "params": {"bins": 266.8607279375411, "fmin": 30.633207381200616, "gamma": 73.27266786242943}, "datetime": {"datetime": "2021-05-07 17:05:29", "elapsed": 4208.07662, "delta": 114.568411}}
{"target": 7.0583600997924805, "params": {"bins": 329.22028839617855, "fmin": 32.13796612420981, "gamma": 26.081888715682528}, "datetime": {"datetime": "2021-05-07 17:07:24", "elapsed": 4322.943525, "delta": 114.866905}}
{"target": 6.872247695922852, "params": {"bins": 329.41101627251567, "fmin": 59.068612287580386, "gamma": 22.12405828262834}, "datetime": {"datetime": "2021-05-07 17:09:15", "elapsed": 4434.137482, "delta": 111.193957}}
{"target": 7.094449996948242, "params": {"bins": 328.3702255417658, "fmin": 41.30375321063512, "gamma": 0.0}, "datetime": {"datetime": "2021-05-07 17:11:14", "elapsed": 4553.378, "delta": 119.240518}}
{"target": 7.0669121742248535, "params": {"bins": 331.6082077065119, "fmin": 16.820182634106317, "gamma": 7.702046887272473}, "datetime": {"datetime": "2021-05-07 17:13:17", "elapsed": 4675.808177, "delta": 122.430177}}
{"target": 7.038347244262695, "params": {"bins": 348.0, "fmin": 40.14560702385084, "gamma": 13.211551639505654}, "datetime": {"datetime": "2021-05-07 17:15:12", "elapsed": 4790.894388, "delta": 115.086211}}
{"target": 6.671562671661377, "params": {"bins": 311.6158055719806, "fmin": 32.71520242390706, "gamma": 57.02929290144388}, "datetime": {"datetime": "2021-05-07 17:17:09", "elapsed": 4908.21388, "delta": 117.319492}}
{"target": 6.776040077209473, "params": {"bins": 348.0, "fmin": 46.439657162397545, "gamma": 40.77106117360353}, "datetime": {"datetime": "2021-05-07 17:19:02", "elapsed": 5021.192062, "delta": 112.978182}}
{"target": 7.055062294006348, "params": {"bins": 346.0056055607826, "fmin": 15.640159063350596, "gamma": 34.69833518831824}, "datetime": {"datetime": "2021-05-07 17:21:07", "elapsed": 5146.529507, "delta": 125.337445}}
{"target": 7.033047676086426, "params": {"bins": 105.08098107790609, "fmin": 16.34427246629118, "gamma": 69.37003367435918}, "datetime": {"datetime": "2021-05-07 17:23:12", "elapsed": 5271.591139, "delta": 125.061632}}
{"target": 6.978964805603027, "params": {"bins": 219.15991100162094, "fmin": 15.806563281491725, "gamma": 19.42716124147005}, "datetime": {"datetime": "2021-05-07 17:25:17", "elapsed": 5396.418634, "delta": 124.827495}}
{"target": 7.116847515106201, "params": {"bins": 80.64841661049896, "fmin": 16.288362175171663, "gamma": 61.447451240031285}, "datetime": {"datetime": "2021-05-07 17:27:22", "elapsed": 5520.795501, "delta": 124.376867}}
{"target": 6.783002853393555, "params": {"bins": 88.9882971791131, "fmin": 31.931256995012287, "gamma": 84.52123919608894}, "datetime": {"datetime": "2021-05-07 17:29:19", "elapsed": 5638.686639, "delta": 117.891138}}
{"target": 6.597819805145264, "params": {"bins": 54.351464536982995, "fmin": 15.0, "gamma": 49.918086053810484}, "datetime": {"datetime": "2021-05-07 17:31:28", "elapsed": 5767.401827, "delta": 128.715188}}
{"target": 6.742517471313477, "params": {"bins": 120.01014437393852, "fmin": 33.41867183962495, "gamma": 85.91669301704478}, "datetime": {"datetime": "2021-05-07 17:33:23", "elapsed": 5882.528958, "delta": 115.127131}}
{"target": 6.671037673950195, "params": {"bins": 125.03120509728467, "fmin": 58.6373774825936, "gamma": 62.77330799753177}, "datetime": {"datetime": "2021-05-07 17:35:18", "elapsed": 5997.267797, "delta": 114.738839}}
{"target": 6.797329902648926, "params": {"bins": 59.38990385464104, "fmin": 17.456867354892346, "gamma": 17.345632804055178}, "datetime": {"datetime": "2021-05-07 17:37:21", "elapsed": 6120.269609, "delta": 123.001812}}
